[2024-09-15T23:56:52.874+0000] {local_task_job_runner.py:123} INFO - ::group::Pre task execution logs
[2024-09-15T23:56:53.080+0000] {taskinstance.py:2612} INFO - Dependencies all met for dep_context=non-requeueable deps ti=<TaskInstance: etl-cocktails.obtencion-operator manual__2024-09-15T23:47:40.757032+00:00 [queued]>
[2024-09-15T23:56:53.090+0000] {taskinstance.py:2612} INFO - Dependencies all met for dep_context=requeueable deps ti=<TaskInstance: etl-cocktails.obtencion-operator manual__2024-09-15T23:47:40.757032+00:00 [queued]>
[2024-09-15T23:56:53.091+0000] {taskinstance.py:2865} INFO - Starting attempt 1 of 4
[2024-09-15T23:56:53.104+0000] {taskinstance.py:2888} INFO - Executing <Task(PythonOperator): obtencion-operator> on 2024-09-15 23:47:40.757032+00:00
[2024-09-15T23:56:53.113+0000] {warnings.py:112} WARNING - /home/***/.local/lib/python3.12/site-packages/***/task/task_runner/standard_task_runner.py:70: DeprecationWarning: This process (pid=107) is multi-threaded, use of fork() may lead to deadlocks in the child.
  pid = os.fork()

[2024-09-15T23:56:53.115+0000] {standard_task_runner.py:72} INFO - Started process 109 to run task
[2024-09-15T23:56:53.116+0000] {standard_task_runner.py:104} INFO - Running: ['***', 'tasks', 'run', 'etl-cocktails', 'obtencion-operator', 'manual__2024-09-15T23:47:40.757032+00:00', '--job-id', '148', '--raw', '--subdir', 'DAGS_FOLDER/dag_etl_cocktails.py', '--cfg-path', '/tmp/tmpcd16fupq']
[2024-09-15T23:56:53.118+0000] {standard_task_runner.py:105} INFO - Job 148: Subtask obtencion-operator
[2024-09-15T23:56:53.172+0000] {task_command.py:467} INFO - Running <TaskInstance: etl-cocktails.obtencion-operator manual__2024-09-15T23:47:40.757032+00:00 [running]> on host e017cfcb5ccf
[2024-09-15T23:56:53.263+0000] {taskinstance.py:3131} INFO - Exporting env vars: AIRFLOW_CTX_DAG_OWNER='juansaobento' AIRFLOW_CTX_DAG_ID='etl-cocktails' AIRFLOW_CTX_TASK_ID='obtencion-operator' AIRFLOW_CTX_EXECUTION_DATE='2024-09-15T23:47:40.757032+00:00' AIRFLOW_CTX_TRY_NUMBER='1' AIRFLOW_CTX_DAG_RUN_ID='manual__2024-09-15T23:47:40.757032+00:00'
[2024-09-15T23:56:53.264+0000] {taskinstance.py:731} INFO - ::endgroup::
[2024-09-15T23:56:53.880+0000] {python.py:240} INFO - Done. Returned value was:   idDrink        strDrink  ... strCreativeCommonsConfirmed         dateModified
0   11157  Brandy Cobbler  ...                         Yes  2015-08-13 12:37:16

[1 rows x 51 columns]
[2024-09-15T23:56:54.394+0000] {taskinstance.py:340} INFO - ::group::Post task execution logs
[2024-09-15T23:56:54.395+0000] {taskinstance.py:352} INFO - Marking task as SUCCESS. dag_id=etl-cocktails, task_id=obtencion-operator, run_id=manual__2024-09-15T23:47:40.757032+00:00, execution_date=20240915T234740, start_date=20240915T235653, end_date=20240915T235654
[2024-09-15T23:56:54.459+0000] {local_task_job_runner.py:266} INFO - Task exited with return code 0
[2024-09-15T23:56:54.471+0000] {local_task_job_runner.py:245} INFO - ::endgroup::
