[2024-09-15T23:48:00.462+0000] {local_task_job_runner.py:123} INFO - ::group::Pre task execution logs
[2024-09-15T23:48:02.581+0000] {taskinstance.py:2612} INFO - Dependencies all met for dep_context=non-requeueable deps ti=<TaskInstance: etl-cocktails.obtencion-operator scheduled__2024-08-30T00:00:00+00:00 [queued]>
[2024-09-15T23:48:02.824+0000] {taskinstance.py:2612} INFO - Dependencies all met for dep_context=requeueable deps ti=<TaskInstance: etl-cocktails.obtencion-operator scheduled__2024-08-30T00:00:00+00:00 [queued]>
[2024-09-15T23:48:02.825+0000] {taskinstance.py:2865} INFO - Starting attempt 1 of 4
[2024-09-15T23:48:04.504+0000] {taskinstance.py:2888} INFO - Executing <Task(PythonOperator): obtencion-operator> on 2024-08-30 00:00:00+00:00
[2024-09-15T23:48:04.929+0000] {warnings.py:112} WARNING - /home/***/.local/lib/python3.12/site-packages/***/task/task_runner/standard_task_runner.py:70: DeprecationWarning: This process (pid=109) is multi-threaded, use of fork() may lead to deadlocks in the child.
  pid = os.fork()

[2024-09-15T23:48:05.367+0000] {standard_task_runner.py:72} INFO - Started process 242 to run task
[2024-09-15T23:48:05.425+0000] {standard_task_runner.py:104} INFO - Running: ['***', 'tasks', 'run', 'etl-cocktails', 'obtencion-operator', 'scheduled__2024-08-30T00:00:00+00:00', '--job-id', '107', '--raw', '--subdir', 'DAGS_FOLDER/dag_etl_cocktails.py', '--cfg-path', '/tmp/tmps0d5nfe_']
[2024-09-15T23:48:05.567+0000] {standard_task_runner.py:105} INFO - Job 107: Subtask obtencion-operator
[2024-09-15T23:48:07.936+0000] {task_command.py:467} INFO - Running <TaskInstance: etl-cocktails.obtencion-operator scheduled__2024-08-30T00:00:00+00:00 [running]> on host ef974a20a248
[2024-09-15T23:48:15.570+0000] {taskinstance.py:3131} INFO - Exporting env vars: AIRFLOW_CTX_DAG_OWNER='juansaobento' AIRFLOW_CTX_DAG_ID='etl-cocktails' AIRFLOW_CTX_TASK_ID='obtencion-operator' AIRFLOW_CTX_EXECUTION_DATE='2024-08-30T00:00:00+00:00' AIRFLOW_CTX_TRY_NUMBER='1' AIRFLOW_CTX_DAG_RUN_ID='scheduled__2024-08-30T00:00:00+00:00'
[2024-09-15T23:48:16.059+0000] {taskinstance.py:731} INFO - ::endgroup::
[2024-09-15T23:48:16.379+0000] {job.py:229} INFO - Heartbeat recovered after 379.18 seconds
[2024-09-15T23:48:23.109+0000] {python.py:240} INFO - Done. Returned value was:   idDrink strDrink  ... strCreativeCommonsConfirmed         dateModified
0   17218   Vesper  ...                          No  2017-09-02 18:48:34

[1 rows x 51 columns]
[2024-09-15T23:48:33.070+0000] {taskinstance.py:340} INFO - ::group::Post task execution logs
[2024-09-15T23:48:33.099+0000] {taskinstance.py:352} INFO - Marking task as SUCCESS. dag_id=etl-cocktails, task_id=obtencion-operator, run_id=scheduled__2024-08-30T00:00:00+00:00, execution_date=20240830T000000, start_date=20240915T234802, end_date=20240915T234833
[2024-09-15T23:48:33.514+0000] {local_task_job_runner.py:266} INFO - Task exited with return code 0
[2024-09-15T23:48:34.926+0000] {taskinstance.py:3900} INFO - 1 downstream tasks scheduled from follow-on schedule check
[2024-09-15T23:48:34.946+0000] {local_task_job_runner.py:245} INFO - ::endgroup::
