[2024-09-15T23:52:18.395+0000] {local_task_job_runner.py:123} INFO - ::group::Pre task execution logs
[2024-09-15T23:52:18.555+0000] {taskinstance.py:2612} INFO - Dependencies all met for dep_context=non-requeueable deps ti=<TaskInstance: etl-cocktails.obtencion-operator scheduled__2024-08-30T00:00:00+00:00 [queued]>
[2024-09-15T23:52:27.959+0000] {taskinstance.py:2612} INFO - Dependencies all met for dep_context=requeueable deps ti=<TaskInstance: etl-cocktails.obtencion-operator scheduled__2024-08-30T00:00:00+00:00 [queued]>
[2024-09-15T23:52:27.975+0000] {taskinstance.py:2865} INFO - Starting attempt 2 of 4
[2024-09-15T23:52:28.116+0000] {taskinstance.py:2888} INFO - Executing <Task(PythonOperator): obtencion-operator> on 2024-08-30 00:00:00+00:00
[2024-09-15T23:52:28.421+0000] {warnings.py:112} WARNING - /home/***/.local/lib/python3.12/site-packages/***/task/task_runner/standard_task_runner.py:70: DeprecationWarning: This process (pid=354) is multi-threaded, use of fork() may lead to deadlocks in the child.
  pid = os.fork()

[2024-09-15T23:52:28.651+0000] {standard_task_runner.py:72} INFO - Started process 378 to run task
[2024-09-15T23:52:28.842+0000] {standard_task_runner.py:104} INFO - Running: ['***', 'tasks', 'run', 'etl-cocktails', 'obtencion-operator', 'scheduled__2024-08-30T00:00:00+00:00', '--job-id', '135', '--raw', '--subdir', 'DAGS_FOLDER/dag_etl_cocktails.py', '--cfg-path', '/tmp/tmphgkwx_u_']
[2024-09-15T23:52:29.049+0000] {standard_task_runner.py:105} INFO - Job 135: Subtask obtencion-operator
[2024-09-15T23:52:31.084+0000] {task_command.py:467} INFO - Running <TaskInstance: etl-cocktails.obtencion-operator scheduled__2024-08-30T00:00:00+00:00 [running]> on host ef974a20a248
[2024-09-15T23:52:32.107+0000] {taskinstance.py:3131} INFO - Exporting env vars: AIRFLOW_CTX_DAG_OWNER='juansaobento' AIRFLOW_CTX_DAG_ID='etl-cocktails' AIRFLOW_CTX_TASK_ID='obtencion-operator' AIRFLOW_CTX_EXECUTION_DATE='2024-08-30T00:00:00+00:00' AIRFLOW_CTX_TRY_NUMBER='2' AIRFLOW_CTX_DAG_RUN_ID='scheduled__2024-08-30T00:00:00+00:00'
[2024-09-15T23:52:32.136+0000] {taskinstance.py:731} INFO - ::endgroup::
[2024-09-15T23:52:34.576+0000] {job.py:229} INFO - Heartbeat recovered after 16.71 seconds
[2024-09-15T23:52:34.192+0000] {python.py:240} INFO - Done. Returned value was:   idDrink          strDrink  ... strCreativeCommonsConfirmed dateModified
0  178308  Spritz Veneziano  ...                         Yes         None

[1 rows x 51 columns]
[2024-09-15T23:52:36.300+0000] {taskinstance.py:340} INFO - ::group::Post task execution logs
[2024-09-15T23:52:36.355+0000] {taskinstance.py:352} INFO - Marking task as SUCCESS. dag_id=etl-cocktails, task_id=obtencion-operator, run_id=scheduled__2024-08-30T00:00:00+00:00, execution_date=20240830T000000, start_date=20240915T235218, end_date=20240915T235236
[2024-09-15T23:52:37.307+0000] {local_task_job_runner.py:266} INFO - Task exited with return code 0
[2024-09-15T23:52:38.768+0000] {taskinstance.py:3900} INFO - 1 downstream tasks scheduled from follow-on schedule check
[2024-09-15T23:52:38.792+0000] {local_task_job_runner.py:245} INFO - ::endgroup::
[2024-09-15T23:52:38.885+0000] {standard_task_runner.py:217} INFO - Process not found (most likely exited), stop collecting metrics
