[2024-09-15T23:41:58.109+0000] {local_task_job_runner.py:123} INFO - ::group::Pre task execution logs
[2024-09-15T23:48:03.925+0000] {taskinstance.py:2612} INFO - Dependencies all met for dep_context=non-requeueable deps ti=<TaskInstance: etl-cocktails.obtencion-operator scheduled__2024-08-29T00:00:00+00:00 [queued]>
[2024-09-15T23:48:04.604+0000] {taskinstance.py:2612} INFO - Dependencies all met for dep_context=requeueable deps ti=<TaskInstance: etl-cocktails.obtencion-operator scheduled__2024-08-29T00:00:00+00:00 [queued]>
[2024-09-15T23:48:04.614+0000] {taskinstance.py:2865} INFO - Starting attempt 1 of 4
[2024-09-15T23:48:05.947+0000] {taskinstance.py:2888} INFO - Executing <Task(PythonOperator): obtencion-operator> on 2024-08-29 00:00:00+00:00
[2024-09-15T23:48:06.401+0000] {warnings.py:112} WARNING - /home/***/.local/lib/python3.12/site-packages/***/task/task_runner/standard_task_runner.py:70: DeprecationWarning: This process (pid=103) is multi-threaded, use of fork() may lead to deadlocks in the child.
  pid = os.fork()

[2024-09-15T23:48:06.664+0000] {standard_task_runner.py:72} INFO - Started process 244 to run task
[2024-09-15T23:48:07.031+0000] {standard_task_runner.py:104} INFO - Running: ['***', 'tasks', 'run', 'etl-cocktails', 'obtencion-operator', 'scheduled__2024-08-29T00:00:00+00:00', '--job-id', '108', '--raw', '--subdir', 'DAGS_FOLDER/dag_etl_cocktails.py', '--cfg-path', '/tmp/tmpfusxowxg']
[2024-09-15T23:48:07.473+0000] {standard_task_runner.py:105} INFO - Job 108: Subtask obtencion-operator
[2024-09-15T23:48:13.325+0000] {job.py:229} INFO - Heartbeat recovered after 375.84 seconds
[2024-09-15T23:48:13.488+0000] {task_command.py:467} INFO - Running <TaskInstance: etl-cocktails.obtencion-operator scheduled__2024-08-29T00:00:00+00:00 [running]> on host ef974a20a248
[2024-09-15T23:48:16.963+0000] {taskinstance.py:3131} INFO - Exporting env vars: AIRFLOW_CTX_DAG_OWNER='juansaobento' AIRFLOW_CTX_DAG_ID='etl-cocktails' AIRFLOW_CTX_TASK_ID='obtencion-operator' AIRFLOW_CTX_EXECUTION_DATE='2024-08-29T00:00:00+00:00' AIRFLOW_CTX_TRY_NUMBER='1' AIRFLOW_CTX_DAG_RUN_ID='scheduled__2024-08-29T00:00:00+00:00'
[2024-09-15T23:48:17.078+0000] {taskinstance.py:731} INFO - ::endgroup::
[2024-09-15T23:48:26.981+0000] {python.py:240} INFO - Done. Returned value was:   idDrink           strDrink  ... strCreativeCommonsConfirmed         dateModified
0   17201  Hemingway Special  ...                          No  2017-09-02 17:31:28

[1 rows x 51 columns]
[2024-09-15T23:48:33.047+0000] {taskinstance.py:340} INFO - ::group::Post task execution logs
[2024-09-15T23:48:33.051+0000] {taskinstance.py:352} INFO - Marking task as SUCCESS. dag_id=etl-cocktails, task_id=obtencion-operator, run_id=scheduled__2024-08-29T00:00:00+00:00, execution_date=20240829T000000, start_date=20240915T234804, end_date=20240915T234833
[2024-09-15T23:48:33.776+0000] {local_task_job_runner.py:266} INFO - Task exited with return code 0
[2024-09-15T23:48:34.794+0000] {taskinstance.py:3900} INFO - 0 downstream tasks scheduled from follow-on schedule check
[2024-09-15T23:48:34.853+0000] {local_task_job_runner.py:245} INFO - ::endgroup::
