[2024-09-16T00:06:47.501+0000] {local_task_job_runner.py:123} INFO - ::group::Pre task execution logs
[2024-09-16T00:06:47.517+0000] {taskinstance.py:2612} INFO - Dependencies all met for dep_context=non-requeueable deps ti=<TaskInstance: etl-cocktails.obtencion-operator scheduled__2024-09-09T00:00:00+00:00 [queued]>
[2024-09-16T00:06:47.530+0000] {taskinstance.py:2612} INFO - Dependencies all met for dep_context=requeueable deps ti=<TaskInstance: etl-cocktails.obtencion-operator scheduled__2024-09-09T00:00:00+00:00 [queued]>
[2024-09-16T00:06:47.532+0000] {taskinstance.py:2865} INFO - Starting attempt 2 of 4
[2024-09-16T00:06:47.721+0000] {taskinstance.py:2888} INFO - Executing <Task(PythonOperator): obtencion-operator> on 2024-09-09 00:00:00+00:00
[2024-09-16T00:06:47.740+0000] {warnings.py:112} WARNING - /home/***/.local/lib/python3.12/site-packages/***/task/task_runner/standard_task_runner.py:70: DeprecationWarning: This process (pid=302) is multi-threaded, use of fork() may lead to deadlocks in the child.
  pid = os.fork()

[2024-09-16T00:06:47.746+0000] {standard_task_runner.py:72} INFO - Started process 308 to run task
[2024-09-16T00:06:47.754+0000] {standard_task_runner.py:104} INFO - Running: ['***', 'tasks', 'run', 'etl-cocktails', 'obtencion-operator', 'scheduled__2024-09-09T00:00:00+00:00', '--job-id', '199', '--raw', '--subdir', 'DAGS_FOLDER/dag_etl_cocktails.py', '--cfg-path', '/tmp/tmp57e71lic']
[2024-09-16T00:06:47.762+0000] {standard_task_runner.py:105} INFO - Job 199: Subtask obtencion-operator
[2024-09-16T00:06:48.335+0000] {task_command.py:467} INFO - Running <TaskInstance: etl-cocktails.obtencion-operator scheduled__2024-09-09T00:00:00+00:00 [running]> on host 84e286ef6159
[2024-09-16T00:06:48.601+0000] {taskinstance.py:3131} INFO - Exporting env vars: AIRFLOW_CTX_DAG_OWNER='juansaobento' AIRFLOW_CTX_DAG_ID='etl-cocktails' AIRFLOW_CTX_TASK_ID='obtencion-operator' AIRFLOW_CTX_EXECUTION_DATE='2024-09-09T00:00:00+00:00' AIRFLOW_CTX_TRY_NUMBER='2' AIRFLOW_CTX_DAG_RUN_ID='scheduled__2024-09-09T00:00:00+00:00'
[2024-09-16T00:06:48.604+0000] {taskinstance.py:731} INFO - ::endgroup::
[2024-09-16T00:06:50.504+0000] {python.py:240} INFO - Done. Returned value was:   idDrink           strDrink  ... strCreativeCommonsConfirmed         dateModified
0   11326  Dubonnet Cocktail  ...                         Yes  2015-08-13 10:12:27

[1 rows x 51 columns]
[2024-09-16T00:06:50.598+0000] {taskinstance.py:340} INFO - ::group::Post task execution logs
[2024-09-16T00:06:50.599+0000] {taskinstance.py:352} INFO - Marking task as SUCCESS. dag_id=etl-cocktails, task_id=obtencion-operator, run_id=scheduled__2024-09-09T00:00:00+00:00, execution_date=20240909T000000, start_date=20240916T000647, end_date=20240916T000650
[2024-09-16T00:06:50.643+0000] {local_task_job_runner.py:266} INFO - Task exited with return code 0
[2024-09-16T00:06:50.840+0000] {taskinstance.py:3900} INFO - 1 downstream tasks scheduled from follow-on schedule check
[2024-09-16T00:06:50.843+0000] {local_task_job_runner.py:245} INFO - ::endgroup::
