[2024-09-16T00:02:08.523+0000] {local_task_job_runner.py:123} INFO - ::group::Pre task execution logs
[2024-09-16T00:02:08.548+0000] {taskinstance.py:2612} INFO - Dependencies all met for dep_context=non-requeueable deps ti=<TaskInstance: etl-cocktails.obtencion-operator manual__2024-09-15T23:56:49.463956+00:00 [queued]>
[2024-09-16T00:02:08.559+0000] {taskinstance.py:2612} INFO - Dependencies all met for dep_context=requeueable deps ti=<TaskInstance: etl-cocktails.obtencion-operator manual__2024-09-15T23:56:49.463956+00:00 [queued]>
[2024-09-16T00:02:08.560+0000] {taskinstance.py:2865} INFO - Starting attempt 2 of 4
[2024-09-16T00:02:08.580+0000] {taskinstance.py:2888} INFO - Executing <Task(PythonOperator): obtencion-operator> on 2024-09-15 23:56:49.463956+00:00
[2024-09-16T00:02:08.593+0000] {warnings.py:112} WARNING - /home/***/.local/lib/python3.12/site-packages/***/task/task_runner/standard_task_runner.py:70: DeprecationWarning: This process (pid=74) is multi-threaded, use of fork() may lead to deadlocks in the child.
  pid = os.fork()

[2024-09-16T00:02:08.597+0000] {standard_task_runner.py:72} INFO - Started process 77 to run task
[2024-09-16T00:02:08.594+0000] {standard_task_runner.py:104} INFO - Running: ['***', 'tasks', 'run', 'etl-cocktails', 'obtencion-operator', 'manual__2024-09-15T23:56:49.463956+00:00', '--job-id', '156', '--raw', '--subdir', 'DAGS_FOLDER/dag_etl_cocktails.py', '--cfg-path', '/tmp/tmp_f1ggu8f']
[2024-09-16T00:02:08.599+0000] {standard_task_runner.py:105} INFO - Job 156: Subtask obtencion-operator
[2024-09-16T00:02:09.689+0000] {task_command.py:467} INFO - Running <TaskInstance: etl-cocktails.obtencion-operator manual__2024-09-15T23:56:49.463956+00:00 [running]> on host 84e286ef6159
[2024-09-16T00:02:10.150+0000] {taskinstance.py:3131} INFO - Exporting env vars: AIRFLOW_CTX_DAG_OWNER='juansaobento' AIRFLOW_CTX_DAG_ID='etl-cocktails' AIRFLOW_CTX_TASK_ID='obtencion-operator' AIRFLOW_CTX_EXECUTION_DATE='2024-09-15T23:56:49.463956+00:00' AIRFLOW_CTX_TRY_NUMBER='2' AIRFLOW_CTX_DAG_RUN_ID='manual__2024-09-15T23:56:49.463956+00:00'
[2024-09-16T00:02:10.180+0000] {taskinstance.py:731} INFO - ::endgroup::
[2024-09-16T00:02:11.719+0000] {python.py:240} INFO - Done. Returned value was:   idDrink      strDrink  ... strCreativeCommonsConfirmed dateModified
0  178359  Kiwi Martini  ...                          No         None

[1 rows x 51 columns]
[2024-09-16T00:02:12.047+0000] {taskinstance.py:340} INFO - ::group::Post task execution logs
[2024-09-16T00:02:12.048+0000] {taskinstance.py:352} INFO - Marking task as SUCCESS. dag_id=etl-cocktails, task_id=obtencion-operator, run_id=manual__2024-09-15T23:56:49.463956+00:00, execution_date=20240915T235649, start_date=20240916T000208, end_date=20240916T000212
[2024-09-16T00:02:12.138+0000] {local_task_job_runner.py:266} INFO - Task exited with return code 0
[2024-09-16T00:02:12.386+0000] {local_task_job_runner.py:245} INFO - ::endgroup::
