[2024-09-16T00:06:11.676+0000] {local_task_job_runner.py:123} INFO - ::group::Pre task execution logs
[2024-09-16T00:06:14.339+0000] {taskinstance.py:2612} INFO - Dependencies all met for dep_context=non-requeueable deps ti=<TaskInstance: etl-cocktails.obtencion-operator scheduled__2024-09-13T00:00:00+00:00 [queued]>
[2024-09-16T00:06:14.388+0000] {taskinstance.py:2612} INFO - Dependencies all met for dep_context=requeueable deps ti=<TaskInstance: etl-cocktails.obtencion-operator scheduled__2024-09-13T00:00:00+00:00 [queued]>
[2024-09-16T00:06:14.389+0000] {taskinstance.py:2865} INFO - Starting attempt 1 of 4
[2024-09-16T00:06:14.456+0000] {taskinstance.py:2888} INFO - Executing <Task(PythonOperator): obtencion-operator> on 2024-09-13 00:00:00+00:00
[2024-09-16T00:06:14.476+0000] {warnings.py:112} WARNING - /home/***/.local/lib/python3.12/site-packages/***/task/task_runner/standard_task_runner.py:70: DeprecationWarning: This process (pid=233) is multi-threaded, use of fork() may lead to deadlocks in the child.
  pid = os.fork()

[2024-09-16T00:06:14.480+0000] {standard_task_runner.py:72} INFO - Started process 253 to run task
[2024-09-16T00:06:14.483+0000] {standard_task_runner.py:104} INFO - Running: ['***', 'tasks', 'run', 'etl-cocktails', 'obtencion-operator', 'scheduled__2024-09-13T00:00:00+00:00', '--job-id', '184', '--raw', '--subdir', 'DAGS_FOLDER/dag_etl_cocktails.py', '--cfg-path', '/tmp/tmphwoq6k_7']
[2024-09-16T00:06:14.498+0000] {standard_task_runner.py:105} INFO - Job 184: Subtask obtencion-operator
[2024-09-16T00:06:14.737+0000] {task_command.py:467} INFO - Running <TaskInstance: etl-cocktails.obtencion-operator scheduled__2024-09-13T00:00:00+00:00 [running]> on host 84e286ef6159
[2024-09-16T00:06:15.885+0000] {taskinstance.py:3131} INFO - Exporting env vars: AIRFLOW_CTX_DAG_OWNER='juansaobento' AIRFLOW_CTX_DAG_ID='etl-cocktails' AIRFLOW_CTX_TASK_ID='obtencion-operator' AIRFLOW_CTX_EXECUTION_DATE='2024-09-13T00:00:00+00:00' AIRFLOW_CTX_TRY_NUMBER='1' AIRFLOW_CTX_DAG_RUN_ID='scheduled__2024-09-13T00:00:00+00:00'
[2024-09-16T00:06:15.897+0000] {taskinstance.py:731} INFO - ::endgroup::
[2024-09-16T00:06:16.671+0000] {python.py:240} INFO - Done. Returned value was:   idDrink  ...         dateModified
0   12720  ...  2017-02-20 15:10:15

[1 rows x 51 columns]
[2024-09-16T00:06:16.945+0000] {taskinstance.py:340} INFO - ::group::Post task execution logs
[2024-09-16T00:06:16.946+0000] {taskinstance.py:352} INFO - Marking task as SUCCESS. dag_id=etl-cocktails, task_id=obtencion-operator, run_id=scheduled__2024-09-13T00:00:00+00:00, execution_date=20240913T000000, start_date=20240916T000614, end_date=20240916T000616
[2024-09-16T00:06:17.009+0000] {local_task_job_runner.py:266} INFO - Task exited with return code 0
[2024-09-16T00:06:17.049+0000] {taskinstance.py:3900} INFO - 1 downstream tasks scheduled from follow-on schedule check
[2024-09-16T00:06:17.052+0000] {local_task_job_runner.py:245} INFO - ::endgroup::
