[2024-09-16T00:06:13.212+0000] {local_task_job_runner.py:123} INFO - ::group::Pre task execution logs
[2024-09-16T00:06:13.286+0000] {taskinstance.py:2612} INFO - Dependencies all met for dep_context=non-requeueable deps ti=<TaskInstance: etl-cocktails.obtencion-operator scheduled__2024-09-11T00:00:00+00:00 [queued]>
[2024-09-16T00:06:13.334+0000] {taskinstance.py:2612} INFO - Dependencies all met for dep_context=requeueable deps ti=<TaskInstance: etl-cocktails.obtencion-operator scheduled__2024-09-11T00:00:00+00:00 [queued]>
[2024-09-16T00:06:13.338+0000] {taskinstance.py:2865} INFO - Starting attempt 1 of 4
[2024-09-16T00:06:13.406+0000] {taskinstance.py:2888} INFO - Executing <Task(PythonOperator): obtencion-operator> on 2024-09-11 00:00:00+00:00
[2024-09-16T00:06:13.433+0000] {standard_task_runner.py:104} INFO - Running: ['***', 'tasks', 'run', 'etl-cocktails', 'obtencion-operator', 'scheduled__2024-09-11T00:00:00+00:00', '--job-id', '186', '--raw', '--subdir', 'DAGS_FOLDER/dag_etl_cocktails.py', '--cfg-path', '/tmp/tmpajifz4dg']
[2024-09-16T00:06:13.440+0000] {warnings.py:112} WARNING - /home/***/.local/lib/python3.12/site-packages/***/task/task_runner/standard_task_runner.py:70: DeprecationWarning: This process (pid=232) is multi-threaded, use of fork() may lead to deadlocks in the child.
  pid = os.fork()

[2024-09-16T00:06:13.448+0000] {standard_task_runner.py:105} INFO - Job 186: Subtask obtencion-operator
[2024-09-16T00:06:13.448+0000] {standard_task_runner.py:72} INFO - Started process 251 to run task
[2024-09-16T00:06:13.631+0000] {task_command.py:467} INFO - Running <TaskInstance: etl-cocktails.obtencion-operator scheduled__2024-09-11T00:00:00+00:00 [running]> on host 84e286ef6159
[2024-09-16T00:06:16.886+0000] {taskinstance.py:3131} INFO - Exporting env vars: AIRFLOW_CTX_DAG_OWNER='juansaobento' AIRFLOW_CTX_DAG_ID='etl-cocktails' AIRFLOW_CTX_TASK_ID='obtencion-operator' AIRFLOW_CTX_EXECUTION_DATE='2024-09-11T00:00:00+00:00' AIRFLOW_CTX_TRY_NUMBER='1' AIRFLOW_CTX_DAG_RUN_ID='scheduled__2024-09-11T00:00:00+00:00'
[2024-09-16T00:06:16.888+0000] {taskinstance.py:731} INFO - ::endgroup::
[2024-09-16T00:06:17.527+0000] {python.py:240} INFO - Done. Returned value was:   idDrink           strDrink  ... strCreativeCommonsConfirmed         dateModified
0   11326  Dubonnet Cocktail  ...                         Yes  2015-08-13 10:12:27

[1 rows x 51 columns]
[2024-09-16T00:06:17.943+0000] {taskinstance.py:340} INFO - ::group::Post task execution logs
[2024-09-16T00:06:17.944+0000] {taskinstance.py:352} INFO - Marking task as SUCCESS. dag_id=etl-cocktails, task_id=obtencion-operator, run_id=scheduled__2024-09-11T00:00:00+00:00, execution_date=20240911T000000, start_date=20240916T000613, end_date=20240916T000617
[2024-09-16T00:06:18.071+0000] {local_task_job_runner.py:266} INFO - Task exited with return code 0
[2024-09-16T00:06:18.180+0000] {taskinstance.py:3900} INFO - 1 downstream tasks scheduled from follow-on schedule check
[2024-09-16T00:06:18.197+0000] {local_task_job_runner.py:245} INFO - ::endgroup::
