[2024-09-15T23:57:47.439+0000] {local_task_job_runner.py:123} INFO - ::group::Pre task execution logs
[2024-09-15T23:57:47.819+0000] {taskinstance.py:2612} INFO - Dependencies all met for dep_context=non-requeueable deps ti=<TaskInstance: etl-cocktails.obtencion-operator manual__2024-09-15T23:50:24.410415+00:00 [queued]>
[2024-09-15T23:57:47.830+0000] {taskinstance.py:2612} INFO - Dependencies all met for dep_context=requeueable deps ti=<TaskInstance: etl-cocktails.obtencion-operator manual__2024-09-15T23:50:24.410415+00:00 [queued]>
[2024-09-15T23:57:47.831+0000] {taskinstance.py:2865} INFO - Starting attempt 1 of 4
[2024-09-15T23:57:47.846+0000] {taskinstance.py:2888} INFO - Executing <Task(PythonOperator): obtencion-operator> on 2024-09-15 23:50:24.410415+00:00
[2024-09-15T23:57:47.854+0000] {warnings.py:112} WARNING - /home/***/.local/lib/python3.12/site-packages/***/task/task_runner/standard_task_runner.py:70: DeprecationWarning: This process (pid=129) is multi-threaded, use of fork() may lead to deadlocks in the child.
  pid = os.fork()

[2024-09-15T23:57:47.856+0000] {standard_task_runner.py:72} INFO - Started process 133 to run task
[2024-09-15T23:57:47.856+0000] {standard_task_runner.py:104} INFO - Running: ['***', 'tasks', 'run', 'etl-cocktails', 'obtencion-operator', 'manual__2024-09-15T23:50:24.410415+00:00', '--job-id', '152', '--raw', '--subdir', 'DAGS_FOLDER/dag_etl_cocktails.py', '--cfg-path', '/tmp/tmprxr64r1w']
[2024-09-15T23:57:47.858+0000] {standard_task_runner.py:105} INFO - Job 152: Subtask obtencion-operator
[2024-09-15T23:57:47.901+0000] {task_command.py:467} INFO - Running <TaskInstance: etl-cocktails.obtencion-operator manual__2024-09-15T23:50:24.410415+00:00 [running]> on host e017cfcb5ccf
[2024-09-15T23:57:47.974+0000] {taskinstance.py:3131} INFO - Exporting env vars: AIRFLOW_CTX_DAG_OWNER='juansaobento' AIRFLOW_CTX_DAG_ID='etl-cocktails' AIRFLOW_CTX_TASK_ID='obtencion-operator' AIRFLOW_CTX_EXECUTION_DATE='2024-09-15T23:50:24.410415+00:00' AIRFLOW_CTX_TRY_NUMBER='1' AIRFLOW_CTX_DAG_RUN_ID='manual__2024-09-15T23:50:24.410415+00:00'
[2024-09-15T23:57:47.976+0000] {taskinstance.py:731} INFO - ::endgroup::
[2024-09-15T23:57:48.778+0000] {python.py:240} INFO - Done. Returned value was:   idDrink  ...         dateModified
0   17233  ...  2017-11-01 15:46:51

[1 rows x 51 columns]
[2024-09-15T23:57:48.934+0000] {taskinstance.py:340} INFO - ::group::Post task execution logs
[2024-09-15T23:57:48.935+0000] {taskinstance.py:352} INFO - Marking task as SUCCESS. dag_id=etl-cocktails, task_id=obtencion-operator, run_id=manual__2024-09-15T23:50:24.410415+00:00, execution_date=20240915T235024, start_date=20240915T235747, end_date=20240915T235748
[2024-09-15T23:57:48.995+0000] {local_task_job_runner.py:266} INFO - Task exited with return code 0
[2024-09-15T23:57:49.019+0000] {taskinstance.py:3900} INFO - 1 downstream tasks scheduled from follow-on schedule check
[2024-09-15T23:57:49.021+0000] {local_task_job_runner.py:245} INFO - ::endgroup::
