[2024-09-15T23:52:10.628+0000] {local_task_job_runner.py:123} INFO - ::group::Pre task execution logs
[2024-09-15T23:52:10.712+0000] {taskinstance.py:2612} INFO - Dependencies all met for dep_context=non-requeueable deps ti=<TaskInstance: etl-cocktails.obtencion-operator scheduled__2024-09-01T00:00:00+00:00 [queued]>
[2024-09-15T23:52:11.436+0000] {taskinstance.py:2612} INFO - Dependencies all met for dep_context=requeueable deps ti=<TaskInstance: etl-cocktails.obtencion-operator scheduled__2024-09-01T00:00:00+00:00 [queued]>
[2024-09-15T23:52:11.451+0000] {taskinstance.py:2865} INFO - Starting attempt 2 of 4
[2024-09-15T23:52:11.478+0000] {taskinstance.py:2888} INFO - Executing <Task(PythonOperator): obtencion-operator> on 2024-09-01 00:00:00+00:00
[2024-09-15T23:52:11.701+0000] {warnings.py:112} WARNING - /home/***/.local/lib/python3.12/site-packages/***/task/task_runner/standard_task_runner.py:70: DeprecationWarning: This process (pid=351) is multi-threaded, use of fork() may lead to deadlocks in the child.
  pid = os.fork()

[2024-09-15T23:52:11.721+0000] {standard_task_runner.py:72} INFO - Started process 361 to run task
[2024-09-15T23:52:11.733+0000] {standard_task_runner.py:104} INFO - Running: ['***', 'tasks', 'run', 'etl-cocktails', 'obtencion-operator', 'scheduled__2024-09-01T00:00:00+00:00', '--job-id', '133', '--raw', '--subdir', 'DAGS_FOLDER/dag_etl_cocktails.py', '--cfg-path', '/tmp/tmpg60ucd8_']
[2024-09-15T23:52:11.751+0000] {standard_task_runner.py:105} INFO - Job 133: Subtask obtencion-operator
[2024-09-15T23:52:12.443+0000] {task_command.py:467} INFO - Running <TaskInstance: etl-cocktails.obtencion-operator scheduled__2024-09-01T00:00:00+00:00 [running]> on host ef974a20a248
[2024-09-15T23:52:13.222+0000] {taskinstance.py:3131} INFO - Exporting env vars: AIRFLOW_CTX_DAG_OWNER='juansaobento' AIRFLOW_CTX_DAG_ID='etl-cocktails' AIRFLOW_CTX_TASK_ID='obtencion-operator' AIRFLOW_CTX_EXECUTION_DATE='2024-09-01T00:00:00+00:00' AIRFLOW_CTX_TRY_NUMBER='2' AIRFLOW_CTX_DAG_RUN_ID='scheduled__2024-09-01T00:00:00+00:00'
[2024-09-15T23:52:13.229+0000] {taskinstance.py:731} INFO - ::endgroup::
[2024-09-15T23:52:14.334+0000] {python.py:240} INFO - Done. Returned value was:   idDrink    strDrink  ... strCreativeCommonsConfirmed         dateModified
0   12308  Stone Sour  ...                          No  2016-09-01 09:51:35

[1 rows x 51 columns]
[2024-09-15T23:52:18.332+0000] {taskinstance.py:340} INFO - ::group::Post task execution logs
[2024-09-15T23:52:18.336+0000] {taskinstance.py:352} INFO - Marking task as SUCCESS. dag_id=etl-cocktails, task_id=obtencion-operator, run_id=scheduled__2024-09-01T00:00:00+00:00, execution_date=20240901T000000, start_date=20240915T235210, end_date=20240915T235218
[2024-09-15T23:52:18.546+0000] {local_task_job_runner.py:266} INFO - Task exited with return code 0
[2024-09-15T23:52:18.620+0000] {local_task_job_runner.py:245} INFO - ::endgroup::
