[2024-09-15T23:46:26.235+0000] {local_task_job_runner.py:123} INFO - ::group::Pre task execution logs
[2024-09-15T23:46:26.713+0000] {taskinstance.py:2612} INFO - Dependencies all met for dep_context=non-requeueable deps ti=<TaskInstance: etl-cocktails.obtencion-operator scheduled__2024-08-25T00:00:00+00:00 [queued]>
[2024-09-15T23:46:37.335+0000] {taskinstance.py:2612} INFO - Dependencies all met for dep_context=requeueable deps ti=<TaskInstance: etl-cocktails.obtencion-operator scheduled__2024-08-25T00:00:00+00:00 [queued]>
[2024-09-15T23:46:40.891+0000] {taskinstance.py:2865} INFO - Starting attempt 2 of 4
[2024-09-15T23:46:42.618+0000] {taskinstance.py:2888} INFO - Executing <Task(PythonOperator): obtencion-operator> on 2024-08-25 00:00:00+00:00
[2024-09-15T23:46:44.028+0000] {warnings.py:112} WARNING - /home/***/.local/lib/python3.12/site-packages/***/task/task_runner/standard_task_runner.py:70: DeprecationWarning: This process (pid=172) is multi-threaded, use of fork() may lead to deadlocks in the child.
  pid = os.fork()

[2024-09-15T23:46:44.542+0000] {standard_task_runner.py:72} INFO - Started process 204 to run task
[2024-09-15T23:46:44.301+0000] {standard_task_runner.py:104} INFO - Running: ['***', 'tasks', 'run', 'etl-cocktails', 'obtencion-operator', 'scheduled__2024-08-25T00:00:00+00:00', '--job-id', '112', '--raw', '--subdir', 'DAGS_FOLDER/dag_etl_cocktails.py', '--cfg-path', '/tmp/tmpenynp9tw']
[2024-09-15T23:46:44.874+0000] {standard_task_runner.py:105} INFO - Job 112: Subtask obtencion-operator
[2024-09-15T23:46:47.606+0000] {task_command.py:467} INFO - Running <TaskInstance: etl-cocktails.obtencion-operator scheduled__2024-08-25T00:00:00+00:00 [running]> on host ef974a20a248
[2024-09-15T23:46:50.320+0000] {job.py:229} INFO - Heartbeat recovered after 24.79 seconds
[2024-09-15T23:48:55.707+0000] {taskinstance.py:3131} INFO - Exporting env vars: AIRFLOW_CTX_DAG_OWNER='juansaobento' AIRFLOW_CTX_DAG_ID='etl-cocktails' AIRFLOW_CTX_TASK_ID='obtencion-operator' AIRFLOW_CTX_EXECUTION_DATE='2024-08-25T00:00:00+00:00' AIRFLOW_CTX_TRY_NUMBER='2' AIRFLOW_CTX_DAG_RUN_ID='scheduled__2024-08-25T00:00:00+00:00'
[2024-09-15T23:48:55.734+0000] {taskinstance.py:731} INFO - ::endgroup::
[2024-09-15T23:48:57.347+0000] {python.py:240} INFO - Done. Returned value was:   idDrink        strDrink  ... strCreativeCommonsConfirmed         dateModified
0   17213  French Martini  ...                          No  2017-09-02 18:25:34

[1 rows x 51 columns]
[2024-09-15T23:48:59.283+0000] {taskinstance.py:340} INFO - ::group::Post task execution logs
[2024-09-15T23:48:59.295+0000] {taskinstance.py:352} INFO - Marking task as SUCCESS. dag_id=etl-cocktails, task_id=obtencion-operator, run_id=scheduled__2024-08-25T00:00:00+00:00, execution_date=20240825T000000, start_date=20240915T234626, end_date=20240915T234859
[2024-09-15T23:48:59.959+0000] {local_task_job_runner.py:266} INFO - Task exited with return code 0
[2024-09-15T23:49:01.624+0000] {taskinstance.py:3900} INFO - 0 downstream tasks scheduled from follow-on schedule check
[2024-09-15T23:49:01.675+0000] {local_task_job_runner.py:245} INFO - ::endgroup::
