[2024-09-15T23:41:57.289+0000] {local_task_job_runner.py:123} INFO - ::group::Pre task execution logs
[2024-09-15T23:46:12.253+0000] {taskinstance.py:2612} INFO - Dependencies all met for dep_context=non-requeueable deps ti=<TaskInstance: etl-cocktails.obtencion-operator scheduled__2024-09-05T00:00:00+00:00 [queued]>
[2024-09-15T23:46:25.569+0000] {taskinstance.py:2612} INFO - Dependencies all met for dep_context=requeueable deps ti=<TaskInstance: etl-cocktails.obtencion-operator scheduled__2024-09-05T00:00:00+00:00 [queued]>
[2024-09-15T23:46:25.577+0000] {taskinstance.py:2865} INFO - Starting attempt 1 of 4
[2024-09-15T23:46:26.537+0000] {taskinstance.py:2888} INFO - Executing <Task(PythonOperator): obtencion-operator> on 2024-09-05 00:00:00+00:00
[2024-09-15T23:46:42.226+0000] {warnings.py:112} WARNING - /home/***/.local/lib/python3.12/site-packages/***/task/task_runner/standard_task_runner.py:70: DeprecationWarning: This process (pid=125) is multi-threaded, use of fork() may lead to deadlocks in the child.
  pid = os.fork()

[2024-09-15T23:46:42.483+0000] {standard_task_runner.py:72} INFO - Started process 201 to run task
[2024-09-15T23:46:42.550+0000] {standard_task_runner.py:104} INFO - Running: ['***', 'tasks', 'run', 'etl-cocktails', 'obtencion-operator', 'scheduled__2024-09-05T00:00:00+00:00', '--job-id', '103', '--raw', '--subdir', 'DAGS_FOLDER/dag_etl_cocktails.py', '--cfg-path', '/tmp/tmp8frhhxku']
[2024-09-15T23:46:43.188+0000] {standard_task_runner.py:105} INFO - Job 103: Subtask obtencion-operator
[2024-09-15T23:46:48.402+0000] {task_command.py:467} INFO - Running <TaskInstance: etl-cocktails.obtencion-operator scheduled__2024-09-05T00:00:00+00:00 [running]> on host ef974a20a248
[2024-09-15T23:46:48.605+0000] {job.py:229} INFO - Heartbeat recovered after 292.11 seconds
[2024-09-15T23:46:51.649+0000] {taskinstance.py:3131} INFO - Exporting env vars: AIRFLOW_CTX_DAG_OWNER='juansaobento' AIRFLOW_CTX_DAG_ID='etl-cocktails' AIRFLOW_CTX_TASK_ID='obtencion-operator' AIRFLOW_CTX_EXECUTION_DATE='2024-09-05T00:00:00+00:00' AIRFLOW_CTX_TRY_NUMBER='1' AIRFLOW_CTX_DAG_RUN_ID='scheduled__2024-09-05T00:00:00+00:00'
[2024-09-15T23:46:52.154+0000] {taskinstance.py:731} INFO - ::endgroup::
[2024-09-15T23:46:57.298+0000] {python.py:240} INFO - Done. Returned value was:   idDrink  ...         dateModified
0   11391  ...  2017-09-06 23:14:57

[1 rows x 51 columns]
[2024-09-15T23:47:04.298+0000] {taskinstance.py:340} INFO - ::group::Post task execution logs
[2024-09-15T23:47:04.308+0000] {taskinstance.py:352} INFO - Marking task as SUCCESS. dag_id=etl-cocktails, task_id=obtencion-operator, run_id=scheduled__2024-09-05T00:00:00+00:00, execution_date=20240905T000000, start_date=20240915T234624, end_date=20240915T234704
[2024-09-15T23:47:05.477+0000] {local_task_job_runner.py:266} INFO - Task exited with return code 0
[2024-09-15T23:47:07.558+0000] {taskinstance.py:3900} INFO - 0 downstream tasks scheduled from follow-on schedule check
[2024-09-15T23:47:07.588+0000] {local_task_job_runner.py:245} INFO - ::endgroup::
