[2024-09-15T23:42:10.847+0000] {local_task_job_runner.py:123} INFO - ::group::Pre task execution logs
[2024-09-15T23:45:55.355+0000] {taskinstance.py:2612} INFO - Dependencies all met for dep_context=non-requeueable deps ti=<TaskInstance: etl-cocktails.obtencion-operator scheduled__2024-09-08T00:00:00+00:00 [queued]>
[2024-09-15T23:45:55.680+0000] {taskinstance.py:2612} INFO - Dependencies all met for dep_context=requeueable deps ti=<TaskInstance: etl-cocktails.obtencion-operator scheduled__2024-09-08T00:00:00+00:00 [queued]>
[2024-09-15T23:45:55.691+0000] {taskinstance.py:2865} INFO - Starting attempt 1 of 4
[2024-09-15T23:45:56.253+0000] {taskinstance.py:2888} INFO - Executing <Task(PythonOperator): obtencion-operator> on 2024-09-08 00:00:00+00:00
[2024-09-15T23:45:57.412+0000] {warnings.py:112} WARNING - /home/***/.local/lib/python3.12/site-packages/***/task/task_runner/standard_task_runner.py:70: DeprecationWarning: This process (pid=126) is multi-threaded, use of fork() may lead to deadlocks in the child.
  pid = os.fork()

[2024-09-15T23:45:57.480+0000] {standard_task_runner.py:72} INFO - Started process 188 to run task
[2024-09-15T23:46:04.674+0000] {standard_task_runner.py:104} INFO - Running: ['***', 'tasks', 'run', 'etl-cocktails', 'obtencion-operator', 'scheduled__2024-09-08T00:00:00+00:00', '--job-id', '110', '--raw', '--subdir', 'DAGS_FOLDER/dag_etl_cocktails.py', '--cfg-path', '/tmp/tmp609nr3s0']
[2024-09-15T23:46:05.070+0000] {standard_task_runner.py:105} INFO - Job 110: Subtask obtencion-operator
[2024-09-15T23:46:09.261+0000] {task_command.py:467} INFO - Running <TaskInstance: etl-cocktails.obtencion-operator scheduled__2024-09-08T00:00:00+00:00 [running]> on host ef974a20a248
[2024-09-15T23:46:16.009+0000] {taskinstance.py:3131} INFO - Exporting env vars: AIRFLOW_CTX_DAG_OWNER='juansaobento' AIRFLOW_CTX_DAG_ID='etl-cocktails' AIRFLOW_CTX_TASK_ID='obtencion-operator' AIRFLOW_CTX_EXECUTION_DATE='2024-09-08T00:00:00+00:00' AIRFLOW_CTX_TRY_NUMBER='1' AIRFLOW_CTX_DAG_RUN_ID='scheduled__2024-09-08T00:00:00+00:00'
[2024-09-15T23:46:16.351+0000] {taskinstance.py:731} INFO - ::endgroup::
[2024-09-15T23:46:23.204+0000] {job.py:229} INFO - Heartbeat recovered after 253.67 seconds
[2024-09-15T23:46:46.254+0000] {job.py:229} INFO - Heartbeat recovered after 15.88 seconds
[2024-09-15T23:46:26.643+0000] {python.py:240} INFO - Done. Returned value was:   idDrink       strDrink  ... strCreativeCommonsConfirmed         dateModified
0   11798  Monkey Wrench  ...                         Yes  2017-09-02 12:55:14

[1 rows x 51 columns]
[2024-09-15T23:46:54.290+0000] {taskinstance.py:340} INFO - ::group::Post task execution logs
[2024-09-15T23:46:54.358+0000] {taskinstance.py:352} INFO - Marking task as SUCCESS. dag_id=etl-cocktails, task_id=obtencion-operator, run_id=scheduled__2024-09-08T00:00:00+00:00, execution_date=20240908T000000, start_date=20240915T234555, end_date=20240915T234654
[2024-09-15T23:46:55.307+0000] {local_task_job_runner.py:266} INFO - Task exited with return code 0
[2024-09-15T23:46:55.713+0000] {standard_task_runner.py:217} INFO - Process not found (most likely exited), stop collecting metrics
[2024-09-15T23:46:56.290+0000] {local_task_job_runner.py:245} INFO - ::endgroup::
