[2024-09-16T00:00:55.689+0000] {processor.py:186} INFO - Started process (PID=64) to work on /opt/airflow/dags/__init__.py
[2024-09-16T00:00:55.690+0000] {processor.py:914} INFO - Processing file /opt/airflow/dags/__init__.py for tasks to queue
[2024-09-16T00:00:55.695+0000] {logging_mixin.py:190} INFO - [2024-09-16T00:00:55.694+0000] {dagbag.py:587} INFO - Filling up the DagBag from /opt/airflow/dags/__init__.py
[2024-09-16T00:01:06.734+0000] {processor.py:927} WARNING - No viable dags retrieved from /opt/airflow/dags/__init__.py
[2024-09-16T00:01:09.089+0000] {processor.py:208} INFO - Processing /opt/airflow/dags/__init__.py took 13.426 seconds
[2024-09-16T00:01:46.931+0000] {processor.py:186} INFO - Started process (PID=91) to work on /opt/airflow/dags/__init__.py
[2024-09-16T00:01:46.944+0000] {processor.py:914} INFO - Processing file /opt/airflow/dags/__init__.py for tasks to queue
[2024-09-16T00:01:46.956+0000] {logging_mixin.py:190} INFO - [2024-09-16T00:01:46.955+0000] {dagbag.py:587} INFO - Filling up the DagBag from /opt/airflow/dags/__init__.py
[2024-09-16T00:01:48.388+0000] {processor.py:927} WARNING - No viable dags retrieved from /opt/airflow/dags/__init__.py
[2024-09-16T00:01:48.408+0000] {processor.py:208} INFO - Processing /opt/airflow/dags/__init__.py took 1.527 seconds
[2024-09-16T00:02:19.003+0000] {processor.py:186} INFO - Started process (PID=107) to work on /opt/airflow/dags/__init__.py
[2024-09-16T00:02:19.006+0000] {processor.py:914} INFO - Processing file /opt/airflow/dags/__init__.py for tasks to queue
[2024-09-16T00:02:19.013+0000] {logging_mixin.py:190} INFO - [2024-09-16T00:02:19.012+0000] {dagbag.py:587} INFO - Filling up the DagBag from /opt/airflow/dags/__init__.py
[2024-09-16T00:02:22.964+0000] {processor.py:927} WARNING - No viable dags retrieved from /opt/airflow/dags/__init__.py
[2024-09-16T00:02:22.978+0000] {processor.py:208} INFO - Processing /opt/airflow/dags/__init__.py took 3.988 seconds
[2024-09-16T00:02:53.369+0000] {processor.py:186} INFO - Started process (PID=121) to work on /opt/airflow/dags/__init__.py
[2024-09-16T00:02:53.370+0000] {processor.py:914} INFO - Processing file /opt/airflow/dags/__init__.py for tasks to queue
[2024-09-16T00:02:53.373+0000] {logging_mixin.py:190} INFO - [2024-09-16T00:02:53.373+0000] {dagbag.py:587} INFO - Filling up the DagBag from /opt/airflow/dags/__init__.py
[2024-09-16T00:02:53.814+0000] {processor.py:927} WARNING - No viable dags retrieved from /opt/airflow/dags/__init__.py
[2024-09-16T00:02:53.823+0000] {processor.py:208} INFO - Processing /opt/airflow/dags/__init__.py took 0.459 seconds
[2024-09-16T00:03:23.928+0000] {processor.py:186} INFO - Started process (PID=131) to work on /opt/airflow/dags/__init__.py
[2024-09-16T00:03:23.931+0000] {processor.py:914} INFO - Processing file /opt/airflow/dags/__init__.py for tasks to queue
[2024-09-16T00:03:23.941+0000] {logging_mixin.py:190} INFO - [2024-09-16T00:03:23.935+0000] {dagbag.py:587} INFO - Filling up the DagBag from /opt/airflow/dags/__init__.py
[2024-09-16T00:03:24.582+0000] {processor.py:927} WARNING - No viable dags retrieved from /opt/airflow/dags/__init__.py
[2024-09-16T00:03:24.594+0000] {processor.py:208} INFO - Processing /opt/airflow/dags/__init__.py took 0.672 seconds
[2024-09-16T00:03:55.433+0000] {processor.py:186} INFO - Started process (PID=141) to work on /opt/airflow/dags/__init__.py
[2024-09-16T00:03:55.434+0000] {processor.py:914} INFO - Processing file /opt/airflow/dags/__init__.py for tasks to queue
[2024-09-16T00:03:55.437+0000] {logging_mixin.py:190} INFO - [2024-09-16T00:03:55.436+0000] {dagbag.py:587} INFO - Filling up the DagBag from /opt/airflow/dags/__init__.py
[2024-09-16T00:03:55.954+0000] {processor.py:927} WARNING - No viable dags retrieved from /opt/airflow/dags/__init__.py
[2024-09-16T00:03:55.967+0000] {processor.py:208} INFO - Processing /opt/airflow/dags/__init__.py took 0.542 seconds
[2024-09-16T00:04:29.522+0000] {processor.py:186} INFO - Started process (PID=161) to work on /opt/airflow/dags/__init__.py
[2024-09-16T00:04:29.527+0000] {processor.py:914} INFO - Processing file /opt/airflow/dags/__init__.py for tasks to queue
[2024-09-16T00:04:29.574+0000] {logging_mixin.py:190} INFO - [2024-09-16T00:04:29.569+0000] {dagbag.py:587} INFO - Filling up the DagBag from /opt/airflow/dags/__init__.py
[2024-09-16T00:04:43.463+0000] {processor.py:927} WARNING - No viable dags retrieved from /opt/airflow/dags/__init__.py
[2024-09-16T00:04:43.544+0000] {processor.py:208} INFO - Processing /opt/airflow/dags/__init__.py took 14.157 seconds
[2024-09-16T00:05:14.544+0000] {processor.py:186} INFO - Started process (PID=180) to work on /opt/airflow/dags/__init__.py
[2024-09-16T00:05:14.577+0000] {processor.py:914} INFO - Processing file /opt/airflow/dags/__init__.py for tasks to queue
[2024-09-16T00:05:14.627+0000] {logging_mixin.py:190} INFO - [2024-09-16T00:05:14.615+0000] {dagbag.py:587} INFO - Filling up the DagBag from /opt/airflow/dags/__init__.py
[2024-09-16T00:05:47.712+0000] {logging_mixin.py:190} INFO - [2024-09-16T00:05:47.707+0000] {timeout.py:68} ERROR - Process timed out, PID: 180
[2024-09-16T00:05:47.715+0000] {logging_mixin.py:190} WARNING - Exception ignored in: <function WeakKeyDictionary.__init__.<locals>.remove at 0x7f52015b2980>
[2024-09-16T00:05:47.723+0000] {logging_mixin.py:190} WARNING - Traceback (most recent call last):
[2024-09-16T00:05:47.724+0000] {logging_mixin.py:190} WARNING -   File "/usr/local/lib/python3.12/weakref.py", line 369, in remove
[2024-09-16T00:05:47.729+0000] {logging_mixin.py:190} WARNING -     def remove(k, selfref=ref(self)):
[2024-09-16T00:05:47.734+0000] {logging_mixin.py:190} WARNING -   File "/home/airflow/.local/lib/python3.12/site-packages/airflow/utils/timeout.py", line 69, in handle_timeout
[2024-09-16T00:05:47.737+0000] {logging_mixin.py:190} WARNING -     raise AirflowTaskTimeout(self.error_message)
[2024-09-16T00:05:47.741+0000] {logging_mixin.py:190} WARNING - airflow.exceptions.AirflowTaskTimeout: DagBag import timeout for /opt/airflow/dags/__init__.py after 30.0s.
Please take a look at these docs to improve your DAG import time:
* https://airflow.apache.org/docs/apache-airflow/2.10.1/best-practices.html#top-level-python-code
* https://airflow.apache.org/docs/apache-airflow/2.10.1/best-practices.html#reducing-dag-complexity, PID: 180
[2024-09-16T00:05:48.987+0000] {processor.py:927} WARNING - No viable dags retrieved from /opt/airflow/dags/__init__.py
[2024-09-16T00:05:49.023+0000] {processor.py:208} INFO - Processing /opt/airflow/dags/__init__.py took 34.644 seconds
[2024-09-16T00:06:19.864+0000] {processor.py:186} INFO - Started process (PID=212) to work on /opt/airflow/dags/__init__.py
[2024-09-16T00:06:19.882+0000] {processor.py:914} INFO - Processing file /opt/airflow/dags/__init__.py for tasks to queue
[2024-09-16T00:06:19.969+0000] {logging_mixin.py:190} INFO - [2024-09-16T00:06:19.940+0000] {dagbag.py:587} INFO - Filling up the DagBag from /opt/airflow/dags/__init__.py
[2024-09-16T00:06:24.753+0000] {processor.py:927} WARNING - No viable dags retrieved from /opt/airflow/dags/__init__.py
[2024-09-16T00:06:24.768+0000] {processor.py:208} INFO - Processing /opt/airflow/dags/__init__.py took 5.019 seconds
[2024-09-16T00:06:55.495+0000] {processor.py:186} INFO - Started process (PID=227) to work on /opt/airflow/dags/__init__.py
[2024-09-16T00:06:55.497+0000] {processor.py:914} INFO - Processing file /opt/airflow/dags/__init__.py for tasks to queue
[2024-09-16T00:06:55.501+0000] {logging_mixin.py:190} INFO - [2024-09-16T00:06:55.501+0000] {dagbag.py:587} INFO - Filling up the DagBag from /opt/airflow/dags/__init__.py
[2024-09-16T00:06:56.005+0000] {processor.py:927} WARNING - No viable dags retrieved from /opt/airflow/dags/__init__.py
[2024-09-16T00:06:56.016+0000] {processor.py:208} INFO - Processing /opt/airflow/dags/__init__.py took 0.527 seconds
[2024-09-16T00:07:26.423+0000] {processor.py:186} INFO - Started process (PID=238) to work on /opt/airflow/dags/__init__.py
[2024-09-16T00:07:26.424+0000] {processor.py:914} INFO - Processing file /opt/airflow/dags/__init__.py for tasks to queue
[2024-09-16T00:07:26.427+0000] {logging_mixin.py:190} INFO - [2024-09-16T00:07:26.427+0000] {dagbag.py:587} INFO - Filling up the DagBag from /opt/airflow/dags/__init__.py
[2024-09-16T00:07:26.926+0000] {processor.py:927} WARNING - No viable dags retrieved from /opt/airflow/dags/__init__.py
[2024-09-16T00:07:26.940+0000] {processor.py:208} INFO - Processing /opt/airflow/dags/__init__.py took 0.522 seconds
[2024-09-16T00:07:57.526+0000] {processor.py:186} INFO - Started process (PID=252) to work on /opt/airflow/dags/__init__.py
[2024-09-16T00:07:57.527+0000] {processor.py:914} INFO - Processing file /opt/airflow/dags/__init__.py for tasks to queue
[2024-09-16T00:07:57.531+0000] {logging_mixin.py:190} INFO - [2024-09-16T00:07:57.530+0000] {dagbag.py:587} INFO - Filling up the DagBag from /opt/airflow/dags/__init__.py
[2024-09-16T00:07:58.015+0000] {processor.py:927} WARNING - No viable dags retrieved from /opt/airflow/dags/__init__.py
[2024-09-16T00:07:58.026+0000] {processor.py:208} INFO - Processing /opt/airflow/dags/__init__.py took 0.505 seconds
[2024-09-16T00:08:28.616+0000] {processor.py:186} INFO - Started process (PID=267) to work on /opt/airflow/dags/__init__.py
[2024-09-16T00:08:28.618+0000] {processor.py:914} INFO - Processing file /opt/airflow/dags/__init__.py for tasks to queue
[2024-09-16T00:08:28.622+0000] {logging_mixin.py:190} INFO - [2024-09-16T00:08:28.621+0000] {dagbag.py:587} INFO - Filling up the DagBag from /opt/airflow/dags/__init__.py
[2024-09-16T00:08:29.560+0000] {processor.py:927} WARNING - No viable dags retrieved from /opt/airflow/dags/__init__.py
[2024-09-16T00:08:29.585+0000] {processor.py:208} INFO - Processing /opt/airflow/dags/__init__.py took 0.978 seconds
[2024-09-16T00:09:00.166+0000] {processor.py:186} INFO - Started process (PID=282) to work on /opt/airflow/dags/__init__.py
[2024-09-16T00:09:00.168+0000] {processor.py:914} INFO - Processing file /opt/airflow/dags/__init__.py for tasks to queue
[2024-09-16T00:09:00.175+0000] {logging_mixin.py:190} INFO - [2024-09-16T00:09:00.175+0000] {dagbag.py:587} INFO - Filling up the DagBag from /opt/airflow/dags/__init__.py
[2024-09-16T00:09:01.067+0000] {processor.py:927} WARNING - No viable dags retrieved from /opt/airflow/dags/__init__.py
[2024-09-16T00:09:01.092+0000] {processor.py:208} INFO - Processing /opt/airflow/dags/__init__.py took 0.935 seconds
[2024-09-16T00:09:31.734+0000] {processor.py:186} INFO - Started process (PID=292) to work on /opt/airflow/dags/__init__.py
[2024-09-16T00:09:31.736+0000] {processor.py:914} INFO - Processing file /opt/airflow/dags/__init__.py for tasks to queue
[2024-09-16T00:09:31.740+0000] {logging_mixin.py:190} INFO - [2024-09-16T00:09:31.739+0000] {dagbag.py:587} INFO - Filling up the DagBag from /opt/airflow/dags/__init__.py
[2024-09-16T00:09:32.519+0000] {processor.py:927} WARNING - No viable dags retrieved from /opt/airflow/dags/__init__.py
[2024-09-16T00:09:32.539+0000] {processor.py:208} INFO - Processing /opt/airflow/dags/__init__.py took 0.814 seconds
[2024-09-16T00:10:03.355+0000] {processor.py:186} INFO - Started process (PID=306) to work on /opt/airflow/dags/__init__.py
[2024-09-16T00:10:03.359+0000] {processor.py:914} INFO - Processing file /opt/airflow/dags/__init__.py for tasks to queue
[2024-09-16T00:10:03.365+0000] {logging_mixin.py:190} INFO - [2024-09-16T00:10:03.364+0000] {dagbag.py:587} INFO - Filling up the DagBag from /opt/airflow/dags/__init__.py
[2024-09-16T00:10:04.334+0000] {processor.py:927} WARNING - No viable dags retrieved from /opt/airflow/dags/__init__.py
[2024-09-16T00:10:04.364+0000] {processor.py:208} INFO - Processing /opt/airflow/dags/__init__.py took 1.019 seconds
[2024-09-16T00:10:35.104+0000] {processor.py:186} INFO - Started process (PID=317) to work on /opt/airflow/dags/__init__.py
[2024-09-16T00:10:35.106+0000] {processor.py:914} INFO - Processing file /opt/airflow/dags/__init__.py for tasks to queue
[2024-09-16T00:10:35.116+0000] {logging_mixin.py:190} INFO - [2024-09-16T00:10:35.115+0000] {dagbag.py:587} INFO - Filling up the DagBag from /opt/airflow/dags/__init__.py
[2024-09-16T00:10:36.108+0000] {processor.py:927} WARNING - No viable dags retrieved from /opt/airflow/dags/__init__.py
[2024-09-16T00:10:36.135+0000] {processor.py:208} INFO - Processing /opt/airflow/dags/__init__.py took 1.048 seconds
[2024-09-16T00:11:06.987+0000] {processor.py:186} INFO - Started process (PID=327) to work on /opt/airflow/dags/__init__.py
[2024-09-16T00:11:06.989+0000] {processor.py:914} INFO - Processing file /opt/airflow/dags/__init__.py for tasks to queue
[2024-09-16T00:11:06.994+0000] {logging_mixin.py:190} INFO - [2024-09-16T00:11:06.993+0000] {dagbag.py:587} INFO - Filling up the DagBag from /opt/airflow/dags/__init__.py
[2024-09-16T00:11:08.080+0000] {processor.py:927} WARNING - No viable dags retrieved from /opt/airflow/dags/__init__.py
[2024-09-16T00:11:08.131+0000] {processor.py:208} INFO - Processing /opt/airflow/dags/__init__.py took 1.154 seconds
[2024-09-16T00:11:38.688+0000] {processor.py:186} INFO - Started process (PID=337) to work on /opt/airflow/dags/__init__.py
[2024-09-16T00:11:38.690+0000] {processor.py:914} INFO - Processing file /opt/airflow/dags/__init__.py for tasks to queue
[2024-09-16T00:11:38.695+0000] {logging_mixin.py:190} INFO - [2024-09-16T00:11:38.695+0000] {dagbag.py:587} INFO - Filling up the DagBag from /opt/airflow/dags/__init__.py
[2024-09-16T00:11:39.576+0000] {processor.py:927} WARNING - No viable dags retrieved from /opt/airflow/dags/__init__.py
[2024-09-16T00:11:39.597+0000] {processor.py:208} INFO - Processing /opt/airflow/dags/__init__.py took 0.919 seconds
[2024-09-16T00:12:10.322+0000] {processor.py:186} INFO - Started process (PID=347) to work on /opt/airflow/dags/__init__.py
[2024-09-16T00:12:10.325+0000] {processor.py:914} INFO - Processing file /opt/airflow/dags/__init__.py for tasks to queue
[2024-09-16T00:12:10.331+0000] {logging_mixin.py:190} INFO - [2024-09-16T00:12:10.330+0000] {dagbag.py:587} INFO - Filling up the DagBag from /opt/airflow/dags/__init__.py
[2024-09-16T00:12:12.089+0000] {processor.py:927} WARNING - No viable dags retrieved from /opt/airflow/dags/__init__.py
[2024-09-16T00:12:12.112+0000] {processor.py:208} INFO - Processing /opt/airflow/dags/__init__.py took 1.804 seconds
[2024-09-16T00:12:42.723+0000] {processor.py:186} INFO - Started process (PID=357) to work on /opt/airflow/dags/__init__.py
[2024-09-16T00:12:42.727+0000] {processor.py:914} INFO - Processing file /opt/airflow/dags/__init__.py for tasks to queue
[2024-09-16T00:12:42.739+0000] {logging_mixin.py:190} INFO - [2024-09-16T00:12:42.738+0000] {dagbag.py:587} INFO - Filling up the DagBag from /opt/airflow/dags/__init__.py
[2024-09-16T00:12:43.779+0000] {processor.py:927} WARNING - No viable dags retrieved from /opt/airflow/dags/__init__.py
[2024-09-16T00:12:43.815+0000] {processor.py:208} INFO - Processing /opt/airflow/dags/__init__.py took 1.117 seconds
[2024-09-16T00:13:14.880+0000] {processor.py:186} INFO - Started process (PID=372) to work on /opt/airflow/dags/__init__.py
[2024-09-16T00:13:14.883+0000] {processor.py:914} INFO - Processing file /opt/airflow/dags/__init__.py for tasks to queue
[2024-09-16T00:13:14.890+0000] {logging_mixin.py:190} INFO - [2024-09-16T00:13:14.890+0000] {dagbag.py:587} INFO - Filling up the DagBag from /opt/airflow/dags/__init__.py
[2024-09-16T00:13:15.894+0000] {processor.py:927} WARNING - No viable dags retrieved from /opt/airflow/dags/__init__.py
[2024-09-16T00:13:15.924+0000] {processor.py:208} INFO - Processing /opt/airflow/dags/__init__.py took 1.056 seconds
[2024-09-16T00:13:46.650+0000] {processor.py:186} INFO - Started process (PID=382) to work on /opt/airflow/dags/__init__.py
[2024-09-16T00:13:46.653+0000] {processor.py:914} INFO - Processing file /opt/airflow/dags/__init__.py for tasks to queue
[2024-09-16T00:13:46.657+0000] {logging_mixin.py:190} INFO - [2024-09-16T00:13:46.656+0000] {dagbag.py:587} INFO - Filling up the DagBag from /opt/airflow/dags/__init__.py
[2024-09-16T00:13:47.412+0000] {processor.py:927} WARNING - No viable dags retrieved from /opt/airflow/dags/__init__.py
[2024-09-16T00:13:47.434+0000] {processor.py:208} INFO - Processing /opt/airflow/dags/__init__.py took 0.793 seconds
[2024-09-16T00:14:18.082+0000] {processor.py:186} INFO - Started process (PID=392) to work on /opt/airflow/dags/__init__.py
[2024-09-16T00:14:18.086+0000] {processor.py:914} INFO - Processing file /opt/airflow/dags/__init__.py for tasks to queue
[2024-09-16T00:14:18.093+0000] {logging_mixin.py:190} INFO - [2024-09-16T00:14:18.092+0000] {dagbag.py:587} INFO - Filling up the DagBag from /opt/airflow/dags/__init__.py
[2024-09-16T00:14:18.980+0000] {processor.py:927} WARNING - No viable dags retrieved from /opt/airflow/dags/__init__.py
[2024-09-16T00:14:19.001+0000] {processor.py:208} INFO - Processing /opt/airflow/dags/__init__.py took 0.933 seconds
[2024-09-16T00:14:49.708+0000] {processor.py:186} INFO - Started process (PID=402) to work on /opt/airflow/dags/__init__.py
[2024-09-16T00:14:49.710+0000] {processor.py:914} INFO - Processing file /opt/airflow/dags/__init__.py for tasks to queue
[2024-09-16T00:14:49.715+0000] {logging_mixin.py:190} INFO - [2024-09-16T00:14:49.715+0000] {dagbag.py:587} INFO - Filling up the DagBag from /opt/airflow/dags/__init__.py
[2024-09-16T00:14:50.676+0000] {processor.py:927} WARNING - No viable dags retrieved from /opt/airflow/dags/__init__.py
[2024-09-16T00:14:50.699+0000] {processor.py:208} INFO - Processing /opt/airflow/dags/__init__.py took 1.007 seconds
[2024-09-16T00:15:21.404+0000] {processor.py:186} INFO - Started process (PID=413) to work on /opt/airflow/dags/__init__.py
[2024-09-16T00:15:21.407+0000] {processor.py:914} INFO - Processing file /opt/airflow/dags/__init__.py for tasks to queue
[2024-09-16T00:15:21.414+0000] {logging_mixin.py:190} INFO - [2024-09-16T00:15:21.412+0000] {dagbag.py:587} INFO - Filling up the DagBag from /opt/airflow/dags/__init__.py
[2024-09-16T00:15:22.460+0000] {processor.py:927} WARNING - No viable dags retrieved from /opt/airflow/dags/__init__.py
[2024-09-16T00:15:22.502+0000] {processor.py:208} INFO - Processing /opt/airflow/dags/__init__.py took 1.120 seconds
[2024-09-16T00:15:53.306+0000] {processor.py:186} INFO - Started process (PID=423) to work on /opt/airflow/dags/__init__.py
[2024-09-16T00:15:53.308+0000] {processor.py:914} INFO - Processing file /opt/airflow/dags/__init__.py for tasks to queue
[2024-09-16T00:15:53.312+0000] {logging_mixin.py:190} INFO - [2024-09-16T00:15:53.311+0000] {dagbag.py:587} INFO - Filling up the DagBag from /opt/airflow/dags/__init__.py
[2024-09-16T00:15:54.086+0000] {processor.py:927} WARNING - No viable dags retrieved from /opt/airflow/dags/__init__.py
[2024-09-16T00:15:54.133+0000] {processor.py:208} INFO - Processing /opt/airflow/dags/__init__.py took 0.841 seconds
[2024-09-16T00:16:25.044+0000] {processor.py:186} INFO - Started process (PID=433) to work on /opt/airflow/dags/__init__.py
[2024-09-16T00:16:25.045+0000] {processor.py:914} INFO - Processing file /opt/airflow/dags/__init__.py for tasks to queue
[2024-09-16T00:16:25.050+0000] {logging_mixin.py:190} INFO - [2024-09-16T00:16:25.049+0000] {dagbag.py:587} INFO - Filling up the DagBag from /opt/airflow/dags/__init__.py
[2024-09-16T00:16:25.860+0000] {processor.py:927} WARNING - No viable dags retrieved from /opt/airflow/dags/__init__.py
[2024-09-16T00:16:25.894+0000] {processor.py:208} INFO - Processing /opt/airflow/dags/__init__.py took 0.859 seconds
[2024-09-16T00:16:56.678+0000] {processor.py:186} INFO - Started process (PID=443) to work on /opt/airflow/dags/__init__.py
[2024-09-16T00:16:56.680+0000] {processor.py:914} INFO - Processing file /opt/airflow/dags/__init__.py for tasks to queue
[2024-09-16T00:16:56.685+0000] {logging_mixin.py:190} INFO - [2024-09-16T00:16:56.685+0000] {dagbag.py:587} INFO - Filling up the DagBag from /opt/airflow/dags/__init__.py
[2024-09-16T00:16:57.958+0000] {processor.py:927} WARNING - No viable dags retrieved from /opt/airflow/dags/__init__.py
[2024-09-16T00:16:58.018+0000] {processor.py:208} INFO - Processing /opt/airflow/dags/__init__.py took 1.349 seconds
[2024-09-16T00:17:28.730+0000] {processor.py:186} INFO - Started process (PID=453) to work on /opt/airflow/dags/__init__.py
[2024-09-16T00:17:28.732+0000] {processor.py:914} INFO - Processing file /opt/airflow/dags/__init__.py for tasks to queue
[2024-09-16T00:17:28.738+0000] {logging_mixin.py:190} INFO - [2024-09-16T00:17:28.738+0000] {dagbag.py:587} INFO - Filling up the DagBag from /opt/airflow/dags/__init__.py
[2024-09-16T00:17:29.676+0000] {processor.py:927} WARNING - No viable dags retrieved from /opt/airflow/dags/__init__.py
[2024-09-16T00:17:29.711+0000] {processor.py:208} INFO - Processing /opt/airflow/dags/__init__.py took 0.991 seconds
[2024-09-16T00:18:00.341+0000] {processor.py:186} INFO - Started process (PID=463) to work on /opt/airflow/dags/__init__.py
[2024-09-16T00:18:00.343+0000] {processor.py:914} INFO - Processing file /opt/airflow/dags/__init__.py for tasks to queue
[2024-09-16T00:18:00.347+0000] {logging_mixin.py:190} INFO - [2024-09-16T00:18:00.346+0000] {dagbag.py:587} INFO - Filling up the DagBag from /opt/airflow/dags/__init__.py
[2024-09-16T00:18:01.305+0000] {processor.py:927} WARNING - No viable dags retrieved from /opt/airflow/dags/__init__.py
[2024-09-16T00:18:01.331+0000] {processor.py:208} INFO - Processing /opt/airflow/dags/__init__.py took 1.000 seconds
[2024-09-16T00:18:32.163+0000] {processor.py:186} INFO - Started process (PID=474) to work on /opt/airflow/dags/__init__.py
[2024-09-16T00:18:32.164+0000] {processor.py:914} INFO - Processing file /opt/airflow/dags/__init__.py for tasks to queue
[2024-09-16T00:18:32.169+0000] {logging_mixin.py:190} INFO - [2024-09-16T00:18:32.168+0000] {dagbag.py:587} INFO - Filling up the DagBag from /opt/airflow/dags/__init__.py
[2024-09-16T00:18:32.906+0000] {processor.py:927} WARNING - No viable dags retrieved from /opt/airflow/dags/__init__.py
[2024-09-16T00:18:32.930+0000] {processor.py:208} INFO - Processing /opt/airflow/dags/__init__.py took 0.774 seconds
[2024-09-16T00:19:03.583+0000] {processor.py:186} INFO - Started process (PID=484) to work on /opt/airflow/dags/__init__.py
[2024-09-16T00:19:03.585+0000] {processor.py:914} INFO - Processing file /opt/airflow/dags/__init__.py for tasks to queue
[2024-09-16T00:19:03.589+0000] {logging_mixin.py:190} INFO - [2024-09-16T00:19:03.588+0000] {dagbag.py:587} INFO - Filling up the DagBag from /opt/airflow/dags/__init__.py
[2024-09-16T00:19:04.496+0000] {processor.py:927} WARNING - No viable dags retrieved from /opt/airflow/dags/__init__.py
[2024-09-16T00:19:04.529+0000] {processor.py:208} INFO - Processing /opt/airflow/dags/__init__.py took 0.957 seconds
[2024-09-16T00:19:35.189+0000] {processor.py:186} INFO - Started process (PID=494) to work on /opt/airflow/dags/__init__.py
[2024-09-16T00:19:35.192+0000] {processor.py:914} INFO - Processing file /opt/airflow/dags/__init__.py for tasks to queue
[2024-09-16T00:19:35.202+0000] {logging_mixin.py:190} INFO - [2024-09-16T00:19:35.202+0000] {dagbag.py:587} INFO - Filling up the DagBag from /opt/airflow/dags/__init__.py
[2024-09-16T00:19:35.951+0000] {processor.py:927} WARNING - No viable dags retrieved from /opt/airflow/dags/__init__.py
[2024-09-16T00:19:35.979+0000] {processor.py:208} INFO - Processing /opt/airflow/dags/__init__.py took 0.803 seconds
[2024-09-16T00:20:06.643+0000] {processor.py:186} INFO - Started process (PID=504) to work on /opt/airflow/dags/__init__.py
[2024-09-16T00:20:06.645+0000] {processor.py:914} INFO - Processing file /opt/airflow/dags/__init__.py for tasks to queue
[2024-09-16T00:20:06.649+0000] {logging_mixin.py:190} INFO - [2024-09-16T00:20:06.649+0000] {dagbag.py:587} INFO - Filling up the DagBag from /opt/airflow/dags/__init__.py
[2024-09-16T00:20:07.352+0000] {processor.py:927} WARNING - No viable dags retrieved from /opt/airflow/dags/__init__.py
[2024-09-16T00:20:07.384+0000] {processor.py:208} INFO - Processing /opt/airflow/dags/__init__.py took 0.750 seconds
[2024-09-16T00:20:38.095+0000] {processor.py:186} INFO - Started process (PID=513) to work on /opt/airflow/dags/__init__.py
[2024-09-16T00:20:38.098+0000] {processor.py:914} INFO - Processing file /opt/airflow/dags/__init__.py for tasks to queue
[2024-09-16T00:20:38.106+0000] {logging_mixin.py:190} INFO - [2024-09-16T00:20:38.103+0000] {dagbag.py:587} INFO - Filling up the DagBag from /opt/airflow/dags/__init__.py
[2024-09-16T00:20:41.565+0000] {processor.py:927} WARNING - No viable dags retrieved from /opt/airflow/dags/__init__.py
[2024-09-16T00:20:41.606+0000] {processor.py:208} INFO - Processing /opt/airflow/dags/__init__.py took 3.527 seconds
[2024-09-16T00:21:11.830+0000] {processor.py:186} INFO - Started process (PID=522) to work on /opt/airflow/dags/__init__.py
[2024-09-16T00:21:11.833+0000] {processor.py:914} INFO - Processing file /opt/airflow/dags/__init__.py for tasks to queue
[2024-09-16T00:21:11.840+0000] {logging_mixin.py:190} INFO - [2024-09-16T00:21:11.839+0000] {dagbag.py:587} INFO - Filling up the DagBag from /opt/airflow/dags/__init__.py
[2024-09-16T00:21:12.687+0000] {processor.py:927} WARNING - No viable dags retrieved from /opt/airflow/dags/__init__.py
[2024-09-16T00:21:12.702+0000] {processor.py:208} INFO - Processing /opt/airflow/dags/__init__.py took 0.887 seconds
[2024-09-16T00:21:43.285+0000] {processor.py:186} INFO - Started process (PID=532) to work on /opt/airflow/dags/__init__.py
[2024-09-16T00:21:43.287+0000] {processor.py:914} INFO - Processing file /opt/airflow/dags/__init__.py for tasks to queue
[2024-09-16T00:21:43.292+0000] {logging_mixin.py:190} INFO - [2024-09-16T00:21:43.291+0000] {dagbag.py:587} INFO - Filling up the DagBag from /opt/airflow/dags/__init__.py
[2024-09-16T00:21:44.530+0000] {processor.py:927} WARNING - No viable dags retrieved from /opt/airflow/dags/__init__.py
[2024-09-16T00:21:44.561+0000] {processor.py:208} INFO - Processing /opt/airflow/dags/__init__.py took 1.292 seconds
[2024-09-16T00:22:14.893+0000] {processor.py:186} INFO - Started process (PID=542) to work on /opt/airflow/dags/__init__.py
[2024-09-16T00:22:14.896+0000] {processor.py:914} INFO - Processing file /opt/airflow/dags/__init__.py for tasks to queue
[2024-09-16T00:22:14.901+0000] {logging_mixin.py:190} INFO - [2024-09-16T00:22:14.900+0000] {dagbag.py:587} INFO - Filling up the DagBag from /opt/airflow/dags/__init__.py
[2024-09-16T00:22:15.837+0000] {processor.py:927} WARNING - No viable dags retrieved from /opt/airflow/dags/__init__.py
[2024-09-16T00:22:15.864+0000] {processor.py:208} INFO - Processing /opt/airflow/dags/__init__.py took 0.982 seconds
[2024-09-16T00:22:46.446+0000] {processor.py:186} INFO - Started process (PID=552) to work on /opt/airflow/dags/__init__.py
[2024-09-16T00:22:46.451+0000] {processor.py:914} INFO - Processing file /opt/airflow/dags/__init__.py for tasks to queue
[2024-09-16T00:22:46.459+0000] {logging_mixin.py:190} INFO - [2024-09-16T00:22:46.458+0000] {dagbag.py:587} INFO - Filling up the DagBag from /opt/airflow/dags/__init__.py
[2024-09-16T00:22:47.767+0000] {processor.py:927} WARNING - No viable dags retrieved from /opt/airflow/dags/__init__.py
[2024-09-16T00:22:47.811+0000] {processor.py:208} INFO - Processing /opt/airflow/dags/__init__.py took 1.392 seconds
[2024-09-16T00:23:18.214+0000] {processor.py:186} INFO - Started process (PID=567) to work on /opt/airflow/dags/__init__.py
[2024-09-16T00:23:18.216+0000] {processor.py:914} INFO - Processing file /opt/airflow/dags/__init__.py for tasks to queue
[2024-09-16T00:23:18.221+0000] {logging_mixin.py:190} INFO - [2024-09-16T00:23:18.220+0000] {dagbag.py:587} INFO - Filling up the DagBag from /opt/airflow/dags/__init__.py
[2024-09-16T00:23:19.124+0000] {processor.py:927} WARNING - No viable dags retrieved from /opt/airflow/dags/__init__.py
[2024-09-16T00:23:19.164+0000] {processor.py:208} INFO - Processing /opt/airflow/dags/__init__.py took 0.964 seconds
[2024-09-16T00:23:49.781+0000] {processor.py:186} INFO - Started process (PID=577) to work on /opt/airflow/dags/__init__.py
[2024-09-16T00:23:49.783+0000] {processor.py:914} INFO - Processing file /opt/airflow/dags/__init__.py for tasks to queue
[2024-09-16T00:23:49.790+0000] {logging_mixin.py:190} INFO - [2024-09-16T00:23:49.789+0000] {dagbag.py:587} INFO - Filling up the DagBag from /opt/airflow/dags/__init__.py
[2024-09-16T00:23:50.698+0000] {processor.py:927} WARNING - No viable dags retrieved from /opt/airflow/dags/__init__.py
[2024-09-16T00:23:50.714+0000] {processor.py:208} INFO - Processing /opt/airflow/dags/__init__.py took 0.944 seconds
[2024-09-16T00:24:21.343+0000] {processor.py:186} INFO - Started process (PID=587) to work on /opt/airflow/dags/__init__.py
[2024-09-16T00:24:21.345+0000] {processor.py:914} INFO - Processing file /opt/airflow/dags/__init__.py for tasks to queue
[2024-09-16T00:24:21.351+0000] {logging_mixin.py:190} INFO - [2024-09-16T00:24:21.350+0000] {dagbag.py:587} INFO - Filling up the DagBag from /opt/airflow/dags/__init__.py
[2024-09-16T00:24:22.347+0000] {processor.py:927} WARNING - No viable dags retrieved from /opt/airflow/dags/__init__.py
[2024-09-16T00:24:22.366+0000] {processor.py:208} INFO - Processing /opt/airflow/dags/__init__.py took 1.037 seconds
[2024-09-16T00:24:52.843+0000] {processor.py:186} INFO - Started process (PID=597) to work on /opt/airflow/dags/__init__.py
[2024-09-16T00:24:52.846+0000] {processor.py:914} INFO - Processing file /opt/airflow/dags/__init__.py for tasks to queue
[2024-09-16T00:24:52.851+0000] {logging_mixin.py:190} INFO - [2024-09-16T00:24:52.850+0000] {dagbag.py:587} INFO - Filling up the DagBag from /opt/airflow/dags/__init__.py
[2024-09-16T00:24:53.611+0000] {processor.py:927} WARNING - No viable dags retrieved from /opt/airflow/dags/__init__.py
[2024-09-16T00:24:53.626+0000] {processor.py:208} INFO - Processing /opt/airflow/dags/__init__.py took 0.795 seconds
[2024-09-16T00:25:24.235+0000] {processor.py:186} INFO - Started process (PID=607) to work on /opt/airflow/dags/__init__.py
[2024-09-16T00:25:24.237+0000] {processor.py:914} INFO - Processing file /opt/airflow/dags/__init__.py for tasks to queue
[2024-09-16T00:25:24.246+0000] {logging_mixin.py:190} INFO - [2024-09-16T00:25:24.245+0000] {dagbag.py:587} INFO - Filling up the DagBag from /opt/airflow/dags/__init__.py
[2024-09-16T00:25:25.039+0000] {processor.py:927} WARNING - No viable dags retrieved from /opt/airflow/dags/__init__.py
[2024-09-16T00:25:25.057+0000] {processor.py:208} INFO - Processing /opt/airflow/dags/__init__.py took 0.836 seconds
[2024-09-16T00:25:55.633+0000] {processor.py:186} INFO - Started process (PID=616) to work on /opt/airflow/dags/__init__.py
[2024-09-16T00:25:55.636+0000] {processor.py:914} INFO - Processing file /opt/airflow/dags/__init__.py for tasks to queue
[2024-09-16T00:25:55.643+0000] {logging_mixin.py:190} INFO - [2024-09-16T00:25:55.642+0000] {dagbag.py:587} INFO - Filling up the DagBag from /opt/airflow/dags/__init__.py
[2024-09-16T00:25:56.518+0000] {processor.py:927} WARNING - No viable dags retrieved from /opt/airflow/dags/__init__.py
[2024-09-16T00:25:56.545+0000] {processor.py:208} INFO - Processing /opt/airflow/dags/__init__.py took 0.928 seconds
[2024-09-16T00:26:27.379+0000] {processor.py:186} INFO - Started process (PID=627) to work on /opt/airflow/dags/__init__.py
[2024-09-16T00:26:27.382+0000] {processor.py:914} INFO - Processing file /opt/airflow/dags/__init__.py for tasks to queue
[2024-09-16T00:26:27.387+0000] {logging_mixin.py:190} INFO - [2024-09-16T00:26:27.386+0000] {dagbag.py:587} INFO - Filling up the DagBag from /opt/airflow/dags/__init__.py
[2024-09-16T00:26:28.203+0000] {processor.py:927} WARNING - No viable dags retrieved from /opt/airflow/dags/__init__.py
[2024-09-16T00:26:28.226+0000] {processor.py:208} INFO - Processing /opt/airflow/dags/__init__.py took 0.861 seconds
[2024-09-16T00:26:58.978+0000] {processor.py:186} INFO - Started process (PID=638) to work on /opt/airflow/dags/__init__.py
[2024-09-16T00:26:58.981+0000] {processor.py:914} INFO - Processing file /opt/airflow/dags/__init__.py for tasks to queue
[2024-09-16T00:26:58.988+0000] {logging_mixin.py:190} INFO - [2024-09-16T00:26:58.987+0000] {dagbag.py:587} INFO - Filling up the DagBag from /opt/airflow/dags/__init__.py
[2024-09-16T00:26:59.862+0000] {processor.py:927} WARNING - No viable dags retrieved from /opt/airflow/dags/__init__.py
[2024-09-16T00:26:59.887+0000] {processor.py:208} INFO - Processing /opt/airflow/dags/__init__.py took 0.929 seconds
[2024-09-16T00:27:30.462+0000] {processor.py:186} INFO - Started process (PID=647) to work on /opt/airflow/dags/__init__.py
[2024-09-16T00:27:30.465+0000] {processor.py:914} INFO - Processing file /opt/airflow/dags/__init__.py for tasks to queue
[2024-09-16T00:27:30.472+0000] {logging_mixin.py:190} INFO - [2024-09-16T00:27:30.471+0000] {dagbag.py:587} INFO - Filling up the DagBag from /opt/airflow/dags/__init__.py
[2024-09-16T00:27:31.280+0000] {processor.py:927} WARNING - No viable dags retrieved from /opt/airflow/dags/__init__.py
[2024-09-16T00:27:31.305+0000] {processor.py:208} INFO - Processing /opt/airflow/dags/__init__.py took 0.856 seconds
[2024-09-16T00:28:00.827+0000] {processor.py:186} INFO - Started process (PID=657) to work on /opt/airflow/dags/__init__.py
[2024-09-16T00:28:00.829+0000] {processor.py:914} INFO - Processing file /opt/airflow/dags/__init__.py for tasks to queue
[2024-09-16T00:28:00.835+0000] {logging_mixin.py:190} INFO - [2024-09-16T00:28:00.834+0000] {dagbag.py:587} INFO - Filling up the DagBag from /opt/airflow/dags/__init__.py
[2024-09-16T00:28:00.854+0000] {logging_mixin.py:190} INFO - [2024-09-16T00:28:00.854+0000] {dagbag.py:365} INFO - File /opt/airflow/dags/__init__.py assumed to contain no DAGs. Skipping.
[2024-09-16T00:28:00.855+0000] {processor.py:927} WARNING - No viable dags retrieved from /opt/airflow/dags/__init__.py
[2024-09-16T00:28:00.881+0000] {processor.py:208} INFO - Processing /opt/airflow/dags/__init__.py took 0.067 seconds
