[2024-09-16T00:00:55.578+0000] {processor.py:186} INFO - Started process (PID=63) to work on /opt/airflow/dags/dag_etl_cocktails.py
[2024-09-16T00:00:55.588+0000] {processor.py:914} INFO - Processing file /opt/airflow/dags/dag_etl_cocktails.py for tasks to queue
[2024-09-16T00:00:55.596+0000] {logging_mixin.py:190} INFO - [2024-09-16T00:00:55.596+0000] {dagbag.py:587} INFO - Filling up the DagBag from /opt/airflow/dags/dag_etl_cocktails.py
[2024-09-16T00:01:12.673+0000] {processor.py:925} INFO - DAG(s) 'etl-cocktails' retrieved from /opt/airflow/dags/dag_etl_cocktails.py
[2024-09-16T00:01:16.890+0000] {logging_mixin.py:190} INFO - [2024-09-16T00:01:16.888+0000] {dag.py:3229} INFO - Sync 1 DAGs
[2024-09-16T00:01:17.033+0000] {processor.py:208} INFO - Processing /opt/airflow/dags/dag_etl_cocktails.py took 21.499 seconds
[2024-09-16T00:01:47.217+0000] {processor.py:186} INFO - Started process (PID=93) to work on /opt/airflow/dags/dag_etl_cocktails.py
[2024-09-16T00:01:47.220+0000] {processor.py:914} INFO - Processing file /opt/airflow/dags/dag_etl_cocktails.py for tasks to queue
[2024-09-16T00:01:47.222+0000] {logging_mixin.py:190} INFO - [2024-09-16T00:01:47.222+0000] {dagbag.py:587} INFO - Filling up the DagBag from /opt/airflow/dags/dag_etl_cocktails.py
[2024-09-16T00:01:48.402+0000] {processor.py:925} INFO - DAG(s) 'etl-cocktails' retrieved from /opt/airflow/dags/dag_etl_cocktails.py
[2024-09-16T00:01:48.432+0000] {logging_mixin.py:190} INFO - [2024-09-16T00:01:48.431+0000] {dag.py:3229} INFO - Sync 1 DAGs
[2024-09-16T00:01:48.472+0000] {processor.py:208} INFO - Processing /opt/airflow/dags/dag_etl_cocktails.py took 1.260 seconds
[2024-09-16T00:02:03.890+0000] {processor.py:186} INFO - Started process (PID=101) to work on /opt/airflow/dags/dag_etl_cocktails.py
[2024-09-16T00:02:03.892+0000] {processor.py:914} INFO - Processing file /opt/airflow/dags/dag_etl_cocktails.py for tasks to queue
[2024-09-16T00:02:03.897+0000] {logging_mixin.py:190} INFO - [2024-09-16T00:02:03.896+0000] {dagbag.py:587} INFO - Filling up the DagBag from /opt/airflow/dags/dag_etl_cocktails.py
[2024-09-16T00:02:04.636+0000] {processor.py:925} INFO - DAG(s) 'etl-cocktails' retrieved from /opt/airflow/dags/dag_etl_cocktails.py
[2024-09-16T00:02:04.672+0000] {logging_mixin.py:190} INFO - [2024-09-16T00:02:04.671+0000] {dag.py:3229} INFO - Sync 1 DAGs
[2024-09-16T00:02:04.729+0000] {processor.py:208} INFO - Processing /opt/airflow/dags/dag_etl_cocktails.py took 0.852 seconds
[2024-09-16T00:02:35.002+0000] {processor.py:186} INFO - Started process (PID=119) to work on /opt/airflow/dags/dag_etl_cocktails.py
[2024-09-16T00:02:35.005+0000] {processor.py:914} INFO - Processing file /opt/airflow/dags/dag_etl_cocktails.py for tasks to queue
[2024-09-16T00:02:35.013+0000] {logging_mixin.py:190} INFO - [2024-09-16T00:02:35.012+0000] {dagbag.py:587} INFO - Filling up the DagBag from /opt/airflow/dags/dag_etl_cocktails.py
[2024-09-16T00:02:35.633+0000] {processor.py:925} INFO - DAG(s) 'etl-cocktails' retrieved from /opt/airflow/dags/dag_etl_cocktails.py
[2024-09-16T00:02:35.658+0000] {logging_mixin.py:190} INFO - [2024-09-16T00:02:35.658+0000] {dag.py:3229} INFO - Sync 1 DAGs
[2024-09-16T00:02:35.705+0000] {processor.py:208} INFO - Processing /opt/airflow/dags/dag_etl_cocktails.py took 0.721 seconds
[2024-09-16T00:03:06.000+0000] {processor.py:186} INFO - Started process (PID=129) to work on /opt/airflow/dags/dag_etl_cocktails.py
[2024-09-16T00:03:06.001+0000] {processor.py:914} INFO - Processing file /opt/airflow/dags/dag_etl_cocktails.py for tasks to queue
[2024-09-16T00:03:06.004+0000] {logging_mixin.py:190} INFO - [2024-09-16T00:03:06.004+0000] {dagbag.py:587} INFO - Filling up the DagBag from /opt/airflow/dags/dag_etl_cocktails.py
[2024-09-16T00:03:06.583+0000] {processor.py:925} INFO - DAG(s) 'etl-cocktails' retrieved from /opt/airflow/dags/dag_etl_cocktails.py
[2024-09-16T00:03:06.612+0000] {logging_mixin.py:190} INFO - [2024-09-16T00:03:06.611+0000] {dag.py:3229} INFO - Sync 1 DAGs
[2024-09-16T00:03:06.663+0000] {processor.py:208} INFO - Processing /opt/airflow/dags/dag_etl_cocktails.py took 0.669 seconds
[2024-09-16T00:03:36.808+0000] {processor.py:186} INFO - Started process (PID=139) to work on /opt/airflow/dags/dag_etl_cocktails.py
[2024-09-16T00:03:36.809+0000] {processor.py:914} INFO - Processing file /opt/airflow/dags/dag_etl_cocktails.py for tasks to queue
[2024-09-16T00:03:36.813+0000] {logging_mixin.py:190} INFO - [2024-09-16T00:03:36.812+0000] {dagbag.py:587} INFO - Filling up the DagBag from /opt/airflow/dags/dag_etl_cocktails.py
[2024-09-16T00:03:37.290+0000] {processor.py:925} INFO - DAG(s) 'etl-cocktails' retrieved from /opt/airflow/dags/dag_etl_cocktails.py
[2024-09-16T00:03:37.312+0000] {logging_mixin.py:190} INFO - [2024-09-16T00:03:37.311+0000] {dag.py:3229} INFO - Sync 1 DAGs
[2024-09-16T00:03:37.358+0000] {processor.py:208} INFO - Processing /opt/airflow/dags/dag_etl_cocktails.py took 0.555 seconds
[2024-09-16T00:04:09.595+0000] {processor.py:186} INFO - Started process (PID=159) to work on /opt/airflow/dags/dag_etl_cocktails.py
[2024-09-16T00:04:09.622+0000] {processor.py:914} INFO - Processing file /opt/airflow/dags/dag_etl_cocktails.py for tasks to queue
[2024-09-16T00:04:09.777+0000] {logging_mixin.py:190} INFO - [2024-09-16T00:04:09.717+0000] {dagbag.py:587} INFO - Filling up the DagBag from /opt/airflow/dags/dag_etl_cocktails.py
[2024-09-16T00:04:40.952+0000] {logging_mixin.py:190} INFO - [2024-09-16T00:04:40.950+0000] {timeout.py:68} ERROR - Process timed out, PID: 159
[2024-09-16T00:04:40.953+0000] {logging_mixin.py:190} WARNING - Exception ignored in: <function WeakKeyDictionary.__init__.<locals>.remove at 0x7f52015b2980>
[2024-09-16T00:04:40.965+0000] {logging_mixin.py:190} WARNING - Traceback (most recent call last):
[2024-09-16T00:04:40.967+0000] {logging_mixin.py:190} WARNING -   File "/usr/local/lib/python3.12/weakref.py", line 369, in remove
[2024-09-16T00:04:40.978+0000] {logging_mixin.py:190} WARNING -     def remove(k, selfref=ref(self)):
[2024-09-16T00:04:40.979+0000] {logging_mixin.py:190} WARNING -   File "/home/airflow/.local/lib/python3.12/site-packages/airflow/utils/timeout.py", line 69, in handle_timeout
[2024-09-16T00:04:40.982+0000] {logging_mixin.py:190} WARNING -     raise AirflowTaskTimeout(self.error_message)
[2024-09-16T00:04:40.983+0000] {logging_mixin.py:190} WARNING - airflow.exceptions.AirflowTaskTimeout: DagBag import timeout for /opt/airflow/dags/dag_etl_cocktails.py after 30.0s.
Please take a look at these docs to improve your DAG import time:
* https://airflow.apache.org/docs/apache-airflow/2.10.1/best-practices.html#top-level-python-code
* https://airflow.apache.org/docs/apache-airflow/2.10.1/best-practices.html#reducing-dag-complexity, PID: 159
[2024-09-16T00:04:43.463+0000] {processor.py:925} INFO - DAG(s) 'etl-cocktails' retrieved from /opt/airflow/dags/dag_etl_cocktails.py
[2024-09-16T00:04:43.636+0000] {logging_mixin.py:190} INFO - [2024-09-16T00:04:43.635+0000] {dag.py:3229} INFO - Sync 1 DAGs
[2024-09-16T00:04:43.810+0000] {processor.py:208} INFO - Processing /opt/airflow/dags/dag_etl_cocktails.py took 34.368 seconds
[2024-09-16T00:05:14.548+0000] {processor.py:186} INFO - Started process (PID=179) to work on /opt/airflow/dags/dag_etl_cocktails.py
[2024-09-16T00:05:14.555+0000] {processor.py:914} INFO - Processing file /opt/airflow/dags/dag_etl_cocktails.py for tasks to queue
[2024-09-16T00:05:14.619+0000] {logging_mixin.py:190} INFO - [2024-09-16T00:05:14.617+0000] {dagbag.py:587} INFO - Filling up the DagBag from /opt/airflow/dags/dag_etl_cocktails.py
[2024-09-16T00:05:47.706+0000] {logging_mixin.py:190} INFO - [2024-09-16T00:05:47.700+0000] {timeout.py:68} ERROR - Process timed out, PID: 179
[2024-09-16T00:05:47.709+0000] {logging_mixin.py:190} WARNING - Exception ignored in: <function WeakKeyDictionary.__init__.<locals>.remove at 0x7f52015b2980>
[2024-09-16T00:05:47.710+0000] {logging_mixin.py:190} WARNING - Traceback (most recent call last):
[2024-09-16T00:05:47.711+0000] {logging_mixin.py:190} WARNING -   File "/usr/local/lib/python3.12/weakref.py", line 369, in remove
[2024-09-16T00:05:47.714+0000] {logging_mixin.py:190} WARNING -     def remove(k, selfref=ref(self)):
[2024-09-16T00:05:47.719+0000] {logging_mixin.py:190} WARNING -   File "/home/airflow/.local/lib/python3.12/site-packages/airflow/utils/timeout.py", line 69, in handle_timeout
[2024-09-16T00:05:47.722+0000] {logging_mixin.py:190} WARNING -     raise AirflowTaskTimeout(self.error_message)
[2024-09-16T00:05:47.725+0000] {logging_mixin.py:190} WARNING - airflow.exceptions.AirflowTaskTimeout: DagBag import timeout for /opt/airflow/dags/dag_etl_cocktails.py after 30.0s.
Please take a look at these docs to improve your DAG import time:
* https://airflow.apache.org/docs/apache-airflow/2.10.1/best-practices.html#top-level-python-code
* https://airflow.apache.org/docs/apache-airflow/2.10.1/best-practices.html#reducing-dag-complexity, PID: 179
[2024-09-16T00:05:48.972+0000] {processor.py:925} INFO - DAG(s) 'etl-cocktails' retrieved from /opt/airflow/dags/dag_etl_cocktails.py
[2024-09-16T00:05:49.045+0000] {logging_mixin.py:190} INFO - [2024-09-16T00:05:49.045+0000] {dag.py:3229} INFO - Sync 1 DAGs
[2024-09-16T00:05:49.129+0000] {processor.py:208} INFO - Processing /opt/airflow/dags/dag_etl_cocktails.py took 34.750 seconds
[2024-09-16T00:06:19.866+0000] {processor.py:186} INFO - Started process (PID=211) to work on /opt/airflow/dags/dag_etl_cocktails.py
[2024-09-16T00:06:19.886+0000] {processor.py:914} INFO - Processing file /opt/airflow/dags/dag_etl_cocktails.py for tasks to queue
[2024-09-16T00:06:19.962+0000] {logging_mixin.py:190} INFO - [2024-09-16T00:06:19.946+0000] {dagbag.py:587} INFO - Filling up the DagBag from /opt/airflow/dags/dag_etl_cocktails.py
[2024-09-16T00:06:24.764+0000] {processor.py:925} INFO - DAG(s) 'etl-cocktails' retrieved from /opt/airflow/dags/dag_etl_cocktails.py
[2024-09-16T00:06:24.798+0000] {logging_mixin.py:190} INFO - [2024-09-16T00:06:24.798+0000] {dag.py:3229} INFO - Sync 1 DAGs
[2024-09-16T00:06:24.821+0000] {logging_mixin.py:190} INFO - [2024-09-16T00:06:24.820+0000] {dag.py:4156} INFO - Setting next_dagrun for etl-cocktails to 2024-09-14 00:00:00+00:00, run_after=2024-09-15 00:00:00+00:00
[2024-09-16T00:06:24.841+0000] {processor.py:208} INFO - Processing /opt/airflow/dags/dag_etl_cocktails.py took 5.096 seconds
[2024-09-16T00:06:55.480+0000] {processor.py:186} INFO - Started process (PID=226) to work on /opt/airflow/dags/dag_etl_cocktails.py
[2024-09-16T00:06:55.481+0000] {processor.py:914} INFO - Processing file /opt/airflow/dags/dag_etl_cocktails.py for tasks to queue
[2024-09-16T00:06:55.485+0000] {logging_mixin.py:190} INFO - [2024-09-16T00:06:55.485+0000] {dagbag.py:587} INFO - Filling up the DagBag from /opt/airflow/dags/dag_etl_cocktails.py
[2024-09-16T00:06:56.012+0000] {processor.py:925} INFO - DAG(s) 'etl-cocktails' retrieved from /opt/airflow/dags/dag_etl_cocktails.py
[2024-09-16T00:06:56.032+0000] {logging_mixin.py:190} INFO - [2024-09-16T00:06:56.032+0000] {dag.py:3229} INFO - Sync 1 DAGs
[2024-09-16T00:06:56.052+0000] {logging_mixin.py:190} INFO - [2024-09-16T00:06:56.052+0000] {dag.py:4156} INFO - Setting next_dagrun for etl-cocktails to 2024-09-16 00:00:00+00:00, run_after=2024-09-17 00:00:00+00:00
[2024-09-16T00:06:56.068+0000] {processor.py:208} INFO - Processing /opt/airflow/dags/dag_etl_cocktails.py took 0.595 seconds
[2024-09-16T00:07:26.417+0000] {processor.py:186} INFO - Started process (PID=237) to work on /opt/airflow/dags/dag_etl_cocktails.py
[2024-09-16T00:07:26.419+0000] {processor.py:914} INFO - Processing file /opt/airflow/dags/dag_etl_cocktails.py for tasks to queue
[2024-09-16T00:07:26.422+0000] {logging_mixin.py:190} INFO - [2024-09-16T00:07:26.422+0000] {dagbag.py:587} INFO - Filling up the DagBag from /opt/airflow/dags/dag_etl_cocktails.py
[2024-09-16T00:07:26.933+0000] {processor.py:925} INFO - DAG(s) 'etl-cocktails' retrieved from /opt/airflow/dags/dag_etl_cocktails.py
[2024-09-16T00:07:26.957+0000] {logging_mixin.py:190} INFO - [2024-09-16T00:07:26.957+0000] {dag.py:3229} INFO - Sync 1 DAGs
[2024-09-16T00:07:26.979+0000] {logging_mixin.py:190} INFO - [2024-09-16T00:07:26.978+0000] {dag.py:4156} INFO - Setting next_dagrun for etl-cocktails to 2024-09-16 00:00:00+00:00, run_after=2024-09-17 00:00:00+00:00
[2024-09-16T00:07:26.994+0000] {processor.py:208} INFO - Processing /opt/airflow/dags/dag_etl_cocktails.py took 0.584 seconds
[2024-09-16T00:07:57.519+0000] {processor.py:186} INFO - Started process (PID=251) to work on /opt/airflow/dags/dag_etl_cocktails.py
[2024-09-16T00:07:57.521+0000] {processor.py:914} INFO - Processing file /opt/airflow/dags/dag_etl_cocktails.py for tasks to queue
[2024-09-16T00:07:57.524+0000] {logging_mixin.py:190} INFO - [2024-09-16T00:07:57.524+0000] {dagbag.py:587} INFO - Filling up the DagBag from /opt/airflow/dags/dag_etl_cocktails.py
[2024-09-16T00:07:58.022+0000] {processor.py:925} INFO - DAG(s) 'etl-cocktails' retrieved from /opt/airflow/dags/dag_etl_cocktails.py
[2024-09-16T00:07:58.047+0000] {logging_mixin.py:190} INFO - [2024-09-16T00:07:58.047+0000] {dag.py:3229} INFO - Sync 1 DAGs
[2024-09-16T00:07:58.065+0000] {logging_mixin.py:190} INFO - [2024-09-16T00:07:58.064+0000] {dag.py:4156} INFO - Setting next_dagrun for etl-cocktails to 2024-09-16 00:00:00+00:00, run_after=2024-09-17 00:00:00+00:00
[2024-09-16T00:07:58.080+0000] {processor.py:208} INFO - Processing /opt/airflow/dags/dag_etl_cocktails.py took 0.569 seconds
[2024-09-16T00:08:28.603+0000] {processor.py:186} INFO - Started process (PID=266) to work on /opt/airflow/dags/dag_etl_cocktails.py
[2024-09-16T00:08:28.605+0000] {processor.py:914} INFO - Processing file /opt/airflow/dags/dag_etl_cocktails.py for tasks to queue
[2024-09-16T00:08:28.611+0000] {logging_mixin.py:190} INFO - [2024-09-16T00:08:28.610+0000] {dagbag.py:587} INFO - Filling up the DagBag from /opt/airflow/dags/dag_etl_cocktails.py
[2024-09-16T00:08:29.555+0000] {processor.py:925} INFO - DAG(s) 'etl-cocktails' retrieved from /opt/airflow/dags/dag_etl_cocktails.py
[2024-09-16T00:08:29.592+0000] {logging_mixin.py:190} INFO - [2024-09-16T00:08:29.591+0000] {dag.py:3229} INFO - Sync 1 DAGs
[2024-09-16T00:08:29.629+0000] {logging_mixin.py:190} INFO - [2024-09-16T00:08:29.628+0000] {dag.py:4156} INFO - Setting next_dagrun for etl-cocktails to 2024-09-16 00:00:00+00:00, run_after=2024-09-17 00:00:00+00:00
[2024-09-16T00:08:29.667+0000] {processor.py:208} INFO - Processing /opt/airflow/dags/dag_etl_cocktails.py took 1.077 seconds
[2024-09-16T00:09:00.160+0000] {processor.py:186} INFO - Started process (PID=281) to work on /opt/airflow/dags/dag_etl_cocktails.py
[2024-09-16T00:09:00.164+0000] {processor.py:914} INFO - Processing file /opt/airflow/dags/dag_etl_cocktails.py for tasks to queue
[2024-09-16T00:09:00.171+0000] {logging_mixin.py:190} INFO - [2024-09-16T00:09:00.169+0000] {dagbag.py:587} INFO - Filling up the DagBag from /opt/airflow/dags/dag_etl_cocktails.py
[2024-09-16T00:09:01.094+0000] {processor.py:925} INFO - DAG(s) 'etl-cocktails' retrieved from /opt/airflow/dags/dag_etl_cocktails.py
[2024-09-16T00:09:01.146+0000] {logging_mixin.py:190} INFO - [2024-09-16T00:09:01.145+0000] {dag.py:3229} INFO - Sync 1 DAGs
[2024-09-16T00:09:01.182+0000] {logging_mixin.py:190} INFO - [2024-09-16T00:09:01.181+0000] {dag.py:4156} INFO - Setting next_dagrun for etl-cocktails to 2024-09-16 00:00:00+00:00, run_after=2024-09-17 00:00:00+00:00
[2024-09-16T00:09:01.224+0000] {processor.py:208} INFO - Processing /opt/airflow/dags/dag_etl_cocktails.py took 1.074 seconds
[2024-09-16T00:09:31.722+0000] {processor.py:186} INFO - Started process (PID=291) to work on /opt/airflow/dags/dag_etl_cocktails.py
[2024-09-16T00:09:31.724+0000] {processor.py:914} INFO - Processing file /opt/airflow/dags/dag_etl_cocktails.py for tasks to queue
[2024-09-16T00:09:31.730+0000] {logging_mixin.py:190} INFO - [2024-09-16T00:09:31.729+0000] {dagbag.py:587} INFO - Filling up the DagBag from /opt/airflow/dags/dag_etl_cocktails.py
[2024-09-16T00:09:32.530+0000] {processor.py:925} INFO - DAG(s) 'etl-cocktails' retrieved from /opt/airflow/dags/dag_etl_cocktails.py
[2024-09-16T00:09:32.579+0000] {logging_mixin.py:190} INFO - [2024-09-16T00:09:32.578+0000] {dag.py:3229} INFO - Sync 1 DAGs
[2024-09-16T00:09:32.625+0000] {logging_mixin.py:190} INFO - [2024-09-16T00:09:32.621+0000] {dag.py:4156} INFO - Setting next_dagrun for etl-cocktails to 2024-09-16 00:00:00+00:00, run_after=2024-09-17 00:00:00+00:00
[2024-09-16T00:09:32.653+0000] {processor.py:208} INFO - Processing /opt/airflow/dags/dag_etl_cocktails.py took 0.942 seconds
[2024-09-16T00:10:03.343+0000] {processor.py:186} INFO - Started process (PID=305) to work on /opt/airflow/dags/dag_etl_cocktails.py
[2024-09-16T00:10:03.345+0000] {processor.py:914} INFO - Processing file /opt/airflow/dags/dag_etl_cocktails.py for tasks to queue
[2024-09-16T00:10:03.352+0000] {logging_mixin.py:190} INFO - [2024-09-16T00:10:03.351+0000] {dagbag.py:587} INFO - Filling up the DagBag from /opt/airflow/dags/dag_etl_cocktails.py
[2024-09-16T00:10:04.348+0000] {processor.py:925} INFO - DAG(s) 'etl-cocktails' retrieved from /opt/airflow/dags/dag_etl_cocktails.py
[2024-09-16T00:10:04.394+0000] {logging_mixin.py:190} INFO - [2024-09-16T00:10:04.393+0000] {dag.py:3229} INFO - Sync 1 DAGs
[2024-09-16T00:10:04.435+0000] {logging_mixin.py:190} INFO - [2024-09-16T00:10:04.435+0000] {dag.py:4156} INFO - Setting next_dagrun for etl-cocktails to 2024-09-16 00:00:00+00:00, run_after=2024-09-17 00:00:00+00:00
[2024-09-16T00:10:04.471+0000] {processor.py:208} INFO - Processing /opt/airflow/dags/dag_etl_cocktails.py took 1.143 seconds
[2024-09-16T00:10:35.097+0000] {processor.py:186} INFO - Started process (PID=316) to work on /opt/airflow/dags/dag_etl_cocktails.py
[2024-09-16T00:10:35.102+0000] {processor.py:914} INFO - Processing file /opt/airflow/dags/dag_etl_cocktails.py for tasks to queue
[2024-09-16T00:10:35.112+0000] {logging_mixin.py:190} INFO - [2024-09-16T00:10:35.109+0000] {dagbag.py:587} INFO - Filling up the DagBag from /opt/airflow/dags/dag_etl_cocktails.py
[2024-09-16T00:10:36.122+0000] {processor.py:925} INFO - DAG(s) 'etl-cocktails' retrieved from /opt/airflow/dags/dag_etl_cocktails.py
[2024-09-16T00:10:36.168+0000] {logging_mixin.py:190} INFO - [2024-09-16T00:10:36.167+0000] {dag.py:3229} INFO - Sync 1 DAGs
[2024-09-16T00:10:36.200+0000] {logging_mixin.py:190} INFO - [2024-09-16T00:10:36.200+0000] {dag.py:4156} INFO - Setting next_dagrun for etl-cocktails to 2024-09-16 00:00:00+00:00, run_after=2024-09-17 00:00:00+00:00
[2024-09-16T00:10:36.225+0000] {processor.py:208} INFO - Processing /opt/airflow/dags/dag_etl_cocktails.py took 1.151 seconds
[2024-09-16T00:11:06.969+0000] {processor.py:186} INFO - Started process (PID=326) to work on /opt/airflow/dags/dag_etl_cocktails.py
[2024-09-16T00:11:06.972+0000] {processor.py:914} INFO - Processing file /opt/airflow/dags/dag_etl_cocktails.py for tasks to queue
[2024-09-16T00:11:06.977+0000] {logging_mixin.py:190} INFO - [2024-09-16T00:11:06.977+0000] {dagbag.py:587} INFO - Filling up the DagBag from /opt/airflow/dags/dag_etl_cocktails.py
[2024-09-16T00:11:08.028+0000] {processor.py:925} INFO - DAG(s) 'etl-cocktails' retrieved from /opt/airflow/dags/dag_etl_cocktails.py
[2024-09-16T00:11:08.103+0000] {logging_mixin.py:190} INFO - [2024-09-16T00:11:08.103+0000] {dag.py:3229} INFO - Sync 1 DAGs
[2024-09-16T00:11:08.152+0000] {logging_mixin.py:190} INFO - [2024-09-16T00:11:08.151+0000] {dag.py:4156} INFO - Setting next_dagrun for etl-cocktails to 2024-09-16 00:00:00+00:00, run_after=2024-09-17 00:00:00+00:00
[2024-09-16T00:11:08.183+0000] {processor.py:208} INFO - Processing /opt/airflow/dags/dag_etl_cocktails.py took 1.232 seconds
[2024-09-16T00:11:38.687+0000] {processor.py:186} INFO - Started process (PID=336) to work on /opt/airflow/dags/dag_etl_cocktails.py
[2024-09-16T00:11:38.689+0000] {processor.py:914} INFO - Processing file /opt/airflow/dags/dag_etl_cocktails.py for tasks to queue
[2024-09-16T00:11:38.694+0000] {logging_mixin.py:190} INFO - [2024-09-16T00:11:38.693+0000] {dagbag.py:587} INFO - Filling up the DagBag from /opt/airflow/dags/dag_etl_cocktails.py
[2024-09-16T00:11:39.567+0000] {processor.py:925} INFO - DAG(s) 'etl-cocktails' retrieved from /opt/airflow/dags/dag_etl_cocktails.py
[2024-09-16T00:11:39.611+0000] {logging_mixin.py:190} INFO - [2024-09-16T00:11:39.610+0000] {dag.py:3229} INFO - Sync 1 DAGs
[2024-09-16T00:11:39.646+0000] {logging_mixin.py:190} INFO - [2024-09-16T00:11:39.646+0000] {dag.py:4156} INFO - Setting next_dagrun for etl-cocktails to 2024-09-16 00:00:00+00:00, run_after=2024-09-17 00:00:00+00:00
[2024-09-16T00:11:39.679+0000] {processor.py:208} INFO - Processing /opt/airflow/dags/dag_etl_cocktails.py took 1.000 seconds
[2024-09-16T00:12:10.308+0000] {processor.py:186} INFO - Started process (PID=346) to work on /opt/airflow/dags/dag_etl_cocktails.py
[2024-09-16T00:12:10.310+0000] {processor.py:914} INFO - Processing file /opt/airflow/dags/dag_etl_cocktails.py for tasks to queue
[2024-09-16T00:12:10.321+0000] {logging_mixin.py:190} INFO - [2024-09-16T00:12:10.320+0000] {dagbag.py:587} INFO - Filling up the DagBag from /opt/airflow/dags/dag_etl_cocktails.py
[2024-09-16T00:12:12.077+0000] {processor.py:925} INFO - DAG(s) 'etl-cocktails' retrieved from /opt/airflow/dags/dag_etl_cocktails.py
[2024-09-16T00:12:12.133+0000] {logging_mixin.py:190} INFO - [2024-09-16T00:12:12.132+0000] {dag.py:3229} INFO - Sync 1 DAGs
[2024-09-16T00:12:12.167+0000] {logging_mixin.py:190} INFO - [2024-09-16T00:12:12.167+0000] {dag.py:4156} INFO - Setting next_dagrun for etl-cocktails to 2024-09-16 00:00:00+00:00, run_after=2024-09-17 00:00:00+00:00
[2024-09-16T00:12:12.207+0000] {processor.py:208} INFO - Processing /opt/airflow/dags/dag_etl_cocktails.py took 1.924 seconds
[2024-09-16T00:12:42.719+0000] {processor.py:186} INFO - Started process (PID=356) to work on /opt/airflow/dags/dag_etl_cocktails.py
[2024-09-16T00:12:42.724+0000] {processor.py:914} INFO - Processing file /opt/airflow/dags/dag_etl_cocktails.py for tasks to queue
[2024-09-16T00:12:42.737+0000] {logging_mixin.py:190} INFO - [2024-09-16T00:12:42.735+0000] {dagbag.py:587} INFO - Filling up the DagBag from /opt/airflow/dags/dag_etl_cocktails.py
[2024-09-16T00:12:43.810+0000] {processor.py:925} INFO - DAG(s) 'etl-cocktails' retrieved from /opt/airflow/dags/dag_etl_cocktails.py
[2024-09-16T00:12:43.863+0000] {logging_mixin.py:190} INFO - [2024-09-16T00:12:43.863+0000] {dag.py:3229} INFO - Sync 1 DAGs
[2024-09-16T00:12:43.900+0000] {logging_mixin.py:190} INFO - [2024-09-16T00:12:43.899+0000] {dag.py:4156} INFO - Setting next_dagrun for etl-cocktails to 2024-09-16 00:00:00+00:00, run_after=2024-09-17 00:00:00+00:00
[2024-09-16T00:12:43.936+0000] {processor.py:208} INFO - Processing /opt/airflow/dags/dag_etl_cocktails.py took 1.242 seconds
[2024-09-16T00:13:14.865+0000] {processor.py:186} INFO - Started process (PID=371) to work on /opt/airflow/dags/dag_etl_cocktails.py
[2024-09-16T00:13:14.868+0000] {processor.py:914} INFO - Processing file /opt/airflow/dags/dag_etl_cocktails.py for tasks to queue
[2024-09-16T00:13:14.879+0000] {logging_mixin.py:190} INFO - [2024-09-16T00:13:14.878+0000] {dagbag.py:587} INFO - Filling up the DagBag from /opt/airflow/dags/dag_etl_cocktails.py
[2024-09-16T00:13:15.902+0000] {processor.py:925} INFO - DAG(s) 'etl-cocktails' retrieved from /opt/airflow/dags/dag_etl_cocktails.py
[2024-09-16T00:13:15.995+0000] {logging_mixin.py:190} INFO - [2024-09-16T00:13:15.994+0000] {dag.py:3229} INFO - Sync 1 DAGs
[2024-09-16T00:13:16.034+0000] {logging_mixin.py:190} INFO - [2024-09-16T00:13:16.034+0000] {dag.py:4156} INFO - Setting next_dagrun for etl-cocktails to 2024-09-16 00:00:00+00:00, run_after=2024-09-17 00:00:00+00:00
[2024-09-16T00:13:16.062+0000] {processor.py:208} INFO - Processing /opt/airflow/dags/dag_etl_cocktails.py took 1.214 seconds
[2024-09-16T00:13:46.639+0000] {processor.py:186} INFO - Started process (PID=381) to work on /opt/airflow/dags/dag_etl_cocktails.py
[2024-09-16T00:13:46.641+0000] {processor.py:914} INFO - Processing file /opt/airflow/dags/dag_etl_cocktails.py for tasks to queue
[2024-09-16T00:13:46.647+0000] {logging_mixin.py:190} INFO - [2024-09-16T00:13:46.647+0000] {dagbag.py:587} INFO - Filling up the DagBag from /opt/airflow/dags/dag_etl_cocktails.py
[2024-09-16T00:13:47.425+0000] {processor.py:925} INFO - DAG(s) 'etl-cocktails' retrieved from /opt/airflow/dags/dag_etl_cocktails.py
[2024-09-16T00:13:47.491+0000] {logging_mixin.py:190} INFO - [2024-09-16T00:13:47.490+0000] {dag.py:3229} INFO - Sync 1 DAGs
[2024-09-16T00:13:47.530+0000] {logging_mixin.py:190} INFO - [2024-09-16T00:13:47.529+0000] {dag.py:4156} INFO - Setting next_dagrun for etl-cocktails to 2024-09-16 00:00:00+00:00, run_after=2024-09-17 00:00:00+00:00
[2024-09-16T00:13:47.561+0000] {processor.py:208} INFO - Processing /opt/airflow/dags/dag_etl_cocktails.py took 0.942 seconds
[2024-09-16T00:14:18.061+0000] {processor.py:186} INFO - Started process (PID=391) to work on /opt/airflow/dags/dag_etl_cocktails.py
[2024-09-16T00:14:18.063+0000] {processor.py:914} INFO - Processing file /opt/airflow/dags/dag_etl_cocktails.py for tasks to queue
[2024-09-16T00:14:18.070+0000] {logging_mixin.py:190} INFO - [2024-09-16T00:14:18.069+0000] {dagbag.py:587} INFO - Filling up the DagBag from /opt/airflow/dags/dag_etl_cocktails.py
[2024-09-16T00:14:18.979+0000] {processor.py:925} INFO - DAG(s) 'etl-cocktails' retrieved from /opt/airflow/dags/dag_etl_cocktails.py
[2024-09-16T00:14:19.023+0000] {logging_mixin.py:190} INFO - [2024-09-16T00:14:19.023+0000] {dag.py:3229} INFO - Sync 1 DAGs
[2024-09-16T00:14:19.059+0000] {logging_mixin.py:190} INFO - [2024-09-16T00:14:19.058+0000] {dag.py:4156} INFO - Setting next_dagrun for etl-cocktails to 2024-09-16 00:00:00+00:00, run_after=2024-09-17 00:00:00+00:00
[2024-09-16T00:14:19.087+0000] {processor.py:208} INFO - Processing /opt/airflow/dags/dag_etl_cocktails.py took 1.038 seconds
[2024-09-16T00:14:49.704+0000] {processor.py:186} INFO - Started process (PID=401) to work on /opt/airflow/dags/dag_etl_cocktails.py
[2024-09-16T00:14:49.707+0000] {processor.py:914} INFO - Processing file /opt/airflow/dags/dag_etl_cocktails.py for tasks to queue
[2024-09-16T00:14:49.712+0000] {logging_mixin.py:190} INFO - [2024-09-16T00:14:49.712+0000] {dagbag.py:587} INFO - Filling up the DagBag from /opt/airflow/dags/dag_etl_cocktails.py
[2024-09-16T00:14:50.691+0000] {processor.py:925} INFO - DAG(s) 'etl-cocktails' retrieved from /opt/airflow/dags/dag_etl_cocktails.py
[2024-09-16T00:14:50.735+0000] {logging_mixin.py:190} INFO - [2024-09-16T00:14:50.733+0000] {dag.py:3229} INFO - Sync 1 DAGs
[2024-09-16T00:14:50.773+0000] {logging_mixin.py:190} INFO - [2024-09-16T00:14:50.773+0000] {dag.py:4156} INFO - Setting next_dagrun for etl-cocktails to 2024-09-16 00:00:00+00:00, run_after=2024-09-17 00:00:00+00:00
[2024-09-16T00:14:50.820+0000] {processor.py:208} INFO - Processing /opt/airflow/dags/dag_etl_cocktails.py took 1.138 seconds
[2024-09-16T00:15:21.387+0000] {processor.py:186} INFO - Started process (PID=412) to work on /opt/airflow/dags/dag_etl_cocktails.py
[2024-09-16T00:15:21.389+0000] {processor.py:914} INFO - Processing file /opt/airflow/dags/dag_etl_cocktails.py for tasks to queue
[2024-09-16T00:15:21.403+0000] {logging_mixin.py:190} INFO - [2024-09-16T00:15:21.401+0000] {dagbag.py:587} INFO - Filling up the DagBag from /opt/airflow/dags/dag_etl_cocktails.py
[2024-09-16T00:15:22.474+0000] {processor.py:925} INFO - DAG(s) 'etl-cocktails' retrieved from /opt/airflow/dags/dag_etl_cocktails.py
[2024-09-16T00:15:22.539+0000] {logging_mixin.py:190} INFO - [2024-09-16T00:15:22.538+0000] {dag.py:3229} INFO - Sync 1 DAGs
[2024-09-16T00:15:22.574+0000] {logging_mixin.py:190} INFO - [2024-09-16T00:15:22.574+0000] {dag.py:4156} INFO - Setting next_dagrun for etl-cocktails to 2024-09-16 00:00:00+00:00, run_after=2024-09-17 00:00:00+00:00
[2024-09-16T00:15:22.607+0000] {processor.py:208} INFO - Processing /opt/airflow/dags/dag_etl_cocktails.py took 1.238 seconds
[2024-09-16T00:15:53.292+0000] {processor.py:186} INFO - Started process (PID=422) to work on /opt/airflow/dags/dag_etl_cocktails.py
[2024-09-16T00:15:53.294+0000] {processor.py:914} INFO - Processing file /opt/airflow/dags/dag_etl_cocktails.py for tasks to queue
[2024-09-16T00:15:53.302+0000] {logging_mixin.py:190} INFO - [2024-09-16T00:15:53.300+0000] {dagbag.py:587} INFO - Filling up the DagBag from /opt/airflow/dags/dag_etl_cocktails.py
[2024-09-16T00:15:54.130+0000] {processor.py:925} INFO - DAG(s) 'etl-cocktails' retrieved from /opt/airflow/dags/dag_etl_cocktails.py
[2024-09-16T00:15:54.183+0000] {logging_mixin.py:190} INFO - [2024-09-16T00:15:54.182+0000] {dag.py:3229} INFO - Sync 1 DAGs
[2024-09-16T00:15:54.217+0000] {logging_mixin.py:190} INFO - [2024-09-16T00:15:54.217+0000] {dag.py:4156} INFO - Setting next_dagrun for etl-cocktails to 2024-09-16 00:00:00+00:00, run_after=2024-09-17 00:00:00+00:00
[2024-09-16T00:15:54.242+0000] {processor.py:208} INFO - Processing /opt/airflow/dags/dag_etl_cocktails.py took 0.966 seconds
[2024-09-16T00:16:25.033+0000] {processor.py:186} INFO - Started process (PID=432) to work on /opt/airflow/dags/dag_etl_cocktails.py
[2024-09-16T00:16:25.035+0000] {processor.py:914} INFO - Processing file /opt/airflow/dags/dag_etl_cocktails.py for tasks to queue
[2024-09-16T00:16:25.040+0000] {logging_mixin.py:190} INFO - [2024-09-16T00:16:25.039+0000] {dagbag.py:587} INFO - Filling up the DagBag from /opt/airflow/dags/dag_etl_cocktails.py
[2024-09-16T00:16:25.885+0000] {processor.py:925} INFO - DAG(s) 'etl-cocktails' retrieved from /opt/airflow/dags/dag_etl_cocktails.py
[2024-09-16T00:16:25.941+0000] {logging_mixin.py:190} INFO - [2024-09-16T00:16:25.941+0000] {dag.py:3229} INFO - Sync 1 DAGs
[2024-09-16T00:16:25.967+0000] {logging_mixin.py:190} INFO - [2024-09-16T00:16:25.967+0000] {dag.py:4156} INFO - Setting next_dagrun for etl-cocktails to 2024-09-16 00:00:00+00:00, run_after=2024-09-17 00:00:00+00:00
[2024-09-16T00:16:26.146+0000] {processor.py:208} INFO - Processing /opt/airflow/dags/dag_etl_cocktails.py took 1.128 seconds
[2024-09-16T00:16:56.669+0000] {processor.py:186} INFO - Started process (PID=442) to work on /opt/airflow/dags/dag_etl_cocktails.py
[2024-09-16T00:16:56.672+0000] {processor.py:914} INFO - Processing file /opt/airflow/dags/dag_etl_cocktails.py for tasks to queue
[2024-09-16T00:16:56.680+0000] {logging_mixin.py:190} INFO - [2024-09-16T00:16:56.679+0000] {dagbag.py:587} INFO - Filling up the DagBag from /opt/airflow/dags/dag_etl_cocktails.py
[2024-09-16T00:16:57.921+0000] {processor.py:925} INFO - DAG(s) 'etl-cocktails' retrieved from /opt/airflow/dags/dag_etl_cocktails.py
[2024-09-16T00:16:57.993+0000] {logging_mixin.py:190} INFO - [2024-09-16T00:16:57.992+0000] {dag.py:3229} INFO - Sync 1 DAGs
[2024-09-16T00:16:58.043+0000] {logging_mixin.py:190} INFO - [2024-09-16T00:16:58.043+0000] {dag.py:4156} INFO - Setting next_dagrun for etl-cocktails to 2024-09-16 00:00:00+00:00, run_after=2024-09-17 00:00:00+00:00
[2024-09-16T00:16:58.075+0000] {processor.py:208} INFO - Processing /opt/airflow/dags/dag_etl_cocktails.py took 1.420 seconds
[2024-09-16T00:17:28.714+0000] {processor.py:186} INFO - Started process (PID=452) to work on /opt/airflow/dags/dag_etl_cocktails.py
[2024-09-16T00:17:28.716+0000] {processor.py:914} INFO - Processing file /opt/airflow/dags/dag_etl_cocktails.py for tasks to queue
[2024-09-16T00:17:28.721+0000] {logging_mixin.py:190} INFO - [2024-09-16T00:17:28.721+0000] {dagbag.py:587} INFO - Filling up the DagBag from /opt/airflow/dags/dag_etl_cocktails.py
[2024-09-16T00:17:29.651+0000] {processor.py:925} INFO - DAG(s) 'etl-cocktails' retrieved from /opt/airflow/dags/dag_etl_cocktails.py
[2024-09-16T00:17:29.724+0000] {logging_mixin.py:190} INFO - [2024-09-16T00:17:29.722+0000] {dag.py:3229} INFO - Sync 1 DAGs
[2024-09-16T00:17:29.778+0000] {logging_mixin.py:190} INFO - [2024-09-16T00:17:29.778+0000] {dag.py:4156} INFO - Setting next_dagrun for etl-cocktails to 2024-09-16 00:00:00+00:00, run_after=2024-09-17 00:00:00+00:00
[2024-09-16T00:17:29.809+0000] {processor.py:208} INFO - Processing /opt/airflow/dags/dag_etl_cocktails.py took 1.110 seconds
[2024-09-16T00:18:00.334+0000] {processor.py:186} INFO - Started process (PID=462) to work on /opt/airflow/dags/dag_etl_cocktails.py
[2024-09-16T00:18:00.337+0000] {processor.py:914} INFO - Processing file /opt/airflow/dags/dag_etl_cocktails.py for tasks to queue
[2024-09-16T00:18:00.342+0000] {logging_mixin.py:190} INFO - [2024-09-16T00:18:00.341+0000] {dagbag.py:587} INFO - Filling up the DagBag from /opt/airflow/dags/dag_etl_cocktails.py
[2024-09-16T00:18:01.291+0000] {processor.py:925} INFO - DAG(s) 'etl-cocktails' retrieved from /opt/airflow/dags/dag_etl_cocktails.py
[2024-09-16T00:18:01.332+0000] {logging_mixin.py:190} INFO - [2024-09-16T00:18:01.332+0000] {dag.py:3229} INFO - Sync 1 DAGs
[2024-09-16T00:18:01.375+0000] {logging_mixin.py:190} INFO - [2024-09-16T00:18:01.374+0000] {dag.py:4156} INFO - Setting next_dagrun for etl-cocktails to 2024-09-16 00:00:00+00:00, run_after=2024-09-17 00:00:00+00:00
[2024-09-16T00:18:01.406+0000] {processor.py:208} INFO - Processing /opt/airflow/dags/dag_etl_cocktails.py took 1.087 seconds
[2024-09-16T00:18:32.153+0000] {processor.py:186} INFO - Started process (PID=473) to work on /opt/airflow/dags/dag_etl_cocktails.py
[2024-09-16T00:18:32.155+0000] {processor.py:914} INFO - Processing file /opt/airflow/dags/dag_etl_cocktails.py for tasks to queue
[2024-09-16T00:18:32.159+0000] {logging_mixin.py:190} INFO - [2024-09-16T00:18:32.159+0000] {dagbag.py:587} INFO - Filling up the DagBag from /opt/airflow/dags/dag_etl_cocktails.py
[2024-09-16T00:18:32.918+0000] {processor.py:925} INFO - DAG(s) 'etl-cocktails' retrieved from /opt/airflow/dags/dag_etl_cocktails.py
[2024-09-16T00:18:32.973+0000] {logging_mixin.py:190} INFO - [2024-09-16T00:18:32.972+0000] {dag.py:3229} INFO - Sync 1 DAGs
[2024-09-16T00:18:33.015+0000] {logging_mixin.py:190} INFO - [2024-09-16T00:18:33.014+0000] {dag.py:4156} INFO - Setting next_dagrun for etl-cocktails to 2024-09-16 00:00:00+00:00, run_after=2024-09-17 00:00:00+00:00
[2024-09-16T00:18:33.041+0000] {processor.py:208} INFO - Processing /opt/airflow/dags/dag_etl_cocktails.py took 0.901 seconds
[2024-09-16T00:19:03.572+0000] {processor.py:186} INFO - Started process (PID=483) to work on /opt/airflow/dags/dag_etl_cocktails.py
[2024-09-16T00:19:03.575+0000] {processor.py:914} INFO - Processing file /opt/airflow/dags/dag_etl_cocktails.py for tasks to queue
[2024-09-16T00:19:03.580+0000] {logging_mixin.py:190} INFO - [2024-09-16T00:19:03.579+0000] {dagbag.py:587} INFO - Filling up the DagBag from /opt/airflow/dags/dag_etl_cocktails.py
[2024-09-16T00:19:04.498+0000] {processor.py:925} INFO - DAG(s) 'etl-cocktails' retrieved from /opt/airflow/dags/dag_etl_cocktails.py
[2024-09-16T00:19:04.558+0000] {logging_mixin.py:190} INFO - [2024-09-16T00:19:04.555+0000] {dag.py:3229} INFO - Sync 1 DAGs
[2024-09-16T00:19:04.600+0000] {logging_mixin.py:190} INFO - [2024-09-16T00:19:04.599+0000] {dag.py:4156} INFO - Setting next_dagrun for etl-cocktails to 2024-09-16 00:00:00+00:00, run_after=2024-09-17 00:00:00+00:00
[2024-09-16T00:19:04.633+0000] {processor.py:208} INFO - Processing /opt/airflow/dags/dag_etl_cocktails.py took 1.074 seconds
[2024-09-16T00:19:35.167+0000] {processor.py:186} INFO - Started process (PID=493) to work on /opt/airflow/dags/dag_etl_cocktails.py
[2024-09-16T00:19:35.172+0000] {processor.py:914} INFO - Processing file /opt/airflow/dags/dag_etl_cocktails.py for tasks to queue
[2024-09-16T00:19:35.181+0000] {logging_mixin.py:190} INFO - [2024-09-16T00:19:35.179+0000] {dagbag.py:587} INFO - Filling up the DagBag from /opt/airflow/dags/dag_etl_cocktails.py
[2024-09-16T00:19:35.931+0000] {processor.py:925} INFO - DAG(s) 'etl-cocktails' retrieved from /opt/airflow/dags/dag_etl_cocktails.py
[2024-09-16T00:19:35.967+0000] {logging_mixin.py:190} INFO - [2024-09-16T00:19:35.966+0000] {dag.py:3229} INFO - Sync 1 DAGs
[2024-09-16T00:19:36.003+0000] {logging_mixin.py:190} INFO - [2024-09-16T00:19:36.002+0000] {dag.py:4156} INFO - Setting next_dagrun for etl-cocktails to 2024-09-16 00:00:00+00:00, run_after=2024-09-17 00:00:00+00:00
[2024-09-16T00:19:36.040+0000] {processor.py:208} INFO - Processing /opt/airflow/dags/dag_etl_cocktails.py took 0.887 seconds
[2024-09-16T00:20:06.622+0000] {processor.py:186} INFO - Started process (PID=503) to work on /opt/airflow/dags/dag_etl_cocktails.py
[2024-09-16T00:20:06.624+0000] {processor.py:914} INFO - Processing file /opt/airflow/dags/dag_etl_cocktails.py for tasks to queue
[2024-09-16T00:20:06.630+0000] {logging_mixin.py:190} INFO - [2024-09-16T00:20:06.630+0000] {dagbag.py:587} INFO - Filling up the DagBag from /opt/airflow/dags/dag_etl_cocktails.py
[2024-09-16T00:20:07.354+0000] {processor.py:925} INFO - DAG(s) 'etl-cocktails' retrieved from /opt/airflow/dags/dag_etl_cocktails.py
[2024-09-16T00:20:07.409+0000] {logging_mixin.py:190} INFO - [2024-09-16T00:20:07.408+0000] {dag.py:3229} INFO - Sync 1 DAGs
[2024-09-16T00:20:07.455+0000] {logging_mixin.py:190} INFO - [2024-09-16T00:20:07.454+0000] {dag.py:4156} INFO - Setting next_dagrun for etl-cocktails to 2024-09-16 00:00:00+00:00, run_after=2024-09-17 00:00:00+00:00
[2024-09-16T00:20:07.491+0000] {processor.py:208} INFO - Processing /opt/airflow/dags/dag_etl_cocktails.py took 0.883 seconds
[2024-09-16T00:20:38.083+0000] {processor.py:186} INFO - Started process (PID=512) to work on /opt/airflow/dags/dag_etl_cocktails.py
[2024-09-16T00:20:38.086+0000] {processor.py:914} INFO - Processing file /opt/airflow/dags/dag_etl_cocktails.py for tasks to queue
[2024-09-16T00:20:38.101+0000] {logging_mixin.py:190} INFO - [2024-09-16T00:20:38.100+0000] {dagbag.py:587} INFO - Filling up the DagBag from /opt/airflow/dags/dag_etl_cocktails.py
[2024-09-16T00:20:41.692+0000] {processor.py:925} INFO - DAG(s) 'etl-cocktails' retrieved from /opt/airflow/dags/dag_etl_cocktails.py
[2024-09-16T00:20:41.813+0000] {logging_mixin.py:190} INFO - [2024-09-16T00:20:41.812+0000] {dag.py:3229} INFO - Sync 1 DAGs
[2024-09-16T00:20:41.866+0000] {logging_mixin.py:190} INFO - [2024-09-16T00:20:41.865+0000] {dag.py:4156} INFO - Setting next_dagrun for etl-cocktails to 2024-09-16 00:00:00+00:00, run_after=2024-09-17 00:00:00+00:00
[2024-09-16T00:20:41.908+0000] {processor.py:208} INFO - Processing /opt/airflow/dags/dag_etl_cocktails.py took 3.850 seconds
[2024-09-16T00:21:12.797+0000] {processor.py:186} INFO - Started process (PID=524) to work on /opt/airflow/dags/dag_etl_cocktails.py
[2024-09-16T00:21:12.800+0000] {processor.py:914} INFO - Processing file /opt/airflow/dags/dag_etl_cocktails.py for tasks to queue
[2024-09-16T00:21:12.804+0000] {logging_mixin.py:190} INFO - [2024-09-16T00:21:12.803+0000] {dagbag.py:587} INFO - Filling up the DagBag from /opt/airflow/dags/dag_etl_cocktails.py
[2024-09-16T00:21:13.496+0000] {processor.py:925} INFO - DAG(s) 'etl-cocktails' retrieved from /opt/airflow/dags/dag_etl_cocktails.py
[2024-09-16T00:21:13.530+0000] {logging_mixin.py:190} INFO - [2024-09-16T00:21:13.529+0000] {dag.py:3229} INFO - Sync 1 DAGs
[2024-09-16T00:21:13.558+0000] {logging_mixin.py:190} INFO - [2024-09-16T00:21:13.558+0000] {dag.py:4156} INFO - Setting next_dagrun for etl-cocktails to 2024-09-16 00:00:00+00:00, run_after=2024-09-17 00:00:00+00:00
[2024-09-16T00:21:13.624+0000] {processor.py:208} INFO - Processing /opt/airflow/dags/dag_etl_cocktails.py took 0.842 seconds
[2024-09-16T00:21:44.311+0000] {processor.py:186} INFO - Started process (PID=534) to work on /opt/airflow/dags/dag_etl_cocktails.py
[2024-09-16T00:21:44.314+0000] {processor.py:914} INFO - Processing file /opt/airflow/dags/dag_etl_cocktails.py for tasks to queue
[2024-09-16T00:21:44.320+0000] {logging_mixin.py:190} INFO - [2024-09-16T00:21:44.319+0000] {dagbag.py:587} INFO - Filling up the DagBag from /opt/airflow/dags/dag_etl_cocktails.py
[2024-09-16T00:21:45.240+0000] {processor.py:925} INFO - DAG(s) 'etl-cocktails' retrieved from /opt/airflow/dags/dag_etl_cocktails.py
[2024-09-16T00:21:45.278+0000] {logging_mixin.py:190} INFO - [2024-09-16T00:21:45.278+0000] {dag.py:3229} INFO - Sync 1 DAGs
[2024-09-16T00:21:45.311+0000] {logging_mixin.py:190} INFO - [2024-09-16T00:21:45.310+0000] {dag.py:4156} INFO - Setting next_dagrun for etl-cocktails to 2024-09-16 00:00:00+00:00, run_after=2024-09-17 00:00:00+00:00
[2024-09-16T00:21:45.341+0000] {processor.py:208} INFO - Processing /opt/airflow/dags/dag_etl_cocktails.py took 1.044 seconds
[2024-09-16T00:22:15.920+0000] {processor.py:186} INFO - Started process (PID=544) to work on /opt/airflow/dags/dag_etl_cocktails.py
[2024-09-16T00:22:15.921+0000] {processor.py:914} INFO - Processing file /opt/airflow/dags/dag_etl_cocktails.py for tasks to queue
[2024-09-16T00:22:15.926+0000] {logging_mixin.py:190} INFO - [2024-09-16T00:22:15.926+0000] {dagbag.py:587} INFO - Filling up the DagBag from /opt/airflow/dags/dag_etl_cocktails.py
[2024-09-16T00:22:16.875+0000] {processor.py:925} INFO - DAG(s) 'etl-cocktails' retrieved from /opt/airflow/dags/dag_etl_cocktails.py
[2024-09-16T00:22:16.931+0000] {logging_mixin.py:190} INFO - [2024-09-16T00:22:16.930+0000] {dag.py:3229} INFO - Sync 1 DAGs
[2024-09-16T00:22:16.980+0000] {logging_mixin.py:190} INFO - [2024-09-16T00:22:16.980+0000] {dag.py:4156} INFO - Setting next_dagrun for etl-cocktails to 2024-09-16 00:00:00+00:00, run_after=2024-09-17 00:00:00+00:00
[2024-09-16T00:22:17.023+0000] {processor.py:208} INFO - Processing /opt/airflow/dags/dag_etl_cocktails.py took 1.114 seconds
[2024-09-16T00:22:47.467+0000] {processor.py:186} INFO - Started process (PID=560) to work on /opt/airflow/dags/dag_etl_cocktails.py
[2024-09-16T00:22:47.470+0000] {processor.py:914} INFO - Processing file /opt/airflow/dags/dag_etl_cocktails.py for tasks to queue
[2024-09-16T00:22:47.478+0000] {logging_mixin.py:190} INFO - [2024-09-16T00:22:47.477+0000] {dagbag.py:587} INFO - Filling up the DagBag from /opt/airflow/dags/dag_etl_cocktails.py
[2024-09-16T00:22:48.697+0000] {processor.py:925} INFO - DAG(s) 'etl-cocktails' retrieved from /opt/airflow/dags/dag_etl_cocktails.py
[2024-09-16T00:22:48.773+0000] {logging_mixin.py:190} INFO - [2024-09-16T00:22:48.772+0000] {dag.py:3229} INFO - Sync 1 DAGs
[2024-09-16T00:22:48.817+0000] {logging_mixin.py:190} INFO - [2024-09-16T00:22:48.816+0000] {dag.py:4156} INFO - Setting next_dagrun for etl-cocktails to 2024-09-16 00:00:00+00:00, run_after=2024-09-17 00:00:00+00:00
[2024-09-16T00:22:48.856+0000] {processor.py:208} INFO - Processing /opt/airflow/dags/dag_etl_cocktails.py took 1.403 seconds
[2024-09-16T00:23:19.248+0000] {processor.py:186} INFO - Started process (PID=569) to work on /opt/airflow/dags/dag_etl_cocktails.py
[2024-09-16T00:23:19.250+0000] {processor.py:914} INFO - Processing file /opt/airflow/dags/dag_etl_cocktails.py for tasks to queue
[2024-09-16T00:23:19.258+0000] {logging_mixin.py:190} INFO - [2024-09-16T00:23:19.256+0000] {dagbag.py:587} INFO - Filling up the DagBag from /opt/airflow/dags/dag_etl_cocktails.py
[2024-09-16T00:23:20.137+0000] {processor.py:925} INFO - DAG(s) 'etl-cocktails' retrieved from /opt/airflow/dags/dag_etl_cocktails.py
[2024-09-16T00:23:20.171+0000] {logging_mixin.py:190} INFO - [2024-09-16T00:23:20.170+0000] {dag.py:3229} INFO - Sync 1 DAGs
[2024-09-16T00:23:20.210+0000] {logging_mixin.py:190} INFO - [2024-09-16T00:23:20.209+0000] {dag.py:4156} INFO - Setting next_dagrun for etl-cocktails to 2024-09-16 00:00:00+00:00, run_after=2024-09-17 00:00:00+00:00
[2024-09-16T00:23:20.236+0000] {processor.py:208} INFO - Processing /opt/airflow/dags/dag_etl_cocktails.py took 0.997 seconds
[2024-09-16T00:23:50.822+0000] {processor.py:186} INFO - Started process (PID=579) to work on /opt/airflow/dags/dag_etl_cocktails.py
[2024-09-16T00:23:50.826+0000] {processor.py:914} INFO - Processing file /opt/airflow/dags/dag_etl_cocktails.py for tasks to queue
[2024-09-16T00:23:50.831+0000] {logging_mixin.py:190} INFO - [2024-09-16T00:23:50.831+0000] {dagbag.py:587} INFO - Filling up the DagBag from /opt/airflow/dags/dag_etl_cocktails.py
[2024-09-16T00:23:51.836+0000] {processor.py:925} INFO - DAG(s) 'etl-cocktails' retrieved from /opt/airflow/dags/dag_etl_cocktails.py
[2024-09-16T00:23:51.883+0000] {logging_mixin.py:190} INFO - [2024-09-16T00:23:51.882+0000] {dag.py:3229} INFO - Sync 1 DAGs
[2024-09-16T00:23:51.930+0000] {logging_mixin.py:190} INFO - [2024-09-16T00:23:51.930+0000] {dag.py:4156} INFO - Setting next_dagrun for etl-cocktails to 2024-09-16 00:00:00+00:00, run_after=2024-09-17 00:00:00+00:00
[2024-09-16T00:23:51.963+0000] {processor.py:208} INFO - Processing /opt/airflow/dags/dag_etl_cocktails.py took 1.156 seconds
[2024-09-16T00:24:22.353+0000] {processor.py:186} INFO - Started process (PID=589) to work on /opt/airflow/dags/dag_etl_cocktails.py
[2024-09-16T00:24:22.355+0000] {processor.py:914} INFO - Processing file /opt/airflow/dags/dag_etl_cocktails.py for tasks to queue
[2024-09-16T00:24:22.359+0000] {logging_mixin.py:190} INFO - [2024-09-16T00:24:22.359+0000] {dagbag.py:587} INFO - Filling up the DagBag from /opt/airflow/dags/dag_etl_cocktails.py
[2024-09-16T00:24:23.137+0000] {processor.py:925} INFO - DAG(s) 'etl-cocktails' retrieved from /opt/airflow/dags/dag_etl_cocktails.py
[2024-09-16T00:24:23.172+0000] {logging_mixin.py:190} INFO - [2024-09-16T00:24:23.171+0000] {dag.py:3229} INFO - Sync 1 DAGs
[2024-09-16T00:24:23.207+0000] {logging_mixin.py:190} INFO - [2024-09-16T00:24:23.207+0000] {dag.py:4156} INFO - Setting next_dagrun for etl-cocktails to 2024-09-16 00:00:00+00:00, run_after=2024-09-17 00:00:00+00:00
[2024-09-16T00:24:23.240+0000] {processor.py:208} INFO - Processing /opt/airflow/dags/dag_etl_cocktails.py took 0.895 seconds
[2024-09-16T00:24:53.716+0000] {processor.py:186} INFO - Started process (PID=599) to work on /opt/airflow/dags/dag_etl_cocktails.py
[2024-09-16T00:24:53.718+0000] {processor.py:914} INFO - Processing file /opt/airflow/dags/dag_etl_cocktails.py for tasks to queue
[2024-09-16T00:24:53.722+0000] {logging_mixin.py:190} INFO - [2024-09-16T00:24:53.722+0000] {dagbag.py:587} INFO - Filling up the DagBag from /opt/airflow/dags/dag_etl_cocktails.py
[2024-09-16T00:24:54.539+0000] {processor.py:925} INFO - DAG(s) 'etl-cocktails' retrieved from /opt/airflow/dags/dag_etl_cocktails.py
[2024-09-16T00:24:54.580+0000] {logging_mixin.py:190} INFO - [2024-09-16T00:24:54.580+0000] {dag.py:3229} INFO - Sync 1 DAGs
[2024-09-16T00:24:54.617+0000] {logging_mixin.py:190} INFO - [2024-09-16T00:24:54.616+0000] {dag.py:4156} INFO - Setting next_dagrun for etl-cocktails to 2024-09-16 00:00:00+00:00, run_after=2024-09-17 00:00:00+00:00
[2024-09-16T00:24:54.651+0000] {processor.py:208} INFO - Processing /opt/airflow/dags/dag_etl_cocktails.py took 0.947 seconds
[2024-09-16T00:25:25.153+0000] {processor.py:186} INFO - Started process (PID=609) to work on /opt/airflow/dags/dag_etl_cocktails.py
[2024-09-16T00:25:25.156+0000] {processor.py:914} INFO - Processing file /opt/airflow/dags/dag_etl_cocktails.py for tasks to queue
[2024-09-16T00:25:25.171+0000] {logging_mixin.py:190} INFO - [2024-09-16T00:25:25.170+0000] {dagbag.py:587} INFO - Filling up the DagBag from /opt/airflow/dags/dag_etl_cocktails.py
[2024-09-16T00:25:25.945+0000] {processor.py:925} INFO - DAG(s) 'etl-cocktails' retrieved from /opt/airflow/dags/dag_etl_cocktails.py
[2024-09-16T00:25:25.983+0000] {logging_mixin.py:190} INFO - [2024-09-16T00:25:25.982+0000] {dag.py:3229} INFO - Sync 1 DAGs
[2024-09-16T00:25:26.013+0000] {logging_mixin.py:190} INFO - [2024-09-16T00:25:26.013+0000] {dag.py:4156} INFO - Setting next_dagrun for etl-cocktails to 2024-09-16 00:00:00+00:00, run_after=2024-09-17 00:00:00+00:00
[2024-09-16T00:25:26.047+0000] {processor.py:208} INFO - Processing /opt/airflow/dags/dag_etl_cocktails.py took 0.912 seconds
[2024-09-16T00:25:56.646+0000] {processor.py:186} INFO - Started process (PID=618) to work on /opt/airflow/dags/dag_etl_cocktails.py
[2024-09-16T00:25:56.648+0000] {processor.py:914} INFO - Processing file /opt/airflow/dags/dag_etl_cocktails.py for tasks to queue
[2024-09-16T00:25:56.654+0000] {logging_mixin.py:190} INFO - [2024-09-16T00:25:56.653+0000] {dagbag.py:587} INFO - Filling up the DagBag from /opt/airflow/dags/dag_etl_cocktails.py
[2024-09-16T00:25:57.551+0000] {processor.py:925} INFO - DAG(s) 'etl-cocktails' retrieved from /opt/airflow/dags/dag_etl_cocktails.py
[2024-09-16T00:25:57.589+0000] {logging_mixin.py:190} INFO - [2024-09-16T00:25:57.588+0000] {dag.py:3229} INFO - Sync 1 DAGs
[2024-09-16T00:25:57.623+0000] {logging_mixin.py:190} INFO - [2024-09-16T00:25:57.622+0000] {dag.py:4156} INFO - Setting next_dagrun for etl-cocktails to 2024-09-16 00:00:00+00:00, run_after=2024-09-17 00:00:00+00:00
[2024-09-16T00:25:57.661+0000] {processor.py:208} INFO - Processing /opt/airflow/dags/dag_etl_cocktails.py took 1.026 seconds
[2024-09-16T00:26:28.314+0000] {processor.py:186} INFO - Started process (PID=629) to work on /opt/airflow/dags/dag_etl_cocktails.py
[2024-09-16T00:26:28.316+0000] {processor.py:914} INFO - Processing file /opt/airflow/dags/dag_etl_cocktails.py for tasks to queue
[2024-09-16T00:26:28.322+0000] {logging_mixin.py:190} INFO - [2024-09-16T00:26:28.321+0000] {dagbag.py:587} INFO - Filling up the DagBag from /opt/airflow/dags/dag_etl_cocktails.py
[2024-09-16T00:26:29.348+0000] {processor.py:925} INFO - DAG(s) 'etl-cocktails' retrieved from /opt/airflow/dags/dag_etl_cocktails.py
[2024-09-16T00:26:29.432+0000] {logging_mixin.py:190} INFO - [2024-09-16T00:26:29.431+0000] {dag.py:3229} INFO - Sync 1 DAGs
[2024-09-16T00:26:29.479+0000] {logging_mixin.py:190} INFO - [2024-09-16T00:26:29.479+0000] {dag.py:4156} INFO - Setting next_dagrun for etl-cocktails to 2024-09-16 00:00:00+00:00, run_after=2024-09-17 00:00:00+00:00
[2024-09-16T00:26:29.524+0000] {processor.py:208} INFO - Processing /opt/airflow/dags/dag_etl_cocktails.py took 1.222 seconds
[2024-09-16T00:26:59.984+0000] {processor.py:186} INFO - Started process (PID=640) to work on /opt/airflow/dags/dag_etl_cocktails.py
[2024-09-16T00:26:59.987+0000] {processor.py:914} INFO - Processing file /opt/airflow/dags/dag_etl_cocktails.py for tasks to queue
[2024-09-16T00:26:59.993+0000] {logging_mixin.py:190} INFO - [2024-09-16T00:26:59.992+0000] {dagbag.py:587} INFO - Filling up the DagBag from /opt/airflow/dags/dag_etl_cocktails.py
[2024-09-16T00:27:00.880+0000] {processor.py:925} INFO - DAG(s) 'etl-cocktails' retrieved from /opt/airflow/dags/dag_etl_cocktails.py
[2024-09-16T00:27:00.924+0000] {logging_mixin.py:190} INFO - [2024-09-16T00:27:00.924+0000] {dag.py:3229} INFO - Sync 1 DAGs
[2024-09-16T00:27:00.963+0000] {logging_mixin.py:190} INFO - [2024-09-16T00:27:00.963+0000] {dag.py:4156} INFO - Setting next_dagrun for etl-cocktails to 2024-09-16 00:00:00+00:00, run_after=2024-09-17 00:00:00+00:00
[2024-09-16T00:27:01.018+0000] {processor.py:208} INFO - Processing /opt/airflow/dags/dag_etl_cocktails.py took 1.046 seconds
[2024-09-16T00:27:31.410+0000] {processor.py:186} INFO - Started process (PID=649) to work on /opt/airflow/dags/dag_etl_cocktails.py
[2024-09-16T00:27:31.412+0000] {processor.py:914} INFO - Processing file /opt/airflow/dags/dag_etl_cocktails.py for tasks to queue
[2024-09-16T00:27:31.415+0000] {logging_mixin.py:190} INFO - [2024-09-16T00:27:31.415+0000] {dagbag.py:587} INFO - Filling up the DagBag from /opt/airflow/dags/dag_etl_cocktails.py
[2024-09-16T00:27:32.165+0000] {processor.py:925} INFO - DAG(s) 'etl-cocktails' retrieved from /opt/airflow/dags/dag_etl_cocktails.py
[2024-09-16T00:27:32.197+0000] {logging_mixin.py:190} INFO - [2024-09-16T00:27:32.197+0000] {dag.py:3229} INFO - Sync 1 DAGs
[2024-09-16T00:27:32.223+0000] {logging_mixin.py:190} INFO - [2024-09-16T00:27:32.223+0000] {dag.py:4156} INFO - Setting next_dagrun for etl-cocktails to 2024-09-16 00:00:00+00:00, run_after=2024-09-17 00:00:00+00:00
[2024-09-16T00:27:32.256+0000] {processor.py:208} INFO - Processing /opt/airflow/dags/dag_etl_cocktails.py took 0.854 seconds
[2024-09-16T00:28:02.864+0000] {processor.py:186} INFO - Started process (PID=658) to work on /opt/airflow/dags/dag_etl_cocktails.py
[2024-09-16T00:28:02.866+0000] {processor.py:914} INFO - Processing file /opt/airflow/dags/dag_etl_cocktails.py for tasks to queue
[2024-09-16T00:28:02.870+0000] {logging_mixin.py:190} INFO - [2024-09-16T00:28:02.869+0000] {dagbag.py:587} INFO - Filling up the DagBag from /opt/airflow/dags/dag_etl_cocktails.py
[2024-09-16T00:28:03.672+0000] {processor.py:925} INFO - DAG(s) 'etl-cocktails' retrieved from /opt/airflow/dags/dag_etl_cocktails.py
[2024-09-16T00:28:03.711+0000] {logging_mixin.py:190} INFO - [2024-09-16T00:28:03.710+0000] {dag.py:3229} INFO - Sync 1 DAGs
[2024-09-16T00:28:03.743+0000] {logging_mixin.py:190} INFO - [2024-09-16T00:28:03.743+0000] {dag.py:4156} INFO - Setting next_dagrun for etl-cocktails to 2024-09-16 00:00:00+00:00, run_after=2024-09-17 00:00:00+00:00
[2024-09-16T00:28:03.774+0000] {processor.py:208} INFO - Processing /opt/airflow/dags/dag_etl_cocktails.py took 0.920 seconds
[2024-09-16T00:28:34.318+0000] {processor.py:186} INFO - Started process (PID=667) to work on /opt/airflow/dags/dag_etl_cocktails.py
[2024-09-16T00:28:34.322+0000] {processor.py:914} INFO - Processing file /opt/airflow/dags/dag_etl_cocktails.py for tasks to queue
[2024-09-16T00:28:34.326+0000] {logging_mixin.py:190} INFO - [2024-09-16T00:28:34.325+0000] {dagbag.py:587} INFO - Filling up the DagBag from /opt/airflow/dags/dag_etl_cocktails.py
[2024-09-16T00:28:34.368+0000] {logging_mixin.py:190} INFO - [2024-09-16T00:28:34.351+0000] {dagbag.py:386} ERROR - Failed to import: /opt/airflow/dags/dag_etl_cocktails.py
Traceback (most recent call last):
  File "/home/airflow/.local/lib/python3.12/site-packages/airflow/models/dagbag.py", line 382, in parse
    loader.exec_module(new_module)
  File "<frozen importlib._bootstrap_external>", line 995, in exec_module
  File "<frozen importlib._bootstrap>", line 488, in _call_with_frames_removed
  File "/opt/airflow/dags/dag_etl_cocktails.py", line 6, in <module>
    from obtencion_datos import llamado_api
ModuleNotFoundError: No module named 'obtencion_datos'
[2024-09-16T00:28:34.371+0000] {processor.py:927} WARNING - No viable dags retrieved from /opt/airflow/dags/dag_etl_cocktails.py
[2024-09-16T00:28:34.403+0000] {processor.py:208} INFO - Processing /opt/airflow/dags/dag_etl_cocktails.py took 0.094 seconds
[2024-09-16T00:29:04.871+0000] {processor.py:186} INFO - Started process (PID=674) to work on /opt/airflow/dags/dag_etl_cocktails.py
[2024-09-16T00:29:04.874+0000] {processor.py:914} INFO - Processing file /opt/airflow/dags/dag_etl_cocktails.py for tasks to queue
[2024-09-16T00:29:04.878+0000] {logging_mixin.py:190} INFO - [2024-09-16T00:29:04.877+0000] {dagbag.py:587} INFO - Filling up the DagBag from /opt/airflow/dags/dag_etl_cocktails.py
[2024-09-16T00:29:04.966+0000] {logging_mixin.py:190} INFO - [2024-09-16T00:29:04.949+0000] {dagbag.py:386} ERROR - Failed to import: /opt/airflow/dags/dag_etl_cocktails.py
Traceback (most recent call last):
  File "/home/airflow/.local/lib/python3.12/site-packages/airflow/models/dagbag.py", line 382, in parse
    loader.exec_module(new_module)
  File "<frozen importlib._bootstrap_external>", line 995, in exec_module
  File "<frozen importlib._bootstrap>", line 488, in _call_with_frames_removed
  File "/opt/airflow/dags/dag_etl_cocktails.py", line 6, in <module>
    from obtencion_datos import llamado_api
ModuleNotFoundError: No module named 'obtencion_datos'
[2024-09-16T00:29:04.972+0000] {processor.py:927} WARNING - No viable dags retrieved from /opt/airflow/dags/dag_etl_cocktails.py
[2024-09-16T00:29:05.015+0000] {processor.py:208} INFO - Processing /opt/airflow/dags/dag_etl_cocktails.py took 0.157 seconds
[2024-09-16T00:29:35.383+0000] {processor.py:186} INFO - Started process (PID=681) to work on /opt/airflow/dags/dag_etl_cocktails.py
[2024-09-16T00:29:35.386+0000] {processor.py:914} INFO - Processing file /opt/airflow/dags/dag_etl_cocktails.py for tasks to queue
[2024-09-16T00:29:35.389+0000] {logging_mixin.py:190} INFO - [2024-09-16T00:29:35.388+0000] {dagbag.py:587} INFO - Filling up the DagBag from /opt/airflow/dags/dag_etl_cocktails.py
[2024-09-16T00:29:35.439+0000] {logging_mixin.py:190} INFO - [2024-09-16T00:29:35.426+0000] {dagbag.py:386} ERROR - Failed to import: /opt/airflow/dags/dag_etl_cocktails.py
Traceback (most recent call last):
  File "/home/airflow/.local/lib/python3.12/site-packages/airflow/models/dagbag.py", line 382, in parse
    loader.exec_module(new_module)
  File "<frozen importlib._bootstrap_external>", line 995, in exec_module
  File "<frozen importlib._bootstrap>", line 488, in _call_with_frames_removed
  File "/opt/airflow/dags/dag_etl_cocktails.py", line 6, in <module>
    from obtencion_datos import llamado_api
ModuleNotFoundError: No module named 'obtencion_datos'
[2024-09-16T00:29:35.443+0000] {processor.py:927} WARNING - No viable dags retrieved from /opt/airflow/dags/dag_etl_cocktails.py
[2024-09-16T00:29:35.484+0000] {processor.py:208} INFO - Processing /opt/airflow/dags/dag_etl_cocktails.py took 0.111 seconds
[2024-09-16T00:30:05.833+0000] {processor.py:186} INFO - Started process (PID=688) to work on /opt/airflow/dags/dag_etl_cocktails.py
[2024-09-16T00:30:05.835+0000] {processor.py:914} INFO - Processing file /opt/airflow/dags/dag_etl_cocktails.py for tasks to queue
[2024-09-16T00:30:05.837+0000] {logging_mixin.py:190} INFO - [2024-09-16T00:30:05.837+0000] {dagbag.py:587} INFO - Filling up the DagBag from /opt/airflow/dags/dag_etl_cocktails.py
[2024-09-16T00:30:05.878+0000] {logging_mixin.py:190} INFO - [2024-09-16T00:30:05.870+0000] {dagbag.py:386} ERROR - Failed to import: /opt/airflow/dags/dag_etl_cocktails.py
Traceback (most recent call last):
  File "/home/airflow/.local/lib/python3.12/site-packages/airflow/models/dagbag.py", line 382, in parse
    loader.exec_module(new_module)
  File "<frozen importlib._bootstrap_external>", line 995, in exec_module
  File "<frozen importlib._bootstrap>", line 488, in _call_with_frames_removed
  File "/opt/airflow/dags/dag_etl_cocktails.py", line 6, in <module>
    from obtencion_datos import llamado_api
ModuleNotFoundError: No module named 'obtencion_datos'
[2024-09-16T00:30:05.884+0000] {processor.py:927} WARNING - No viable dags retrieved from /opt/airflow/dags/dag_etl_cocktails.py
[2024-09-16T00:30:05.920+0000] {processor.py:208} INFO - Processing /opt/airflow/dags/dag_etl_cocktails.py took 0.097 seconds
[2024-09-16T00:30:36.346+0000] {processor.py:186} INFO - Started process (PID=695) to work on /opt/airflow/dags/dag_etl_cocktails.py
[2024-09-16T00:30:36.348+0000] {processor.py:914} INFO - Processing file /opt/airflow/dags/dag_etl_cocktails.py for tasks to queue
[2024-09-16T00:30:36.351+0000] {logging_mixin.py:190} INFO - [2024-09-16T00:30:36.350+0000] {dagbag.py:587} INFO - Filling up the DagBag from /opt/airflow/dags/dag_etl_cocktails.py
[2024-09-16T00:30:36.413+0000] {logging_mixin.py:190} INFO - [2024-09-16T00:30:36.400+0000] {dagbag.py:386} ERROR - Failed to import: /opt/airflow/dags/dag_etl_cocktails.py
Traceback (most recent call last):
  File "/home/airflow/.local/lib/python3.12/site-packages/airflow/models/dagbag.py", line 382, in parse
    loader.exec_module(new_module)
  File "<frozen importlib._bootstrap_external>", line 995, in exec_module
  File "<frozen importlib._bootstrap>", line 488, in _call_with_frames_removed
  File "/opt/airflow/dags/dag_etl_cocktails.py", line 6, in <module>
    from obtencion_datos import llamado_api
ModuleNotFoundError: No module named 'obtencion_datos'
[2024-09-16T00:30:36.417+0000] {processor.py:927} WARNING - No viable dags retrieved from /opt/airflow/dags/dag_etl_cocktails.py
[2024-09-16T00:30:36.455+0000] {processor.py:208} INFO - Processing /opt/airflow/dags/dag_etl_cocktails.py took 0.120 seconds
[2024-09-16T00:31:07.196+0000] {processor.py:186} INFO - Started process (PID=702) to work on /opt/airflow/dags/dag_etl_cocktails.py
[2024-09-16T00:31:07.198+0000] {processor.py:914} INFO - Processing file /opt/airflow/dags/dag_etl_cocktails.py for tasks to queue
[2024-09-16T00:31:07.201+0000] {logging_mixin.py:190} INFO - [2024-09-16T00:31:07.201+0000] {dagbag.py:587} INFO - Filling up the DagBag from /opt/airflow/dags/dag_etl_cocktails.py
[2024-09-16T00:31:07.242+0000] {logging_mixin.py:190} INFO - [2024-09-16T00:31:07.233+0000] {dagbag.py:386} ERROR - Failed to import: /opt/airflow/dags/dag_etl_cocktails.py
Traceback (most recent call last):
  File "/home/airflow/.local/lib/python3.12/site-packages/airflow/models/dagbag.py", line 382, in parse
    loader.exec_module(new_module)
  File "<frozen importlib._bootstrap_external>", line 995, in exec_module
  File "<frozen importlib._bootstrap>", line 488, in _call_with_frames_removed
  File "/opt/airflow/dags/dag_etl_cocktails.py", line 6, in <module>
    from obtencion_datos import llamado_api
ModuleNotFoundError: No module named 'obtencion_datos'
[2024-09-16T00:31:07.245+0000] {processor.py:927} WARNING - No viable dags retrieved from /opt/airflow/dags/dag_etl_cocktails.py
[2024-09-16T00:31:07.281+0000] {processor.py:208} INFO - Processing /opt/airflow/dags/dag_etl_cocktails.py took 0.095 seconds
[2024-09-16T00:31:37.603+0000] {processor.py:186} INFO - Started process (PID=709) to work on /opt/airflow/dags/dag_etl_cocktails.py
[2024-09-16T00:31:37.606+0000] {processor.py:914} INFO - Processing file /opt/airflow/dags/dag_etl_cocktails.py for tasks to queue
[2024-09-16T00:31:37.610+0000] {logging_mixin.py:190} INFO - [2024-09-16T00:31:37.609+0000] {dagbag.py:587} INFO - Filling up the DagBag from /opt/airflow/dags/dag_etl_cocktails.py
[2024-09-16T00:31:37.675+0000] {logging_mixin.py:190} INFO - [2024-09-16T00:31:37.662+0000] {dagbag.py:386} ERROR - Failed to import: /opt/airflow/dags/dag_etl_cocktails.py
Traceback (most recent call last):
  File "/home/airflow/.local/lib/python3.12/site-packages/airflow/models/dagbag.py", line 382, in parse
    loader.exec_module(new_module)
  File "<frozen importlib._bootstrap_external>", line 995, in exec_module
  File "<frozen importlib._bootstrap>", line 488, in _call_with_frames_removed
  File "/opt/airflow/dags/dag_etl_cocktails.py", line 6, in <module>
    from obtencion_datos import llamado_api
ModuleNotFoundError: No module named 'obtencion_datos'
[2024-09-16T00:31:37.679+0000] {processor.py:927} WARNING - No viable dags retrieved from /opt/airflow/dags/dag_etl_cocktails.py
[2024-09-16T00:31:37.715+0000] {processor.py:208} INFO - Processing /opt/airflow/dags/dag_etl_cocktails.py took 0.123 seconds
[2024-09-16T00:32:08.131+0000] {processor.py:186} INFO - Started process (PID=716) to work on /opt/airflow/dags/dag_etl_cocktails.py
[2024-09-16T00:32:08.135+0000] {processor.py:914} INFO - Processing file /opt/airflow/dags/dag_etl_cocktails.py for tasks to queue
[2024-09-16T00:32:08.138+0000] {logging_mixin.py:190} INFO - [2024-09-16T00:32:08.137+0000] {dagbag.py:587} INFO - Filling up the DagBag from /opt/airflow/dags/dag_etl_cocktails.py
[2024-09-16T00:32:08.178+0000] {logging_mixin.py:190} INFO - [2024-09-16T00:32:08.168+0000] {dagbag.py:386} ERROR - Failed to import: /opt/airflow/dags/dag_etl_cocktails.py
Traceback (most recent call last):
  File "/home/airflow/.local/lib/python3.12/site-packages/airflow/models/dagbag.py", line 382, in parse
    loader.exec_module(new_module)
  File "<frozen importlib._bootstrap_external>", line 995, in exec_module
  File "<frozen importlib._bootstrap>", line 488, in _call_with_frames_removed
  File "/opt/airflow/dags/dag_etl_cocktails.py", line 6, in <module>
    from obtencion_datos import llamado_api
ModuleNotFoundError: No module named 'obtencion_datos'
[2024-09-16T00:32:08.182+0000] {processor.py:927} WARNING - No viable dags retrieved from /opt/airflow/dags/dag_etl_cocktails.py
[2024-09-16T00:32:08.213+0000] {processor.py:208} INFO - Processing /opt/airflow/dags/dag_etl_cocktails.py took 0.093 seconds
[2024-09-16T00:32:38.523+0000] {processor.py:186} INFO - Started process (PID=723) to work on /opt/airflow/dags/dag_etl_cocktails.py
[2024-09-16T00:32:38.525+0000] {processor.py:914} INFO - Processing file /opt/airflow/dags/dag_etl_cocktails.py for tasks to queue
[2024-09-16T00:32:38.528+0000] {logging_mixin.py:190} INFO - [2024-09-16T00:32:38.528+0000] {dagbag.py:587} INFO - Filling up the DagBag from /opt/airflow/dags/dag_etl_cocktails.py
[2024-09-16T00:32:38.563+0000] {logging_mixin.py:190} INFO - [2024-09-16T00:32:38.555+0000] {dagbag.py:386} ERROR - Failed to import: /opt/airflow/dags/dag_etl_cocktails.py
Traceback (most recent call last):
  File "/home/airflow/.local/lib/python3.12/site-packages/airflow/models/dagbag.py", line 382, in parse
    loader.exec_module(new_module)
  File "<frozen importlib._bootstrap_external>", line 995, in exec_module
  File "<frozen importlib._bootstrap>", line 488, in _call_with_frames_removed
  File "/opt/airflow/dags/dag_etl_cocktails.py", line 6, in <module>
    from obtencion_datos import llamado_api
ModuleNotFoundError: No module named 'obtencion_datos'
[2024-09-16T00:32:38.567+0000] {processor.py:927} WARNING - No viable dags retrieved from /opt/airflow/dags/dag_etl_cocktails.py
[2024-09-16T00:32:38.607+0000] {processor.py:208} INFO - Processing /opt/airflow/dags/dag_etl_cocktails.py took 0.094 seconds
[2024-09-16T00:33:09.003+0000] {processor.py:186} INFO - Started process (PID=730) to work on /opt/airflow/dags/dag_etl_cocktails.py
[2024-09-16T00:33:09.007+0000] {processor.py:914} INFO - Processing file /opt/airflow/dags/dag_etl_cocktails.py for tasks to queue
[2024-09-16T00:33:09.010+0000] {logging_mixin.py:190} INFO - [2024-09-16T00:33:09.009+0000] {dagbag.py:587} INFO - Filling up the DagBag from /opt/airflow/dags/dag_etl_cocktails.py
[2024-09-16T00:33:09.070+0000] {logging_mixin.py:190} INFO - [2024-09-16T00:33:09.059+0000] {dagbag.py:386} ERROR - Failed to import: /opt/airflow/dags/dag_etl_cocktails.py
Traceback (most recent call last):
  File "/home/airflow/.local/lib/python3.12/site-packages/airflow/models/dagbag.py", line 382, in parse
    loader.exec_module(new_module)
  File "<frozen importlib._bootstrap_external>", line 995, in exec_module
  File "<frozen importlib._bootstrap>", line 488, in _call_with_frames_removed
  File "/opt/airflow/dags/dag_etl_cocktails.py", line 6, in <module>
    from obtencion_datos import llamado_api
ModuleNotFoundError: No module named 'obtencion_datos'
[2024-09-16T00:33:09.074+0000] {processor.py:927} WARNING - No viable dags retrieved from /opt/airflow/dags/dag_etl_cocktails.py
[2024-09-16T00:33:09.112+0000] {processor.py:208} INFO - Processing /opt/airflow/dags/dag_etl_cocktails.py took 0.119 seconds
[2024-09-16T00:33:39.429+0000] {processor.py:186} INFO - Started process (PID=737) to work on /opt/airflow/dags/dag_etl_cocktails.py
[2024-09-16T00:33:39.435+0000] {processor.py:914} INFO - Processing file /opt/airflow/dags/dag_etl_cocktails.py for tasks to queue
[2024-09-16T00:33:39.439+0000] {logging_mixin.py:190} INFO - [2024-09-16T00:33:39.438+0000] {dagbag.py:587} INFO - Filling up the DagBag from /opt/airflow/dags/dag_etl_cocktails.py
[2024-09-16T00:33:39.484+0000] {logging_mixin.py:190} INFO - [2024-09-16T00:33:39.479+0000] {dagbag.py:386} ERROR - Failed to import: /opt/airflow/dags/dag_etl_cocktails.py
Traceback (most recent call last):
  File "/home/airflow/.local/lib/python3.12/site-packages/airflow/models/dagbag.py", line 382, in parse
    loader.exec_module(new_module)
  File "<frozen importlib._bootstrap_external>", line 995, in exec_module
  File "<frozen importlib._bootstrap>", line 488, in _call_with_frames_removed
  File "/opt/airflow/dags/dag_etl_cocktails.py", line 6, in <module>
    from obtencion_datos import llamado_api
ModuleNotFoundError: No module named 'obtencion_datos'
[2024-09-16T00:33:39.486+0000] {processor.py:927} WARNING - No viable dags retrieved from /opt/airflow/dags/dag_etl_cocktails.py
[2024-09-16T00:33:39.532+0000] {processor.py:208} INFO - Processing /opt/airflow/dags/dag_etl_cocktails.py took 0.113 seconds
[2024-09-16T00:34:09.834+0000] {processor.py:186} INFO - Started process (PID=744) to work on /opt/airflow/dags/dag_etl_cocktails.py
[2024-09-16T00:34:09.837+0000] {processor.py:914} INFO - Processing file /opt/airflow/dags/dag_etl_cocktails.py for tasks to queue
[2024-09-16T00:34:09.842+0000] {logging_mixin.py:190} INFO - [2024-09-16T00:34:09.840+0000] {dagbag.py:587} INFO - Filling up the DagBag from /opt/airflow/dags/dag_etl_cocktails.py
[2024-09-16T00:34:09.913+0000] {logging_mixin.py:190} INFO - [2024-09-16T00:34:09.898+0000] {dagbag.py:386} ERROR - Failed to import: /opt/airflow/dags/dag_etl_cocktails.py
Traceback (most recent call last):
  File "/home/airflow/.local/lib/python3.12/site-packages/airflow/models/dagbag.py", line 382, in parse
    loader.exec_module(new_module)
  File "<frozen importlib._bootstrap_external>", line 995, in exec_module
  File "<frozen importlib._bootstrap>", line 488, in _call_with_frames_removed
  File "/opt/airflow/dags/dag_etl_cocktails.py", line 6, in <module>
    from obtencion_datos import llamado_api
ModuleNotFoundError: No module named 'obtencion_datos'
[2024-09-16T00:34:09.919+0000] {processor.py:927} WARNING - No viable dags retrieved from /opt/airflow/dags/dag_etl_cocktails.py
[2024-09-16T00:34:09.987+0000] {processor.py:208} INFO - Processing /opt/airflow/dags/dag_etl_cocktails.py took 0.171 seconds
[2024-09-16T00:34:40.402+0000] {processor.py:186} INFO - Started process (PID=751) to work on /opt/airflow/dags/dag_etl_cocktails.py
[2024-09-16T00:34:40.406+0000] {processor.py:914} INFO - Processing file /opt/airflow/dags/dag_etl_cocktails.py for tasks to queue
[2024-09-16T00:34:40.413+0000] {logging_mixin.py:190} INFO - [2024-09-16T00:34:40.411+0000] {dagbag.py:587} INFO - Filling up the DagBag from /opt/airflow/dags/dag_etl_cocktails.py
[2024-09-16T00:34:40.492+0000] {logging_mixin.py:190} INFO - [2024-09-16T00:34:40.475+0000] {dagbag.py:386} ERROR - Failed to import: /opt/airflow/dags/dag_etl_cocktails.py
Traceback (most recent call last):
  File "/home/airflow/.local/lib/python3.12/site-packages/airflow/models/dagbag.py", line 382, in parse
    loader.exec_module(new_module)
  File "<frozen importlib._bootstrap_external>", line 995, in exec_module
  File "<frozen importlib._bootstrap>", line 488, in _call_with_frames_removed
  File "/opt/airflow/dags/dag_etl_cocktails.py", line 6, in <module>
    from obtencion_datos import llamado_api
ModuleNotFoundError: No module named 'obtencion_datos'
[2024-09-16T00:34:40.499+0000] {processor.py:927} WARNING - No viable dags retrieved from /opt/airflow/dags/dag_etl_cocktails.py
[2024-09-16T00:34:40.556+0000] {processor.py:208} INFO - Processing /opt/airflow/dags/dag_etl_cocktails.py took 0.175 seconds
[2024-09-16T00:35:11.051+0000] {processor.py:186} INFO - Started process (PID=757) to work on /opt/airflow/dags/dag_etl_cocktails.py
[2024-09-16T00:35:11.053+0000] {processor.py:914} INFO - Processing file /opt/airflow/dags/dag_etl_cocktails.py for tasks to queue
[2024-09-16T00:35:11.056+0000] {logging_mixin.py:190} INFO - [2024-09-16T00:35:11.055+0000] {dagbag.py:587} INFO - Filling up the DagBag from /opt/airflow/dags/dag_etl_cocktails.py
[2024-09-16T00:35:11.117+0000] {logging_mixin.py:190} INFO - [2024-09-16T00:35:11.105+0000] {dagbag.py:386} ERROR - Failed to import: /opt/airflow/dags/dag_etl_cocktails.py
Traceback (most recent call last):
  File "/home/airflow/.local/lib/python3.12/site-packages/airflow/models/dagbag.py", line 382, in parse
    loader.exec_module(new_module)
  File "<frozen importlib._bootstrap_external>", line 995, in exec_module
  File "<frozen importlib._bootstrap>", line 488, in _call_with_frames_removed
  File "/opt/airflow/dags/dag_etl_cocktails.py", line 6, in <module>
    from obtencion_datos import llamado_api
ModuleNotFoundError: No module named 'obtencion_datos'
[2024-09-16T00:35:11.121+0000] {processor.py:927} WARNING - No viable dags retrieved from /opt/airflow/dags/dag_etl_cocktails.py
[2024-09-16T00:35:11.158+0000] {processor.py:208} INFO - Processing /opt/airflow/dags/dag_etl_cocktails.py took 0.119 seconds
[2024-09-16T00:35:41.508+0000] {processor.py:186} INFO - Started process (PID=764) to work on /opt/airflow/dags/dag_etl_cocktails.py
[2024-09-16T00:35:41.510+0000] {processor.py:914} INFO - Processing file /opt/airflow/dags/dag_etl_cocktails.py for tasks to queue
[2024-09-16T00:35:41.513+0000] {logging_mixin.py:190} INFO - [2024-09-16T00:35:41.512+0000] {dagbag.py:587} INFO - Filling up the DagBag from /opt/airflow/dags/dag_etl_cocktails.py
[2024-09-16T00:35:41.550+0000] {logging_mixin.py:190} INFO - [2024-09-16T00:35:41.541+0000] {dagbag.py:386} ERROR - Failed to import: /opt/airflow/dags/dag_etl_cocktails.py
Traceback (most recent call last):
  File "/home/airflow/.local/lib/python3.12/site-packages/airflow/models/dagbag.py", line 382, in parse
    loader.exec_module(new_module)
  File "<frozen importlib._bootstrap_external>", line 995, in exec_module
  File "<frozen importlib._bootstrap>", line 488, in _call_with_frames_removed
  File "/opt/airflow/dags/dag_etl_cocktails.py", line 6, in <module>
    from obtencion_datos import llamado_api
ModuleNotFoundError: No module named 'obtencion_datos'
[2024-09-16T00:35:41.553+0000] {processor.py:927} WARNING - No viable dags retrieved from /opt/airflow/dags/dag_etl_cocktails.py
[2024-09-16T00:35:41.596+0000] {processor.py:208} INFO - Processing /opt/airflow/dags/dag_etl_cocktails.py took 0.101 seconds
[2024-09-16T00:36:12.398+0000] {processor.py:186} INFO - Started process (PID=770) to work on /opt/airflow/dags/dag_etl_cocktails.py
[2024-09-16T00:36:12.400+0000] {processor.py:914} INFO - Processing file /opt/airflow/dags/dag_etl_cocktails.py for tasks to queue
[2024-09-16T00:36:12.402+0000] {logging_mixin.py:190} INFO - [2024-09-16T00:36:12.401+0000] {dagbag.py:587} INFO - Filling up the DagBag from /opt/airflow/dags/dag_etl_cocktails.py
[2024-09-16T00:36:12.462+0000] {logging_mixin.py:190} INFO - [2024-09-16T00:36:12.448+0000] {dagbag.py:386} ERROR - Failed to import: /opt/airflow/dags/dag_etl_cocktails.py
Traceback (most recent call last):
  File "/home/airflow/.local/lib/python3.12/site-packages/airflow/models/dagbag.py", line 382, in parse
    loader.exec_module(new_module)
  File "<frozen importlib._bootstrap_external>", line 995, in exec_module
  File "<frozen importlib._bootstrap>", line 488, in _call_with_frames_removed
  File "/opt/airflow/dags/dag_etl_cocktails.py", line 6, in <module>
    from obtencion_datos import llamado_api
ModuleNotFoundError: No module named 'obtencion_datos'
[2024-09-16T00:36:12.466+0000] {processor.py:927} WARNING - No viable dags retrieved from /opt/airflow/dags/dag_etl_cocktails.py
[2024-09-16T00:36:12.501+0000] {processor.py:208} INFO - Processing /opt/airflow/dags/dag_etl_cocktails.py took 0.116 seconds
[2024-09-16T00:36:42.854+0000] {processor.py:186} INFO - Started process (PID=777) to work on /opt/airflow/dags/dag_etl_cocktails.py
[2024-09-16T00:36:42.856+0000] {processor.py:914} INFO - Processing file /opt/airflow/dags/dag_etl_cocktails.py for tasks to queue
[2024-09-16T00:36:42.859+0000] {logging_mixin.py:190} INFO - [2024-09-16T00:36:42.859+0000] {dagbag.py:587} INFO - Filling up the DagBag from /opt/airflow/dags/dag_etl_cocktails.py
[2024-09-16T00:36:42.927+0000] {logging_mixin.py:190} INFO - [2024-09-16T00:36:42.909+0000] {dagbag.py:386} ERROR - Failed to import: /opt/airflow/dags/dag_etl_cocktails.py
Traceback (most recent call last):
  File "/home/airflow/.local/lib/python3.12/site-packages/airflow/models/dagbag.py", line 382, in parse
    loader.exec_module(new_module)
  File "<frozen importlib._bootstrap_external>", line 995, in exec_module
  File "<frozen importlib._bootstrap>", line 488, in _call_with_frames_removed
  File "/opt/airflow/dags/dag_etl_cocktails.py", line 6, in <module>
    from obtencion_datos import llamado_api
ModuleNotFoundError: No module named 'obtencion_datos'
[2024-09-16T00:36:42.934+0000] {processor.py:927} WARNING - No viable dags retrieved from /opt/airflow/dags/dag_etl_cocktails.py
[2024-09-16T00:36:42.981+0000] {processor.py:208} INFO - Processing /opt/airflow/dags/dag_etl_cocktails.py took 0.138 seconds
[2024-09-16T00:37:13.380+0000] {processor.py:186} INFO - Started process (PID=784) to work on /opt/airflow/dags/dag_etl_cocktails.py
[2024-09-16T00:37:13.383+0000] {processor.py:914} INFO - Processing file /opt/airflow/dags/dag_etl_cocktails.py for tasks to queue
[2024-09-16T00:37:13.386+0000] {logging_mixin.py:190} INFO - [2024-09-16T00:37:13.385+0000] {dagbag.py:587} INFO - Filling up the DagBag from /opt/airflow/dags/dag_etl_cocktails.py
[2024-09-16T00:37:13.443+0000] {logging_mixin.py:190} INFO - [2024-09-16T00:37:13.432+0000] {dagbag.py:386} ERROR - Failed to import: /opt/airflow/dags/dag_etl_cocktails.py
Traceback (most recent call last):
  File "/home/airflow/.local/lib/python3.12/site-packages/airflow/models/dagbag.py", line 382, in parse
    loader.exec_module(new_module)
  File "<frozen importlib._bootstrap_external>", line 995, in exec_module
  File "<frozen importlib._bootstrap>", line 488, in _call_with_frames_removed
  File "/opt/airflow/dags/dag_etl_cocktails.py", line 6, in <module>
    from obtencion_datos import llamado_api
ModuleNotFoundError: No module named 'obtencion_datos'
[2024-09-16T00:37:13.446+0000] {processor.py:927} WARNING - No viable dags retrieved from /opt/airflow/dags/dag_etl_cocktails.py
[2024-09-16T00:37:13.488+0000] {processor.py:208} INFO - Processing /opt/airflow/dags/dag_etl_cocktails.py took 0.119 seconds
[2024-09-16T00:37:43.843+0000] {processor.py:186} INFO - Started process (PID=791) to work on /opt/airflow/dags/dag_etl_cocktails.py
[2024-09-16T00:37:43.845+0000] {processor.py:914} INFO - Processing file /opt/airflow/dags/dag_etl_cocktails.py for tasks to queue
[2024-09-16T00:37:43.847+0000] {logging_mixin.py:190} INFO - [2024-09-16T00:37:43.847+0000] {dagbag.py:587} INFO - Filling up the DagBag from /opt/airflow/dags/dag_etl_cocktails.py
[2024-09-16T00:37:43.892+0000] {logging_mixin.py:190} INFO - [2024-09-16T00:37:43.882+0000] {dagbag.py:386} ERROR - Failed to import: /opt/airflow/dags/dag_etl_cocktails.py
Traceback (most recent call last):
  File "/home/airflow/.local/lib/python3.12/site-packages/airflow/models/dagbag.py", line 382, in parse
    loader.exec_module(new_module)
  File "<frozen importlib._bootstrap_external>", line 995, in exec_module
  File "<frozen importlib._bootstrap>", line 488, in _call_with_frames_removed
  File "/opt/airflow/dags/dag_etl_cocktails.py", line 6, in <module>
    from obtencion_datos import llamado_api
ModuleNotFoundError: No module named 'obtencion_datos'
[2024-09-16T00:37:43.897+0000] {processor.py:927} WARNING - No viable dags retrieved from /opt/airflow/dags/dag_etl_cocktails.py
[2024-09-16T00:37:43.934+0000] {processor.py:208} INFO - Processing /opt/airflow/dags/dag_etl_cocktails.py took 0.104 seconds
[2024-09-16T00:38:14.402+0000] {processor.py:186} INFO - Started process (PID=799) to work on /opt/airflow/dags/dag_etl_cocktails.py
[2024-09-16T00:38:14.405+0000] {processor.py:914} INFO - Processing file /opt/airflow/dags/dag_etl_cocktails.py for tasks to queue
[2024-09-16T00:38:14.409+0000] {logging_mixin.py:190} INFO - [2024-09-16T00:38:14.408+0000] {dagbag.py:587} INFO - Filling up the DagBag from /opt/airflow/dags/dag_etl_cocktails.py
[2024-09-16T00:38:14.465+0000] {logging_mixin.py:190} INFO - [2024-09-16T00:38:14.455+0000] {dagbag.py:386} ERROR - Failed to import: /opt/airflow/dags/dag_etl_cocktails.py
Traceback (most recent call last):
  File "/home/airflow/.local/lib/python3.12/site-packages/airflow/models/dagbag.py", line 382, in parse
    loader.exec_module(new_module)
  File "<frozen importlib._bootstrap_external>", line 995, in exec_module
  File "<frozen importlib._bootstrap>", line 488, in _call_with_frames_removed
  File "/opt/airflow/dags/dag_etl_cocktails.py", line 6, in <module>
    from obtencion_datos import llamado_api
ModuleNotFoundError: No module named 'obtencion_datos'
[2024-09-16T00:38:14.469+0000] {processor.py:927} WARNING - No viable dags retrieved from /opt/airflow/dags/dag_etl_cocktails.py
[2024-09-16T00:38:14.525+0000] {processor.py:208} INFO - Processing /opt/airflow/dags/dag_etl_cocktails.py took 0.132 seconds
[2024-09-16T00:38:44.893+0000] {processor.py:186} INFO - Started process (PID=806) to work on /opt/airflow/dags/dag_etl_cocktails.py
[2024-09-16T00:38:44.895+0000] {processor.py:914} INFO - Processing file /opt/airflow/dags/dag_etl_cocktails.py for tasks to queue
[2024-09-16T00:38:44.898+0000] {logging_mixin.py:190} INFO - [2024-09-16T00:38:44.897+0000] {dagbag.py:587} INFO - Filling up the DagBag from /opt/airflow/dags/dag_etl_cocktails.py
[2024-09-16T00:38:44.930+0000] {logging_mixin.py:190} INFO - [2024-09-16T00:38:44.923+0000] {dagbag.py:386} ERROR - Failed to import: /opt/airflow/dags/dag_etl_cocktails.py
Traceback (most recent call last):
  File "/home/airflow/.local/lib/python3.12/site-packages/airflow/models/dagbag.py", line 382, in parse
    loader.exec_module(new_module)
  File "<frozen importlib._bootstrap_external>", line 995, in exec_module
  File "<frozen importlib._bootstrap>", line 488, in _call_with_frames_removed
  File "/opt/airflow/dags/dag_etl_cocktails.py", line 6, in <module>
    from obtencion_datos import llamado_api
ModuleNotFoundError: No module named 'obtencion_datos'
[2024-09-16T00:38:44.933+0000] {processor.py:927} WARNING - No viable dags retrieved from /opt/airflow/dags/dag_etl_cocktails.py
[2024-09-16T00:38:44.972+0000] {processor.py:208} INFO - Processing /opt/airflow/dags/dag_etl_cocktails.py took 0.091 seconds
[2024-09-16T00:38:54.136+0000] {processor.py:186} INFO - Started process (PID=807) to work on /opt/airflow/dags/dag_etl_cocktails.py
[2024-09-16T00:38:54.138+0000] {processor.py:914} INFO - Processing file /opt/airflow/dags/dag_etl_cocktails.py for tasks to queue
[2024-09-16T00:38:54.141+0000] {logging_mixin.py:190} INFO - [2024-09-16T00:38:54.141+0000] {dagbag.py:587} INFO - Filling up the DagBag from /opt/airflow/dags/dag_etl_cocktails.py
[2024-09-16T00:38:59.426+0000] {processor.py:925} INFO - DAG(s) 'etl-cocktails' retrieved from /opt/airflow/dags/dag_etl_cocktails.py
[2024-09-16T00:39:00.040+0000] {logging_mixin.py:190} INFO - [2024-09-16T00:39:00.039+0000] {dag.py:3229} INFO - Sync 1 DAGs
[2024-09-16T00:39:00.082+0000] {logging_mixin.py:190} INFO - [2024-09-16T00:39:00.082+0000] {dag.py:4156} INFO - Setting next_dagrun for etl-cocktails to 2024-09-16 00:00:00+00:00, run_after=2024-09-17 00:00:00+00:00
[2024-09-16T00:39:00.141+0000] {processor.py:208} INFO - Processing /opt/airflow/dags/dag_etl_cocktails.py took 6.017 seconds
[2024-09-16T00:42:07.077+0000] {processor.py:186} INFO - Started process (PID=67) to work on /opt/airflow/dags/dag_etl_cocktails.py
[2024-09-16T00:42:07.112+0000] {processor.py:914} INFO - Processing file /opt/airflow/dags/dag_etl_cocktails.py for tasks to queue
[2024-09-16T00:42:07.188+0000] {logging_mixin.py:190} INFO - [2024-09-16T00:42:07.184+0000] {dagbag.py:587} INFO - Filling up the DagBag from /opt/airflow/dags/dag_etl_cocktails.py
[2024-09-16T00:42:07.349+0000] {logging_mixin.py:190} INFO - [2024-09-16T00:42:07.317+0000] {dagbag.py:386} ERROR - Failed to import: /opt/airflow/dags/dag_etl_cocktails.py
Traceback (most recent call last):
  File "/home/airflow/.local/lib/python3.12/site-packages/airflow/models/dagbag.py", line 382, in parse
    loader.exec_module(new_module)
  File "<frozen importlib._bootstrap_external>", line 995, in exec_module
  File "<frozen importlib._bootstrap>", line 488, in _call_with_frames_removed
  File "/opt/airflow/dags/dag_etl_cocktails.py", line 6, in <module>
    from modules.obtencion_datos import llamado_api
ModuleNotFoundError: No module named 'modules.obtencion_datos'
[2024-09-16T00:42:07.372+0000] {processor.py:927} WARNING - No viable dags retrieved from /opt/airflow/dags/dag_etl_cocktails.py
[2024-09-16T00:42:07.551+0000] {processor.py:208} INFO - Processing /opt/airflow/dags/dag_etl_cocktails.py took 0.647 seconds
[2024-09-16T00:42:42.843+0000] {processor.py:186} INFO - Started process (PID=74) to work on /opt/airflow/dags/dag_etl_cocktails.py
[2024-09-16T00:42:42.855+0000] {processor.py:914} INFO - Processing file /opt/airflow/dags/dag_etl_cocktails.py for tasks to queue
[2024-09-16T00:42:43.024+0000] {logging_mixin.py:190} INFO - [2024-09-16T00:42:43.019+0000] {dagbag.py:587} INFO - Filling up the DagBag from /opt/airflow/dags/dag_etl_cocktails.py
[2024-09-16T00:42:43.313+0000] {logging_mixin.py:190} INFO - [2024-09-16T00:42:43.273+0000] {dagbag.py:386} ERROR - Failed to import: /opt/airflow/dags/dag_etl_cocktails.py
Traceback (most recent call last):
  File "/home/airflow/.local/lib/python3.12/site-packages/airflow/models/dagbag.py", line 382, in parse
    loader.exec_module(new_module)
  File "<frozen importlib._bootstrap_external>", line 995, in exec_module
  File "<frozen importlib._bootstrap>", line 488, in _call_with_frames_removed
  File "/opt/airflow/dags/dag_etl_cocktails.py", line 6, in <module>
    from modules.obtencion_datos import llamado_api
ModuleNotFoundError: No module named 'modules.obtencion_datos'
[2024-09-16T00:42:43.321+0000] {processor.py:927} WARNING - No viable dags retrieved from /opt/airflow/dags/dag_etl_cocktails.py
[2024-09-16T00:42:43.714+0000] {processor.py:208} INFO - Processing /opt/airflow/dags/dag_etl_cocktails.py took 1.102 seconds
[2024-09-16T00:43:15.157+0000] {processor.py:186} INFO - Started process (PID=81) to work on /opt/airflow/dags/dag_etl_cocktails.py
[2024-09-16T00:43:15.161+0000] {processor.py:914} INFO - Processing file /opt/airflow/dags/dag_etl_cocktails.py for tasks to queue
[2024-09-16T00:43:15.173+0000] {logging_mixin.py:190} INFO - [2024-09-16T00:43:15.166+0000] {dagbag.py:587} INFO - Filling up the DagBag from /opt/airflow/dags/dag_etl_cocktails.py
[2024-09-16T00:43:16.093+0000] {logging_mixin.py:190} INFO - [2024-09-16T00:43:16.075+0000] {dagbag.py:386} ERROR - Failed to import: /opt/airflow/dags/dag_etl_cocktails.py
Traceback (most recent call last):
  File "/home/airflow/.local/lib/python3.12/site-packages/airflow/models/dagbag.py", line 382, in parse
    loader.exec_module(new_module)
  File "<frozen importlib._bootstrap_external>", line 995, in exec_module
  File "<frozen importlib._bootstrap>", line 488, in _call_with_frames_removed
  File "/opt/airflow/dags/dag_etl_cocktails.py", line 6, in <module>
    from modules.obtencion_datos import llamado_api
ModuleNotFoundError: No module named 'modules.obtencion_datos'
[2024-09-16T00:43:16.099+0000] {processor.py:927} WARNING - No viable dags retrieved from /opt/airflow/dags/dag_etl_cocktails.py
[2024-09-16T00:43:16.754+0000] {processor.py:208} INFO - Processing /opt/airflow/dags/dag_etl_cocktails.py took 1.640 seconds
[2024-09-16T00:43:47.043+0000] {processor.py:186} INFO - Started process (PID=89) to work on /opt/airflow/dags/dag_etl_cocktails.py
[2024-09-16T00:43:47.046+0000] {processor.py:914} INFO - Processing file /opt/airflow/dags/dag_etl_cocktails.py for tasks to queue
[2024-09-16T00:43:47.050+0000] {logging_mixin.py:190} INFO - [2024-09-16T00:43:47.050+0000] {dagbag.py:587} INFO - Filling up the DagBag from /opt/airflow/dags/dag_etl_cocktails.py
[2024-09-16T00:43:47.142+0000] {logging_mixin.py:190} INFO - [2024-09-16T00:43:47.098+0000] {dagbag.py:386} ERROR - Failed to import: /opt/airflow/dags/dag_etl_cocktails.py
Traceback (most recent call last):
  File "/home/airflow/.local/lib/python3.12/site-packages/airflow/models/dagbag.py", line 382, in parse
    loader.exec_module(new_module)
  File "<frozen importlib._bootstrap_external>", line 995, in exec_module
  File "<frozen importlib._bootstrap>", line 488, in _call_with_frames_removed
  File "/opt/airflow/dags/dag_etl_cocktails.py", line 6, in <module>
    from modules.obtencion_datos import llamado_api
ModuleNotFoundError: No module named 'modules.obtencion_datos'
[2024-09-16T00:43:47.148+0000] {processor.py:927} WARNING - No viable dags retrieved from /opt/airflow/dags/dag_etl_cocktails.py
[2024-09-16T00:43:47.199+0000] {processor.py:208} INFO - Processing /opt/airflow/dags/dag_etl_cocktails.py took 0.172 seconds
