[2024-09-15T23:32:10.411+0000] {processor.py:186} INFO - Started process (PID=63) to work on /opt/airflow/dags/__init__.py
[2024-09-15T23:32:10.413+0000] {processor.py:914} INFO - Processing file /opt/airflow/dags/__init__.py for tasks to queue
[2024-09-15T23:32:10.417+0000] {logging_mixin.py:190} INFO - [2024-09-15T23:32:10.416+0000] {dagbag.py:587} INFO - Filling up the DagBag from /opt/airflow/dags/__init__.py
[2024-09-15T23:32:14.458+0000] {processor.py:927} WARNING - No viable dags retrieved from /opt/airflow/dags/__init__.py
[2024-09-15T23:32:14.504+0000] {processor.py:208} INFO - Processing /opt/airflow/dags/__init__.py took 4.098 seconds
[2024-09-15T23:32:44.848+0000] {processor.py:186} INFO - Started process (PID=73) to work on /opt/airflow/dags/__init__.py
[2024-09-15T23:32:44.850+0000] {processor.py:914} INFO - Processing file /opt/airflow/dags/__init__.py for tasks to queue
[2024-09-15T23:32:44.856+0000] {logging_mixin.py:190} INFO - [2024-09-15T23:32:44.854+0000] {dagbag.py:587} INFO - Filling up the DagBag from /opt/airflow/dags/__init__.py
[2024-09-15T23:32:48.435+0000] {processor.py:927} WARNING - No viable dags retrieved from /opt/airflow/dags/__init__.py
[2024-09-15T23:32:48.451+0000] {processor.py:208} INFO - Processing /opt/airflow/dags/__init__.py took 3.614 seconds
[2024-09-15T23:33:19.133+0000] {processor.py:186} INFO - Started process (PID=81) to work on /opt/airflow/dags/__init__.py
[2024-09-15T23:33:19.135+0000] {processor.py:914} INFO - Processing file /opt/airflow/dags/__init__.py for tasks to queue
[2024-09-15T23:33:19.139+0000] {logging_mixin.py:190} INFO - [2024-09-15T23:33:19.138+0000] {dagbag.py:587} INFO - Filling up the DagBag from /opt/airflow/dags/__init__.py
[2024-09-15T23:33:19.687+0000] {processor.py:927} WARNING - No viable dags retrieved from /opt/airflow/dags/__init__.py
[2024-09-15T23:33:19.704+0000] {processor.py:208} INFO - Processing /opt/airflow/dags/__init__.py took 0.578 seconds
[2024-09-15T23:33:50.216+0000] {processor.py:186} INFO - Started process (PID=90) to work on /opt/airflow/dags/__init__.py
[2024-09-15T23:33:50.218+0000] {processor.py:914} INFO - Processing file /opt/airflow/dags/__init__.py for tasks to queue
[2024-09-15T23:33:50.222+0000] {logging_mixin.py:190} INFO - [2024-09-15T23:33:50.221+0000] {dagbag.py:587} INFO - Filling up the DagBag from /opt/airflow/dags/__init__.py
[2024-09-15T23:33:50.835+0000] {processor.py:927} WARNING - No viable dags retrieved from /opt/airflow/dags/__init__.py
[2024-09-15T23:33:50.849+0000] {processor.py:208} INFO - Processing /opt/airflow/dags/__init__.py took 0.639 seconds
[2024-09-15T23:34:21.666+0000] {processor.py:186} INFO - Started process (PID=99) to work on /opt/airflow/dags/__init__.py
[2024-09-15T23:34:21.667+0000] {processor.py:914} INFO - Processing file /opt/airflow/dags/__init__.py for tasks to queue
[2024-09-15T23:34:21.675+0000] {logging_mixin.py:190} INFO - [2024-09-15T23:34:21.674+0000] {dagbag.py:587} INFO - Filling up the DagBag from /opt/airflow/dags/__init__.py
[2024-09-15T23:34:29.000+0000] {processor.py:927} WARNING - No viable dags retrieved from /opt/airflow/dags/__init__.py
[2024-09-15T23:34:29.033+0000] {processor.py:208} INFO - Processing /opt/airflow/dags/__init__.py took 7.376 seconds
[2024-09-15T23:34:59.518+0000] {processor.py:186} INFO - Started process (PID=108) to work on /opt/airflow/dags/__init__.py
[2024-09-15T23:34:59.519+0000] {processor.py:914} INFO - Processing file /opt/airflow/dags/__init__.py for tasks to queue
[2024-09-15T23:34:59.524+0000] {logging_mixin.py:190} INFO - [2024-09-15T23:34:59.523+0000] {dagbag.py:587} INFO - Filling up the DagBag from /opt/airflow/dags/__init__.py
[2024-09-15T23:35:00.529+0000] {processor.py:927} WARNING - No viable dags retrieved from /opt/airflow/dags/__init__.py
[2024-09-15T23:35:00.559+0000] {processor.py:208} INFO - Processing /opt/airflow/dags/__init__.py took 1.047 seconds
[2024-09-15T23:35:30.992+0000] {processor.py:186} INFO - Started process (PID=118) to work on /opt/airflow/dags/__init__.py
[2024-09-15T23:35:30.993+0000] {processor.py:914} INFO - Processing file /opt/airflow/dags/__init__.py for tasks to queue
[2024-09-15T23:35:30.997+0000] {logging_mixin.py:190} INFO - [2024-09-15T23:35:30.996+0000] {dagbag.py:587} INFO - Filling up the DagBag from /opt/airflow/dags/__init__.py
[2024-09-15T23:38:07.208+0000] {processor.py:186} INFO - Started process (PID=63) to work on /opt/airflow/dags/__init__.py
[2024-09-15T23:38:07.262+0000] {processor.py:914} INFO - Processing file /opt/airflow/dags/__init__.py for tasks to queue
[2024-09-15T23:38:08.426+0000] {logging_mixin.py:190} INFO - [2024-09-15T23:38:08.425+0000] {dagbag.py:587} INFO - Filling up the DagBag from /opt/airflow/dags/__init__.py
[2024-09-15T23:38:12.679+0000] {processor.py:927} WARNING - No viable dags retrieved from /opt/airflow/dags/__init__.py
[2024-09-15T23:38:12.700+0000] {processor.py:208} INFO - Processing /opt/airflow/dags/__init__.py took 6.024 seconds
[2024-09-15T23:38:44.486+0000] {processor.py:186} INFO - Started process (PID=73) to work on /opt/airflow/dags/__init__.py
[2024-09-15T23:38:44.491+0000] {processor.py:914} INFO - Processing file /opt/airflow/dags/__init__.py for tasks to queue
[2024-09-15T23:38:44.546+0000] {logging_mixin.py:190} INFO - [2024-09-15T23:38:44.542+0000] {dagbag.py:587} INFO - Filling up the DagBag from /opt/airflow/dags/__init__.py
[2024-09-15T23:38:50.132+0000] {processor.py:927} WARNING - No viable dags retrieved from /opt/airflow/dags/__init__.py
[2024-09-15T23:38:50.155+0000] {processor.py:208} INFO - Processing /opt/airflow/dags/__init__.py took 5.772 seconds
[2024-09-15T23:39:20.826+0000] {processor.py:186} INFO - Started process (PID=83) to work on /opt/airflow/dags/__init__.py
[2024-09-15T23:39:20.827+0000] {processor.py:914} INFO - Processing file /opt/airflow/dags/__init__.py for tasks to queue
[2024-09-15T23:39:20.829+0000] {logging_mixin.py:190} INFO - [2024-09-15T23:39:20.829+0000] {dagbag.py:587} INFO - Filling up the DagBag from /opt/airflow/dags/__init__.py
[2024-09-15T23:39:22.598+0000] {processor.py:927} WARNING - No viable dags retrieved from /opt/airflow/dags/__init__.py
[2024-09-15T23:39:22.663+0000] {processor.py:208} INFO - Processing /opt/airflow/dags/__init__.py took 1.844 seconds
[2024-09-15T23:39:53.127+0000] {processor.py:186} INFO - Started process (PID=93) to work on /opt/airflow/dags/__init__.py
[2024-09-15T23:39:53.129+0000] {processor.py:914} INFO - Processing file /opt/airflow/dags/__init__.py for tasks to queue
[2024-09-15T23:39:53.132+0000] {logging_mixin.py:190} INFO - [2024-09-15T23:39:53.131+0000] {dagbag.py:587} INFO - Filling up the DagBag from /opt/airflow/dags/__init__.py
[2024-09-15T23:39:53.762+0000] {processor.py:927} WARNING - No viable dags retrieved from /opt/airflow/dags/__init__.py
[2024-09-15T23:39:53.780+0000] {processor.py:208} INFO - Processing /opt/airflow/dags/__init__.py took 0.660 seconds
[2024-09-15T23:40:24.197+0000] {processor.py:186} INFO - Started process (PID=103) to work on /opt/airflow/dags/__init__.py
[2024-09-15T23:40:24.199+0000] {processor.py:914} INFO - Processing file /opt/airflow/dags/__init__.py for tasks to queue
[2024-09-15T23:40:24.202+0000] {logging_mixin.py:190} INFO - [2024-09-15T23:40:24.201+0000] {dagbag.py:587} INFO - Filling up the DagBag from /opt/airflow/dags/__init__.py
[2024-09-15T23:40:24.652+0000] {processor.py:927} WARNING - No viable dags retrieved from /opt/airflow/dags/__init__.py
[2024-09-15T23:40:24.664+0000] {processor.py:208} INFO - Processing /opt/airflow/dags/__init__.py took 0.471 seconds
[2024-09-15T23:40:55.124+0000] {processor.py:186} INFO - Started process (PID=114) to work on /opt/airflow/dags/__init__.py
[2024-09-15T23:40:55.126+0000] {processor.py:914} INFO - Processing file /opt/airflow/dags/__init__.py for tasks to queue
[2024-09-15T23:40:55.128+0000] {logging_mixin.py:190} INFO - [2024-09-15T23:40:55.128+0000] {dagbag.py:587} INFO - Filling up the DagBag from /opt/airflow/dags/__init__.py
[2024-09-15T23:40:55.603+0000] {processor.py:927} WARNING - No viable dags retrieved from /opt/airflow/dags/__init__.py
[2024-09-15T23:40:55.615+0000] {processor.py:208} INFO - Processing /opt/airflow/dags/__init__.py took 0.496 seconds
[2024-09-15T23:41:27.699+0000] {processor.py:186} INFO - Started process (PID=128) to work on /opt/airflow/dags/__init__.py
[2024-09-15T23:41:27.709+0000] {processor.py:914} INFO - Processing file /opt/airflow/dags/__init__.py for tasks to queue
[2024-09-15T23:41:27.789+0000] {logging_mixin.py:190} INFO - [2024-09-15T23:41:27.767+0000] {dagbag.py:587} INFO - Filling up the DagBag from /opt/airflow/dags/__init__.py
[2024-09-15T23:41:47.137+0000] {processor.py:927} WARNING - No viable dags retrieved from /opt/airflow/dags/__init__.py
[2024-09-15T23:41:47.193+0000] {processor.py:208} INFO - Processing /opt/airflow/dags/__init__.py took 19.747 seconds
[2024-09-15T23:42:35.275+0000] {processor.py:186} INFO - Started process (PID=144) to work on /opt/airflow/dags/__init__.py
[2024-09-15T23:42:35.313+0000] {processor.py:914} INFO - Processing file /opt/airflow/dags/__init__.py for tasks to queue
[2024-09-15T23:42:35.842+0000] {logging_mixin.py:190} INFO - [2024-09-15T23:42:35.814+0000] {dagbag.py:587} INFO - Filling up the DagBag from /opt/airflow/dags/__init__.py
[2024-09-15T23:43:57.519+0000] {processor.py:186} INFO - Started process (PID=166) to work on /opt/airflow/dags/__init__.py
[2024-09-15T23:43:57.592+0000] {processor.py:914} INFO - Processing file /opt/airflow/dags/__init__.py for tasks to queue
[2024-09-15T23:43:57.596+0000] {logging_mixin.py:190} INFO - [2024-09-15T23:43:57.595+0000] {dagbag.py:587} INFO - Filling up the DagBag from /opt/airflow/dags/__init__.py
[2024-09-15T23:44:46.819+0000] {logging_mixin.py:190} INFO - [2024-09-15T23:44:46.812+0000] {timeout.py:68} ERROR - Process timed out, PID: 166
[2024-09-15T23:44:46.822+0000] {logging_mixin.py:190} WARNING - Exception ignored in: <function WeakKeyDictionary.__init__.<locals>.remove at 0x7f1bc94ee980>
[2024-09-15T23:44:46.824+0000] {logging_mixin.py:190} WARNING - Traceback (most recent call last):
[2024-09-15T23:44:46.825+0000] {logging_mixin.py:190} WARNING -   File "/usr/local/lib/python3.12/weakref.py", line 369, in remove
[2024-09-15T23:44:46.831+0000] {logging_mixin.py:190} WARNING -     def remove(k, selfref=ref(self)):
[2024-09-15T23:44:46.834+0000] {logging_mixin.py:190} WARNING -   File "/home/airflow/.local/lib/python3.12/site-packages/airflow/utils/timeout.py", line 69, in handle_timeout
[2024-09-15T23:44:46.836+0000] {logging_mixin.py:190} WARNING -     raise AirflowTaskTimeout(self.error_message)
[2024-09-15T23:44:46.839+0000] {logging_mixin.py:190} WARNING - airflow.exceptions.AirflowTaskTimeout: DagBag import timeout for /opt/airflow/dags/__init__.py after 30.0s.
Please take a look at these docs to improve your DAG import time:
* https://airflow.apache.org/docs/apache-airflow/2.10.1/best-practices.html#top-level-python-code
* https://airflow.apache.org/docs/apache-airflow/2.10.1/best-practices.html#reducing-dag-complexity, PID: 166
[2024-09-15T23:45:18.438+0000] {processor.py:186} INFO - Started process (PID=183) to work on /opt/airflow/dags/__init__.py
[2024-09-15T23:45:18.445+0000] {processor.py:914} INFO - Processing file /opt/airflow/dags/__init__.py for tasks to queue
[2024-09-15T23:45:18.455+0000] {logging_mixin.py:190} INFO - [2024-09-15T23:45:18.453+0000] {dagbag.py:587} INFO - Filling up the DagBag from /opt/airflow/dags/__init__.py
[2024-09-15T23:45:28.715+0000] {processor.py:927} WARNING - No viable dags retrieved from /opt/airflow/dags/__init__.py
[2024-09-15T23:45:28.783+0000] {processor.py:208} INFO - Processing /opt/airflow/dags/__init__.py took 10.413 seconds
[2024-09-15T23:46:05.893+0000] {processor.py:186} INFO - Started process (PID=198) to work on /opt/airflow/dags/__init__.py
[2024-09-15T23:46:05.936+0000] {processor.py:914} INFO - Processing file /opt/airflow/dags/__init__.py for tasks to queue
[2024-09-15T23:46:06.002+0000] {logging_mixin.py:190} INFO - [2024-09-15T23:46:05.979+0000] {dagbag.py:587} INFO - Filling up the DagBag from /opt/airflow/dags/__init__.py
[2024-09-15T23:46:42.452+0000] {logging_mixin.py:190} INFO - [2024-09-15T23:46:42.450+0000] {timeout.py:68} ERROR - Process timed out, PID: 198
[2024-09-15T23:46:42.460+0000] {logging_mixin.py:190} WARNING - Exception ignored in: <function WeakKeyDictionary.__init__.<locals>.remove at 0x7f1bc94ee980>
[2024-09-15T23:46:42.462+0000] {logging_mixin.py:190} WARNING - Traceback (most recent call last):
[2024-09-15T23:46:42.470+0000] {logging_mixin.py:190} WARNING -   File "/usr/local/lib/python3.12/weakref.py", line 369, in remove
[2024-09-15T23:46:42.474+0000] {logging_mixin.py:190} WARNING -     def remove(k, selfref=ref(self)):
[2024-09-15T23:46:42.481+0000] {logging_mixin.py:190} WARNING -   File "/home/airflow/.local/lib/python3.12/site-packages/airflow/utils/timeout.py", line 69, in handle_timeout
[2024-09-15T23:46:42.501+0000] {logging_mixin.py:190} WARNING -     raise AirflowTaskTimeout(self.error_message)
[2024-09-15T23:46:42.510+0000] {logging_mixin.py:190} WARNING - airflow.exceptions.AirflowTaskTimeout: DagBag import timeout for /opt/airflow/dags/__init__.py after 30.0s.
Please take a look at these docs to improve your DAG import time:
* https://airflow.apache.org/docs/apache-airflow/2.10.1/best-practices.html#top-level-python-code
* https://airflow.apache.org/docs/apache-airflow/2.10.1/best-practices.html#reducing-dag-complexity, PID: 198
[2024-09-15T23:46:45.955+0000] {processor.py:927} WARNING - No viable dags retrieved from /opt/airflow/dags/__init__.py
[2024-09-15T23:46:46.053+0000] {processor.py:208} INFO - Processing /opt/airflow/dags/__init__.py took 40.924 seconds
[2024-09-15T23:47:16.886+0000] {processor.py:186} INFO - Started process (PID=224) to work on /opt/airflow/dags/__init__.py
[2024-09-15T23:47:16.908+0000] {processor.py:914} INFO - Processing file /opt/airflow/dags/__init__.py for tasks to queue
[2024-09-15T23:47:16.944+0000] {logging_mixin.py:190} INFO - [2024-09-15T23:47:16.931+0000] {dagbag.py:587} INFO - Filling up the DagBag from /opt/airflow/dags/__init__.py
[2024-09-15T23:47:37.741+0000] {processor.py:927} WARNING - No viable dags retrieved from /opt/airflow/dags/__init__.py
[2024-09-15T23:47:37.854+0000] {processor.py:208} INFO - Processing /opt/airflow/dags/__init__.py took 21.222 seconds
[2024-09-15T23:48:12.651+0000] {processor.py:186} INFO - Started process (PID=235) to work on /opt/airflow/dags/__init__.py
[2024-09-15T23:48:12.738+0000] {processor.py:914} INFO - Processing file /opt/airflow/dags/__init__.py for tasks to queue
[2024-09-15T23:48:12.938+0000] {logging_mixin.py:190} INFO - [2024-09-15T23:48:12.937+0000] {dagbag.py:587} INFO - Filling up the DagBag from /opt/airflow/dags/__init__.py
[2024-09-15T23:48:28.609+0000] {processor.py:927} WARNING - No viable dags retrieved from /opt/airflow/dags/__init__.py
[2024-09-15T23:48:29.288+0000] {processor.py:208} INFO - Processing /opt/airflow/dags/__init__.py took 20.524 seconds
[2024-09-15T23:49:00.976+0000] {processor.py:186} INFO - Started process (PID=259) to work on /opt/airflow/dags/__init__.py
[2024-09-15T23:49:00.994+0000] {processor.py:914} INFO - Processing file /opt/airflow/dags/__init__.py for tasks to queue
[2024-09-15T23:49:01.025+0000] {logging_mixin.py:190} INFO - [2024-09-15T23:49:01.022+0000] {dagbag.py:587} INFO - Filling up the DagBag from /opt/airflow/dags/__init__.py
[2024-09-15T23:49:09.133+0000] {processor.py:927} WARNING - No viable dags retrieved from /opt/airflow/dags/__init__.py
[2024-09-15T23:49:09.224+0000] {processor.py:208} INFO - Processing /opt/airflow/dags/__init__.py took 8.602 seconds
[2024-09-15T23:49:40.284+0000] {processor.py:186} INFO - Started process (PID=271) to work on /opt/airflow/dags/__init__.py
[2024-09-15T23:49:40.287+0000] {processor.py:914} INFO - Processing file /opt/airflow/dags/__init__.py for tasks to queue
[2024-09-15T23:49:40.294+0000] {logging_mixin.py:190} INFO - [2024-09-15T23:49:40.292+0000] {dagbag.py:587} INFO - Filling up the DagBag from /opt/airflow/dags/__init__.py
[2024-09-15T23:49:43.569+0000] {processor.py:927} WARNING - No viable dags retrieved from /opt/airflow/dags/__init__.py
[2024-09-15T23:49:43.596+0000] {processor.py:208} INFO - Processing /opt/airflow/dags/__init__.py took 3.377 seconds
[2024-09-15T23:50:14.353+0000] {processor.py:186} INFO - Started process (PID=281) to work on /opt/airflow/dags/__init__.py
[2024-09-15T23:50:14.355+0000] {processor.py:914} INFO - Processing file /opt/airflow/dags/__init__.py for tasks to queue
[2024-09-15T23:50:14.357+0000] {logging_mixin.py:190} INFO - [2024-09-15T23:50:14.356+0000] {dagbag.py:587} INFO - Filling up the DagBag from /opt/airflow/dags/__init__.py
[2024-09-15T23:50:14.915+0000] {processor.py:927} WARNING - No viable dags retrieved from /opt/airflow/dags/__init__.py
[2024-09-15T23:50:14.926+0000] {processor.py:208} INFO - Processing /opt/airflow/dags/__init__.py took 0.578 seconds
[2024-09-15T23:50:45.379+0000] {processor.py:186} INFO - Started process (PID=291) to work on /opt/airflow/dags/__init__.py
[2024-09-15T23:50:45.382+0000] {processor.py:914} INFO - Processing file /opt/airflow/dags/__init__.py for tasks to queue
[2024-09-15T23:50:45.386+0000] {logging_mixin.py:190} INFO - [2024-09-15T23:50:45.385+0000] {dagbag.py:587} INFO - Filling up the DagBag from /opt/airflow/dags/__init__.py
[2024-09-15T23:50:48.027+0000] {processor.py:927} WARNING - No viable dags retrieved from /opt/airflow/dags/__init__.py
[2024-09-15T23:50:48.040+0000] {processor.py:208} INFO - Processing /opt/airflow/dags/__init__.py took 2.679 seconds
[2024-09-15T23:51:18.336+0000] {processor.py:186} INFO - Started process (PID=301) to work on /opt/airflow/dags/__init__.py
[2024-09-15T23:51:18.338+0000] {processor.py:914} INFO - Processing file /opt/airflow/dags/__init__.py for tasks to queue
[2024-09-15T23:51:18.340+0000] {logging_mixin.py:190} INFO - [2024-09-15T23:51:18.340+0000] {dagbag.py:587} INFO - Filling up the DagBag from /opt/airflow/dags/__init__.py
[2024-09-15T23:51:18.949+0000] {processor.py:927} WARNING - No viable dags retrieved from /opt/airflow/dags/__init__.py
[2024-09-15T23:51:18.962+0000] {processor.py:208} INFO - Processing /opt/airflow/dags/__init__.py took 0.634 seconds
[2024-09-15T23:51:49.431+0000] {processor.py:186} INFO - Started process (PID=311) to work on /opt/airflow/dags/__init__.py
[2024-09-15T23:51:49.433+0000] {processor.py:914} INFO - Processing file /opt/airflow/dags/__init__.py for tasks to queue
[2024-09-15T23:51:49.435+0000] {logging_mixin.py:190} INFO - [2024-09-15T23:51:49.434+0000] {dagbag.py:587} INFO - Filling up the DagBag from /opt/airflow/dags/__init__.py
[2024-09-15T23:51:50.088+0000] {processor.py:927} WARNING - No viable dags retrieved from /opt/airflow/dags/__init__.py
[2024-09-15T23:51:50.102+0000] {processor.py:208} INFO - Processing /opt/airflow/dags/__init__.py took 0.680 seconds
[2024-09-15T23:52:20.721+0000] {processor.py:186} INFO - Started process (PID=330) to work on /opt/airflow/dags/__init__.py
[2024-09-15T23:52:20.740+0000] {processor.py:914} INFO - Processing file /opt/airflow/dags/__init__.py for tasks to queue
[2024-09-15T23:52:20.782+0000] {logging_mixin.py:190} INFO - [2024-09-15T23:52:20.771+0000] {dagbag.py:587} INFO - Filling up the DagBag from /opt/airflow/dags/__init__.py
[2024-09-15T23:52:33.702+0000] {processor.py:927} WARNING - No viable dags retrieved from /opt/airflow/dags/__init__.py
[2024-09-15T23:52:33.786+0000] {processor.py:208} INFO - Processing /opt/airflow/dags/__init__.py took 13.278 seconds
[2024-09-15T23:55:03.786+0000] {processor.py:186} INFO - Started process (PID=63) to work on /opt/airflow/dags/__init__.py
[2024-09-15T23:55:03.788+0000] {processor.py:914} INFO - Processing file /opt/airflow/dags/__init__.py for tasks to queue
[2024-09-15T23:55:03.800+0000] {logging_mixin.py:190} INFO - [2024-09-15T23:55:03.799+0000] {dagbag.py:587} INFO - Filling up the DagBag from /opt/airflow/dags/__init__.py
[2024-09-15T23:55:17.331+0000] {processor.py:927} WARNING - No viable dags retrieved from /opt/airflow/dags/__init__.py
[2024-09-15T23:55:17.396+0000] {processor.py:208} INFO - Processing /opt/airflow/dags/__init__.py took 13.621 seconds
[2024-09-15T23:55:48.399+0000] {processor.py:186} INFO - Started process (PID=83) to work on /opt/airflow/dags/__init__.py
[2024-09-15T23:55:48.402+0000] {processor.py:914} INFO - Processing file /opt/airflow/dags/__init__.py for tasks to queue
[2024-09-15T23:55:48.417+0000] {logging_mixin.py:190} INFO - [2024-09-15T23:55:48.415+0000] {dagbag.py:587} INFO - Filling up the DagBag from /opt/airflow/dags/__init__.py
[2024-09-15T23:55:49.871+0000] {processor.py:927} WARNING - No viable dags retrieved from /opt/airflow/dags/__init__.py
[2024-09-15T23:55:49.890+0000] {processor.py:208} INFO - Processing /opt/airflow/dags/__init__.py took 1.510 seconds
[2024-09-15T23:56:21.312+0000] {processor.py:186} INFO - Started process (PID=93) to work on /opt/airflow/dags/__init__.py
[2024-09-15T23:56:21.317+0000] {processor.py:914} INFO - Processing file /opt/airflow/dags/__init__.py for tasks to queue
[2024-09-15T23:56:21.321+0000] {logging_mixin.py:190} INFO - [2024-09-15T23:56:21.321+0000] {dagbag.py:587} INFO - Filling up the DagBag from /opt/airflow/dags/__init__.py
[2024-09-15T23:56:21.985+0000] {processor.py:927} WARNING - No viable dags retrieved from /opt/airflow/dags/__init__.py
[2024-09-15T23:56:21.996+0000] {processor.py:208} INFO - Processing /opt/airflow/dags/__init__.py took 0.688 seconds
[2024-09-15T23:56:52.135+0000] {processor.py:186} INFO - Started process (PID=110) to work on /opt/airflow/dags/__init__.py
[2024-09-15T23:56:52.149+0000] {processor.py:914} INFO - Processing file /opt/airflow/dags/__init__.py for tasks to queue
[2024-09-15T23:56:52.160+0000] {logging_mixin.py:190} INFO - [2024-09-15T23:56:52.160+0000] {dagbag.py:587} INFO - Filling up the DagBag from /opt/airflow/dags/__init__.py
[2024-09-15T23:56:52.732+0000] {processor.py:927} WARNING - No viable dags retrieved from /opt/airflow/dags/__init__.py
[2024-09-15T23:56:52.747+0000] {processor.py:208} INFO - Processing /opt/airflow/dags/__init__.py took 0.620 seconds
[2024-09-15T23:57:23.252+0000] {processor.py:186} INFO - Started process (PID=120) to work on /opt/airflow/dags/__init__.py
[2024-09-15T23:57:23.261+0000] {processor.py:914} INFO - Processing file /opt/airflow/dags/__init__.py for tasks to queue
[2024-09-15T23:57:23.282+0000] {logging_mixin.py:190} INFO - [2024-09-15T23:57:23.277+0000] {dagbag.py:587} INFO - Filling up the DagBag from /opt/airflow/dags/__init__.py
[2024-09-15T23:57:29.566+0000] {processor.py:927} WARNING - No viable dags retrieved from /opt/airflow/dags/__init__.py
[2024-09-15T23:57:29.601+0000] {processor.py:208} INFO - Processing /opt/airflow/dags/__init__.py took 6.586 seconds
