[2024-09-15T23:41:57.321+0000] {local_task_job_runner.py:123} INFO - ::group::Pre task execution logs
[2024-09-15T23:45:41.552+0000] {taskinstance.py:2612} INFO - Dependencies all met for dep_context=non-requeueable deps ti=<TaskInstance: etl-cocktails.obtencion-operator scheduled__2024-09-07T00:00:00+00:00 [queued]>
[2024-09-15T23:45:42.005+0000] {taskinstance.py:2612} INFO - Dependencies all met for dep_context=requeueable deps ti=<TaskInstance: etl-cocktails.obtencion-operator scheduled__2024-09-07T00:00:00+00:00 [queued]>
[2024-09-15T23:45:42.008+0000] {taskinstance.py:2865} INFO - Starting attempt 1 of 4
[2024-09-15T23:45:42.492+0000] {taskinstance.py:2888} INFO - Executing <Task(PythonOperator): obtencion-operator> on 2024-09-07 00:00:00+00:00
[2024-09-15T23:45:45.235+0000] {warnings.py:112} WARNING - /home/***/.local/lib/python3.12/site-packages/***/task/task_runner/standard_task_runner.py:70: DeprecationWarning: This process (pid=120) is multi-threaded, use of fork() may lead to deadlocks in the child.
  pid = os.fork()

[2024-09-15T23:45:45.301+0000] {standard_task_runner.py:72} INFO - Started process 184 to run task
[2024-09-15T23:45:45.381+0000] {standard_task_runner.py:104} INFO - Running: ['***', 'tasks', 'run', 'etl-cocktails', 'obtencion-operator', 'scheduled__2024-09-07T00:00:00+00:00', '--job-id', '102', '--raw', '--subdir', 'DAGS_FOLDER/dag_etl_cocktails.py', '--cfg-path', '/tmp/tmpjlu7tgk6']
[2024-09-15T23:45:45.560+0000] {standard_task_runner.py:105} INFO - Job 102: Subtask obtencion-operator
[2024-09-15T23:45:47.127+0000] {task_command.py:467} INFO - Running <TaskInstance: etl-cocktails.obtencion-operator scheduled__2024-09-07T00:00:00+00:00 [running]> on host ef974a20a248
[2024-09-15T23:45:49.125+0000] {taskinstance.py:3131} INFO - Exporting env vars: AIRFLOW_CTX_DAG_OWNER='juansaobento' AIRFLOW_CTX_DAG_ID='etl-cocktails' AIRFLOW_CTX_TASK_ID='obtencion-operator' AIRFLOW_CTX_EXECUTION_DATE='2024-09-07T00:00:00+00:00' AIRFLOW_CTX_TRY_NUMBER='1' AIRFLOW_CTX_DAG_RUN_ID='scheduled__2024-09-07T00:00:00+00:00'
[2024-09-15T23:45:49.128+0000] {taskinstance.py:731} INFO - ::endgroup::
[2024-09-15T23:45:50.593+0000] {job.py:229} INFO - Heartbeat recovered after 234.19 seconds
[2024-09-15T23:45:52.077+0000] {python.py:240} INFO - Done. Returned value was:   idDrink     strDrink  ... strCreativeCommonsConfirmed dateModified
0  178364  Vodka Tonic  ...                          No         None

[1 rows x 51 columns]
[2024-09-15T23:45:55.626+0000] {taskinstance.py:340} INFO - ::group::Post task execution logs
[2024-09-15T23:45:55.640+0000] {taskinstance.py:352} INFO - Marking task as SUCCESS. dag_id=etl-cocktails, task_id=obtencion-operator, run_id=scheduled__2024-09-07T00:00:00+00:00, execution_date=20240907T000000, start_date=20240915T234541, end_date=20240915T234555
[2024-09-15T23:45:56.172+0000] {local_task_job_runner.py:266} INFO - Task exited with return code 0
[2024-09-15T23:45:57.154+0000] {taskinstance.py:3900} INFO - 1 downstream tasks scheduled from follow-on schedule check
[2024-09-15T23:45:57.180+0000] {local_task_job_runner.py:245} INFO - ::endgroup::
[2024-09-15T23:46:01.381+0000] {standard_task_runner.py:217} INFO - Process not found (most likely exited), stop collecting metrics
