[2024-09-15T23:42:05.297+0000] {local_task_job_runner.py:123} INFO - ::group::Pre task execution logs
[2024-09-15T23:42:05.847+0000] {taskinstance.py:2612} INFO - Dependencies all met for dep_context=non-requeueable deps ti=<TaskInstance: etl-cocktails.obtencion-operator scheduled__2024-08-27T00:00:00+00:00 [queued]>
[2024-09-15T23:42:06.091+0000] {taskinstance.py:2612} INFO - Dependencies all met for dep_context=requeueable deps ti=<TaskInstance: etl-cocktails.obtencion-operator scheduled__2024-08-27T00:00:00+00:00 [queued]>
[2024-09-15T23:42:06.093+0000] {taskinstance.py:2865} INFO - Starting attempt 1 of 4
[2024-09-15T23:48:02.646+0000] {taskinstance.py:2888} INFO - Executing <Task(PythonOperator): obtencion-operator> on 2024-08-27 00:00:00+00:00
[2024-09-15T23:48:04.088+0000] {warnings.py:112} WARNING - /home/***/.local/lib/python3.12/site-packages/***/task/task_runner/standard_task_runner.py:70: DeprecationWarning: This process (pid=100) is multi-threaded, use of fork() may lead to deadlocks in the child.
  pid = os.fork()

[2024-09-15T23:48:04.419+0000] {standard_task_runner.py:72} INFO - Started process 240 to run task
[2024-09-15T23:48:04.198+0000] {standard_task_runner.py:104} INFO - Running: ['***', 'tasks', 'run', 'etl-cocktails', 'obtencion-operator', 'scheduled__2024-08-27T00:00:00+00:00', '--job-id', '109', '--raw', '--subdir', 'DAGS_FOLDER/dag_etl_cocktails.py', '--cfg-path', '/tmp/tmpmyu1b7dg']
[2024-09-15T23:48:04.747+0000] {standard_task_runner.py:105} INFO - Job 109: Subtask obtencion-operator
[2024-09-15T23:48:13.321+0000] {task_command.py:467} INFO - Running <TaskInstance: etl-cocktails.obtencion-operator scheduled__2024-08-27T00:00:00+00:00 [running]> on host ef974a20a248
[2024-09-15T23:48:13.719+0000] {job.py:229} INFO - Heartbeat recovered after 374.03 seconds
[2024-09-15T23:48:17.833+0000] {taskinstance.py:3131} INFO - Exporting env vars: AIRFLOW_CTX_DAG_OWNER='juansaobento' AIRFLOW_CTX_DAG_ID='etl-cocktails' AIRFLOW_CTX_TASK_ID='obtencion-operator' AIRFLOW_CTX_EXECUTION_DATE='2024-08-27T00:00:00+00:00' AIRFLOW_CTX_TRY_NUMBER='1' AIRFLOW_CTX_DAG_RUN_ID='scheduled__2024-08-27T00:00:00+00:00'
[2024-09-15T23:48:17.950+0000] {taskinstance.py:731} INFO - ::endgroup::
[2024-09-15T23:48:22.475+0000] {python.py:240} INFO - Done. Returned value was:   idDrink          strDrink  ... strCreativeCommonsConfirmed         dateModified
0   11604  Kentucky Colonel  ...                          No  2016-11-10 23:25:48

[1 rows x 51 columns]
[2024-09-15T23:48:32.721+0000] {taskinstance.py:340} INFO - ::group::Post task execution logs
[2024-09-15T23:48:32.744+0000] {taskinstance.py:352} INFO - Marking task as SUCCESS. dag_id=etl-cocktails, task_id=obtencion-operator, run_id=scheduled__2024-08-27T00:00:00+00:00, execution_date=20240827T000000, start_date=20240915T234205, end_date=20240915T234832
[2024-09-15T23:48:33.048+0000] {local_task_job_runner.py:266} INFO - Task exited with return code 0
[2024-09-15T23:48:34.341+0000] {taskinstance.py:3900} INFO - 1 downstream tasks scheduled from follow-on schedule check
[2024-09-15T23:48:34.352+0000] {local_task_job_runner.py:245} INFO - ::endgroup::
