[2024-09-15T23:46:26.272+0000] {local_task_job_runner.py:123} INFO - ::group::Pre task execution logs
[2024-09-15T23:46:41.613+0000] {taskinstance.py:2612} INFO - Dependencies all met for dep_context=non-requeueable deps ti=<TaskInstance: etl-cocktails.obtencion-operator manual__2024-09-15T23:41:10.622687+00:00 [queued]>
[2024-09-15T23:48:55.526+0000] {taskinstance.py:2612} INFO - Dependencies all met for dep_context=requeueable deps ti=<TaskInstance: etl-cocktails.obtencion-operator manual__2024-09-15T23:41:10.622687+00:00 [queued]>
[2024-09-15T23:48:55.563+0000] {taskinstance.py:2865} INFO - Starting attempt 2 of 4
[2024-09-15T23:48:55.874+0000] {taskinstance.py:2888} INFO - Executing <Task(PythonOperator): obtencion-operator> on 2024-09-15 23:41:10.622687+00:00
[2024-09-15T23:48:56.070+0000] {warnings.py:112} WARNING - /home/***/.local/lib/python3.12/site-packages/***/task/task_runner/standard_task_runner.py:70: DeprecationWarning: This process (pid=171) is multi-threaded, use of fork() may lead to deadlocks in the child.
  pid = os.fork()

[2024-09-15T23:48:56.331+0000] {standard_task_runner.py:72} INFO - Started process 271 to run task
[2024-09-15T23:48:56.129+0000] {standard_task_runner.py:104} INFO - Running: ['***', 'tasks', 'run', 'etl-cocktails', 'obtencion-operator', 'manual__2024-09-15T23:41:10.622687+00:00', '--job-id', '113', '--raw', '--subdir', 'DAGS_FOLDER/dag_etl_cocktails.py', '--cfg-path', '/tmp/tmppm6vmp6x']
[2024-09-15T23:48:56.398+0000] {standard_task_runner.py:105} INFO - Job 113: Subtask obtencion-operator
[2024-09-15T23:48:57.252+0000] {task_command.py:467} INFO - Running <TaskInstance: etl-cocktails.obtencion-operator manual__2024-09-15T23:41:10.622687+00:00 [running]> on host ef974a20a248
[2024-09-15T23:48:59.004+0000] {taskinstance.py:3131} INFO - Exporting env vars: AIRFLOW_CTX_DAG_OWNER='juansaobento' AIRFLOW_CTX_DAG_ID='etl-cocktails' AIRFLOW_CTX_TASK_ID='obtencion-operator' AIRFLOW_CTX_EXECUTION_DATE='2024-09-15T23:41:10.622687+00:00' AIRFLOW_CTX_TRY_NUMBER='2' AIRFLOW_CTX_DAG_RUN_ID='manual__2024-09-15T23:41:10.622687+00:00'
[2024-09-15T23:48:59.028+0000] {taskinstance.py:731} INFO - ::endgroup::
[2024-09-15T23:49:00.006+0000] {python.py:240} INFO - Done. Returned value was:   idDrink strDrink  ... strCreativeCommonsConfirmed         dateModified
0   17255   Gimlet  ...                          No  2017-12-19 18:14:32

[1 rows x 51 columns]
[2024-09-15T23:49:01.589+0000] {job.py:229} INFO - Heartbeat recovered after 156.03 seconds
[2024-09-15T23:49:01.933+0000] {taskinstance.py:340} INFO - ::group::Post task execution logs
[2024-09-15T23:49:01.940+0000] {taskinstance.py:352} INFO - Marking task as SUCCESS. dag_id=etl-cocktails, task_id=obtencion-operator, run_id=manual__2024-09-15T23:41:10.622687+00:00, execution_date=20240915T234110, start_date=20240915T234641, end_date=20240915T234901
[2024-09-15T23:49:02.019+0000] {local_task_job_runner.py:266} INFO - Task exited with return code 0
[2024-09-15T23:49:02.076+0000] {taskinstance.py:3900} INFO - 1 downstream tasks scheduled from follow-on schedule check
[2024-09-15T23:49:02.086+0000] {local_task_job_runner.py:245} INFO - ::endgroup::
