[2024-09-15T23:46:58.767+0000] {local_task_job_runner.py:123} INFO - ::group::Pre task execution logs
[2024-09-15T23:47:02.270+0000] {taskinstance.py:2612} INFO - Dependencies all met for dep_context=non-requeueable deps ti=<TaskInstance: etl-cocktails.obtencion-operator scheduled__2024-08-31T00:00:00+00:00 [queued]>
[2024-09-15T23:47:02.636+0000] {taskinstance.py:2612} INFO - Dependencies all met for dep_context=requeueable deps ti=<TaskInstance: etl-cocktails.obtencion-operator scheduled__2024-08-31T00:00:00+00:00 [queued]>
[2024-09-15T23:47:02.641+0000] {taskinstance.py:2865} INFO - Starting attempt 1 of 4
[2024-09-15T23:47:03.135+0000] {taskinstance.py:2888} INFO - Executing <Task(PythonOperator): obtencion-operator> on 2024-08-31 00:00:00+00:00
[2024-09-15T23:47:03.740+0000] {warnings.py:112} WARNING - /home/***/.local/lib/python3.12/site-packages/***/task/task_runner/standard_task_runner.py:70: DeprecationWarning: This process (pid=108) is multi-threaded, use of fork() may lead to deadlocks in the child.
  pid = os.fork()

[2024-09-15T23:47:03.845+0000] {standard_task_runner.py:72} INFO - Started process 212 to run task
[2024-09-15T23:47:04.007+0000] {standard_task_runner.py:104} INFO - Running: ['***', 'tasks', 'run', 'etl-cocktails', 'obtencion-operator', 'scheduled__2024-08-31T00:00:00+00:00', '--job-id', '105', '--raw', '--subdir', 'DAGS_FOLDER/dag_etl_cocktails.py', '--cfg-path', '/tmp/tmp4ghmswe1']
[2024-09-15T23:47:04.192+0000] {standard_task_runner.py:105} INFO - Job 105: Subtask obtencion-operator
[2024-09-15T23:47:06.480+0000] {task_command.py:467} INFO - Running <TaskInstance: etl-cocktails.obtencion-operator scheduled__2024-08-31T00:00:00+00:00 [running]> on host ef974a20a248
[2024-09-15T23:47:08.354+0000] {taskinstance.py:3131} INFO - Exporting env vars: AIRFLOW_CTX_DAG_OWNER='juansaobento' AIRFLOW_CTX_DAG_ID='etl-cocktails' AIRFLOW_CTX_TASK_ID='obtencion-operator' AIRFLOW_CTX_EXECUTION_DATE='2024-08-31T00:00:00+00:00' AIRFLOW_CTX_TRY_NUMBER='1' AIRFLOW_CTX_DAG_RUN_ID='scheduled__2024-08-31T00:00:00+00:00'
[2024-09-15T23:47:08.362+0000] {taskinstance.py:731} INFO - ::endgroup::
[2024-09-15T23:47:10.053+0000] {job.py:229} INFO - Heartbeat recovered after 313.14 seconds
[2024-09-15T23:47:12.748+0000] {python.py:240} INFO - Done. Returned value was:   idDrink  ...         dateModified
0   12716  ...  2017-02-20 15:12:01

[1 rows x 51 columns]
[2024-09-15T23:47:31.359+0000] {job.py:229} INFO - Heartbeat recovered after 10.78 seconds
[2024-09-15T23:47:30.453+0000] {taskinstance.py:340} INFO - ::group::Post task execution logs
[2024-09-15T23:47:32.728+0000] {taskinstance.py:352} INFO - Marking task as SUCCESS. dag_id=etl-cocktails, task_id=obtencion-operator, run_id=scheduled__2024-08-31T00:00:00+00:00, execution_date=20240831T000000, start_date=20240915T234702, end_date=20240915T234732
[2024-09-15T23:47:37.210+0000] {local_task_job_runner.py:266} INFO - Task exited with return code 0
[2024-09-15T23:47:38.527+0000] {taskinstance.py:3900} INFO - 1 downstream tasks scheduled from follow-on schedule check
[2024-09-15T23:47:38.541+0000] {local_task_job_runner.py:245} INFO - ::endgroup::
[2024-09-15T23:47:39.596+0000] {standard_task_runner.py:217} INFO - Process not found (most likely exited), stop collecting metrics
